TpTrace Verbose: 0 : 20136, 1, 2022/12/20, 17:16:57.772, 24040431768, vstest.console.dll, Version: 17.4.0-release-20221019-01 Current process architecture: X64
TpTrace Verbose: 0 : 20136, 1, 2022/12/20, 17:16:57.774, 24040448174, vstest.console.dll, Runtime location: C:\Program Files\dotnet\shared\Microsoft.NETCore.App\7.0.0
TpTrace Verbose: 0 : 20136, 1, 2022/12/20, 17:16:57.778, 24040484241, vstest.console.dll, ArtifactProcessingPostProcessModeProcessorExecutor.Initialize: ArtifactProcessingMode.Collect
TpTrace Verbose: 0 : 20136, 1, 2022/12/20, 17:16:57.778, 24040485690, vstest.console.dll, TestSessionCorrelationIdProcessorModeProcessorExecutor.Initialize: TestSessionCorrelationId '11940_1adba523-6d4c-46d3-b169-6c0f8dcf4bc1'
TpTrace Information: 0 : 20136, 1, 2022/12/20, 17:16:57.786, 24040565466, vstest.console.dll, FilePatternParser: The given file D:\C#\final\SpendLess\UnitTests\bin\Debug\net7.0\fine-code-coverage\build-output\Tests.dll is a full path.
TpTrace Verbose: 0 : 20136, 1, 2022/12/20, 17:16:57.793, 24040634588, vstest.console.dll, TestPluginCache.DiscoverTestExtensions: finding test extensions in assemblies ends with: RuntimeProvider.dll TPluginInfo: Microsoft.VisualStudio.TestPlatform.Common.ExtensionFramework.Utilities.TestRuntimePluginInformation TExtension: Microsoft.VisualStudio.TestPlatform.ObjectModel.Host.ITestRuntimeProvider
TpTrace Verbose: 0 : 20136, 1, 2022/12/20, 17:16:57.793, 24040636564, vstest.console.dll, TestPluginCache.GetExtensionPaths: Filtered extension paths: 
TpTrace Verbose: 0 : 20136, 1, 2022/12/20, 17:16:57.793, 24040637111, vstest.console.dll, TestPluginCache.GetExtensionPaths: Added default extension paths: C:\Program Files\dotnet\sdk\7.0.100\Extensions\Microsoft.Diagnostics.NETCore.Client.dll
C:\Program Files\dotnet\sdk\7.0.100\Extensions\Microsoft.TestPlatform.Extensions.BlameDataCollector.dll
C:\Program Files\dotnet\sdk\7.0.100\Extensions\Microsoft.TestPlatform.Extensions.EventLogCollector.dll
C:\Program Files\dotnet\sdk\7.0.100\Extensions\Microsoft.TestPlatform.TestHostRuntimeProvider.dll
C:\Program Files\dotnet\sdk\7.0.100\Extensions\Microsoft.VisualStudio.TestPlatform.Extensions.Html.TestLogger.dll
C:\Program Files\dotnet\sdk\7.0.100\Extensions\Microsoft.VisualStudio.TestPlatform.Extensions.Trx.TestLogger.dll
TpTrace Verbose: 0 : 20136, 1, 2022/12/20, 17:16:57.793, 24040637332, vstest.console.dll, TestPluginCache.GetExtensionPaths: Added unfilterableExtensionPaths: 
TpTrace Information: 0 : 20136, 1, 2022/12/20, 17:16:57.794, 24040644177, vstest.console.dll, AssemblyResolver.ctor: Creating AssemblyResolver with searchDirectories C:\Program Files\dotnet\sdk\7.0.100\Extensions,C:\Program Files\dotnet\sdk\7.0.100
TpTrace Verbose: 0 : 20136, 1, 2022/12/20, 17:16:57.795, 24040653016, vstest.console.dll, TestPluginCache.DiscoverTestExtensions: Discovering the extensions using extension path.
TpTrace Verbose: 0 : 20136, 1, 2022/12/20, 17:16:57.795, 24040654178, vstest.console.dll, TestPluginCache.GetExtensionPaths: Filtered extension paths: 
TpTrace Verbose: 0 : 20136, 1, 2022/12/20, 17:16:57.795, 24040654627, vstest.console.dll, TestPluginCache.GetExtensionPaths: Added default extension paths: C:\Program Files\dotnet\sdk\7.0.100\Extensions\Microsoft.Diagnostics.NETCore.Client.dll
C:\Program Files\dotnet\sdk\7.0.100\Extensions\Microsoft.TestPlatform.Extensions.BlameDataCollector.dll
C:\Program Files\dotnet\sdk\7.0.100\Extensions\Microsoft.TestPlatform.Extensions.EventLogCollector.dll
C:\Program Files\dotnet\sdk\7.0.100\Extensions\Microsoft.TestPlatform.TestHostRuntimeProvider.dll
C:\Program Files\dotnet\sdk\7.0.100\Extensions\Microsoft.VisualStudio.TestPlatform.Extensions.Html.TestLogger.dll
C:\Program Files\dotnet\sdk\7.0.100\Extensions\Microsoft.VisualStudio.TestPlatform.Extensions.Trx.TestLogger.dll
TpTrace Verbose: 0 : 20136, 1, 2022/12/20, 17:16:57.795, 24040654852, vstest.console.dll, TestPluginCache.GetExtensionPaths: Added unfilterableExtensionPaths: 
TpTrace Verbose: 0 : 20136, 1, 2022/12/20, 17:16:57.795, 24040655642, vstest.console.dll, TestPluginCache.DiscoverTestExtensions: Discovering the extensions using allExtensionPaths: C:\Program Files\dotnet\sdk\7.0.100\Extensions\Microsoft.Diagnostics.NETCore.Client.dll
C:\Program Files\dotnet\sdk\7.0.100\Extensions\Microsoft.TestPlatform.Extensions.BlameDataCollector.dll
C:\Program Files\dotnet\sdk\7.0.100\Extensions\Microsoft.TestPlatform.Extensions.EventLogCollector.dll
C:\Program Files\dotnet\sdk\7.0.100\Extensions\Microsoft.TestPlatform.TestHostRuntimeProvider.dll
C:\Program Files\dotnet\sdk\7.0.100\Extensions\Microsoft.VisualStudio.TestPlatform.Extensions.Html.TestLogger.dll
C:\Program Files\dotnet\sdk\7.0.100\Extensions\Microsoft.VisualStudio.TestPlatform.Extensions.Trx.TestLogger.dll
TpTrace Information: 0 : 20136, 1, 2022/12/20, 17:16:57.795, 24040656891, vstest.console.dll, AssemblyResolver.AddSearchDirectories: Adding more searchDirectories C:\Program Files\dotnet\sdk\7.0.100\Extensions,C:\Program Files\dotnet\sdk\7.0.100
TpTrace Information: 0 : 20136, 1, 2022/12/20, 17:16:57.795, 24040657246, vstest.console.dll, AssemblyResolver.AddSearchDirectories: Adding more searchDirectories C:\Program Files\dotnet\sdk\7.0.100\Extensions,C:\Program Files\dotnet\sdk\7.0.100
TpTrace Information: 0 : 20136, 1, 2022/12/20, 17:16:57.795, 24040657461, vstest.console.dll, AssemblyResolver.AddSearchDirectories: Adding more searchDirectories C:\Program Files\dotnet\sdk\7.0.100\Extensions,C:\Program Files\dotnet\sdk\7.0.100
TpTrace Information: 0 : 20136, 1, 2022/12/20, 17:16:57.795, 24040657613, vstest.console.dll, AssemblyResolver.AddSearchDirectories: Adding more searchDirectories C:\Program Files\dotnet\sdk\7.0.100\Extensions,C:\Program Files\dotnet\sdk\7.0.100
TpTrace Information: 0 : 20136, 1, 2022/12/20, 17:16:57.795, 24040657762, vstest.console.dll, AssemblyResolver.AddSearchDirectories: Adding more searchDirectories C:\Program Files\dotnet\sdk\7.0.100\Extensions,C:\Program Files\dotnet\sdk\7.0.100
TpTrace Information: 0 : 20136, 1, 2022/12/20, 17:16:57.795, 24040657935, vstest.console.dll, AssemblyResolver.AddSearchDirectories: Adding more searchDirectories C:\Program Files\dotnet\sdk\7.0.100\Extensions,C:\Program Files\dotnet\sdk\7.0.100
TpTrace Information: 0 : 20136, 1, 2022/12/20, 17:16:57.795, 24040661082, vstest.console.dll, AssemblyResolver.OnResolve: Microsoft.Diagnostics.NETCore.Client: Resolving assembly.
TpTrace Information: 0 : 20136, 1, 2022/12/20, 17:16:57.795, 24040661563, vstest.console.dll, AssemblyResolver.OnResolve: Microsoft.Diagnostics.NETCore.Client: Searching in: 'C:\Program Files\dotnet\sdk\7.0.100\Extensions'.
TpTrace Information: 0 : 20136, 1, 2022/12/20, 17:16:57.801, 24040715199, vstest.console.dll, AssemblyResolver.OnResolve: Microsoft.Diagnostics.NETCore.Client: Loading assembly 'C:\Program Files\dotnet\sdk\7.0.100\Extensions\Microsoft.Diagnostics.NETCore.Client.dll'.
TpTrace Information: 0 : 20136, 1, 2022/12/20, 17:16:57.802, 24040730896, vstest.console.dll, AssemblyResolver.OnResolve: Resolved assembly: Microsoft.Diagnostics.NETCore.Client, from path: C:\Program Files\dotnet\sdk\7.0.100\Extensions\Microsoft.Diagnostics.NETCore.Client.dll
TpTrace Verbose: 0 : 20136, 1, 2022/12/20, 17:16:57.804, 24040744465, vstest.console.dll, MetadataReaderExtensionsHelper: Discovering extensions inside assembly 'Microsoft.Diagnostics.NETCore.Client, Version=0.2.6.42401, Culture=neutral, PublicKeyToken=31bf3856ad364e35' file path 'C:\Program Files\dotnet\sdk\7.0.100\Extensions\Microsoft.Diagnostics.NETCore.Client.dll'
TpTrace Information: 0 : 20136, 1, 2022/12/20, 17:16:57.808, 24040785828, vstest.console.dll, AssemblyResolver.OnResolve: Microsoft.Bcl.AsyncInterfaces: Resolving assembly.
TpTrace Information: 0 : 20136, 1, 2022/12/20, 17:16:57.808, 24040786789, vstest.console.dll, AssemblyResolver.OnResolve: Microsoft.Bcl.AsyncInterfaces: Searching in: 'C:\Program Files\dotnet\sdk\7.0.100\Extensions'.
TpTrace Information: 0 : 20136, 1, 2022/12/20, 17:16:57.808, 24040787456, vstest.console.dll, AssemblyResolver.OnResolve: Microsoft.Bcl.AsyncInterfaces: Assembly path does not exist: 'C:\Program Files\dotnet\sdk\7.0.100\Extensions\Microsoft.Bcl.AsyncInterfaces.dll', returning.
TpTrace Information: 0 : 20136, 1, 2022/12/20, 17:16:57.808, 24040788391, vstest.console.dll, AssemblyResolver.OnResolve: Microsoft.Bcl.AsyncInterfaces: Assembly path does not exist: 'C:\Program Files\dotnet\sdk\7.0.100\Extensions\Microsoft.Bcl.AsyncInterfaces.exe', returning.
TpTrace Information: 0 : 20136, 1, 2022/12/20, 17:16:57.808, 24040788814, vstest.console.dll, AssemblyResolver.OnResolve: Microsoft.Bcl.AsyncInterfaces: Searching in: 'C:\Program Files\dotnet\sdk\7.0.100'.
TpTrace Information: 0 : 20136, 1, 2022/12/20, 17:16:57.808, 24040789314, vstest.console.dll, AssemblyResolver.OnResolve: Microsoft.Bcl.AsyncInterfaces: Assembly path does not exist: 'C:\Program Files\dotnet\sdk\7.0.100\Microsoft.Bcl.AsyncInterfaces.dll', returning.
TpTrace Information: 0 : 20136, 1, 2022/12/20, 17:16:57.808, 24040789709, vstest.console.dll, AssemblyResolver.OnResolve: Microsoft.Bcl.AsyncInterfaces: Assembly path does not exist: 'C:\Program Files\dotnet\sdk\7.0.100\Microsoft.Bcl.AsyncInterfaces.exe', returning.
TpTrace Information: 0 : 20136, 1, 2022/12/20, 17:16:57.808, 24040789973, vstest.console.dll, AssemblyResolver.OnResolve: Microsoft.Bcl.AsyncInterfaces: Failed to load assembly.
TpTrace Verbose: 0 : 20136, 1, 2022/12/20, 17:16:57.808, 24040790350, vstest.console.dll, CurrentDomainAssemblyResolve: Resolving assembly 'Microsoft.Bcl.AsyncInterfaces'.
TpTrace Information: 0 : 20136, 1, 2022/12/20, 17:16:57.808, 24040791044, vstest.console.dll, AssemblyResolver.OnResolve: Microsoft.Bcl.AsyncInterfaces: Resolving assembly.
TpTrace Information: 0 : 20136, 1, 2022/12/20, 17:16:57.808, 24040791399, vstest.console.dll, AssemblyResolver.OnResolve: Microsoft.Bcl.AsyncInterfaces: Resolved from cache.
TpTrace Verbose: 0 : 20136, 1, 2022/12/20, 17:16:57.808, 24040791642, vstest.console.dll, CurrentDomainAssemblyResolve: Resolving assembly 'Microsoft.Bcl.AsyncInterfaces'.
TpTrace Verbose: 0 : 20136, 1, 2022/12/20, 17:16:57.808, 24040791946, vstest.console.dll, CurrentDomainAssemblyResolve: Failed to resolve assembly 'Microsoft.Bcl.AsyncInterfaces'.
TpTrace Verbose: 0 : 20136, 1, 2022/12/20, 17:16:57.812, 24040826243, vstest.console.dll, CurrentDomainAssemblyResolve: Failed to resolve assembly 'Microsoft.Bcl.AsyncInterfaces'.
TpTrace Warning: 0 : 20136, 1, 2022/12/20, 17:16:57.819, 24040896448, vstest.console.dll, TestPluginDiscoverer: Failed to get types from assembly 'Microsoft.Diagnostics.NETCore.Client, Version=0.2.6.42401, Culture=neutral, PublicKeyToken=31bf3856ad364e35'. Error: System.Reflection.ReflectionTypeLoadException: Unable to load one or more of the requested types.
Could not load file or assembly 'Microsoft.Bcl.AsyncInterfaces, Version=1.0.0.0, Culture=neutral, PublicKeyToken=cc7b13ffcd2ddd51'. The system cannot find the file specified.
   at System.Reflection.RuntimeModule.GetTypes(RuntimeModule module)
   at System.Reflection.Assembly.GetTypes()
   at Microsoft.VisualStudio.TestPlatform.Common.ExtensionFramework.TestPluginDiscoverer.GetTestExtensionsFromAssembly[TPluginInfo,TExtension](Assembly assembly, Dictionary`2 pluginInfos, String filePath)
System.IO.FileNotFoundException: Could not load file or assembly 'Microsoft.Bcl.AsyncInterfaces, Version=1.0.0.0, Culture=neutral, PublicKeyToken=cc7b13ffcd2ddd51'. The system cannot find the file specified.
File name: 'Microsoft.Bcl.AsyncInterfaces, Version=1.0.0.0, Culture=neutral, PublicKeyToken=cc7b13ffcd2ddd51'
 ---> System.IO.FileNotFoundException: Could not load file or assembly 'Microsoft.Bcl.AsyncInterfaces, Culture=neutral, PublicKeyToken=null'. The system cannot find the file specified.
File name: 'Microsoft.Bcl.AsyncInterfaces, Culture=neutral, PublicKeyToken=null'
   at System.Reflection.RuntimeAssembly.InternalLoad(AssemblyName assemblyName, StackCrawlMark& stackMark, AssemblyLoadContext assemblyLoadContext, RuntimeAssembly requestingAssembly, Boolean throwOnFileNotFound)
   at System.Reflection.Assembly.Load(AssemblyName assemblyRef)
   at Microsoft.VisualStudio.TestPlatform.Common.ExtensionFramework.TestPluginCache.CurrentDomainAssemblyResolve(Object sender, AssemblyResolveEventArgs args)
   at System.Runtime.Loader.AssemblyLoadContext.GetFirstResolvedAssemblyFromResolvingEvent(AssemblyName assemblyName)
   at System.Runtime.Loader.AssemblyLoadContext.ResolveUsingEvent(AssemblyName assemblyName)
   at System.Runtime.Loader.AssemblyLoadContext.ResolveUsingResolvingEvent(IntPtr gchManagedAssemblyLoadContext, AssemblyName assemblyName)
TpTrace Warning: 0 : 20136, 1, 2022/12/20, 17:16:57.819, 24040899246, vstest.console.dll, LoaderExceptions: System.IO.FileNotFoundException: Could not load file or assembly 'Microsoft.Bcl.AsyncInterfaces, Version=1.0.0.0, Culture=neutral, PublicKeyToken=cc7b13ffcd2ddd51'. The system cannot find the file specified.
File name: 'Microsoft.Bcl.AsyncInterfaces, Version=1.0.0.0, Culture=neutral, PublicKeyToken=cc7b13ffcd2ddd51'
 ---> System.IO.FileNotFoundException: Could not load file or assembly 'Microsoft.Bcl.AsyncInterfaces, Culture=neutral, PublicKeyToken=null'. The system cannot find the file specified.
File name: 'Microsoft.Bcl.AsyncInterfaces, Culture=neutral, PublicKeyToken=null'
   at System.Reflection.RuntimeAssembly.InternalLoad(AssemblyName assemblyName, StackCrawlMark& stackMark, AssemblyLoadContext assemblyLoadContext, RuntimeAssembly requestingAssembly, Boolean throwOnFileNotFound)
   at System.Reflection.Assembly.Load(AssemblyName assemblyRef)
   at Microsoft.VisualStudio.TestPlatform.Common.ExtensionFramework.TestPluginCache.CurrentDomainAssemblyResolve(Object sender, AssemblyResolveEventArgs args)
   at System.Runtime.Loader.AssemblyLoadContext.GetFirstResolvedAssemblyFromResolvingEvent(AssemblyName assemblyName)
   at System.Runtime.Loader.AssemblyLoadContext.ResolveUsingEvent(AssemblyName assemblyName)
   at System.Runtime.Loader.AssemblyLoadContext.ResolveUsingResolvingEvent(IntPtr gchManagedAssemblyLoadContext, AssemblyName assemblyName)
TpTrace Information: 0 : 20136, 1, 2022/12/20, 17:16:57.819, 24040900556, vstest.console.dll, AssemblyResolver.OnResolve: Microsoft.TestPlatform.Extensions.BlameDataCollector: Resolving assembly.
TpTrace Information: 0 : 20136, 1, 2022/12/20, 17:16:57.819, 24040900836, vstest.console.dll, AssemblyResolver.OnResolve: Microsoft.TestPlatform.Extensions.BlameDataCollector: Searching in: 'C:\Program Files\dotnet\sdk\7.0.100\Extensions'.
TpTrace Information: 0 : 20136, 1, 2022/12/20, 17:16:57.820, 24040906465, vstest.console.dll, AssemblyResolver.OnResolve: Microsoft.TestPlatform.Extensions.BlameDataCollector: Loading assembly 'C:\Program Files\dotnet\sdk\7.0.100\Extensions\Microsoft.TestPlatform.Extensions.BlameDataCollector.dll'.
TpTrace Information: 0 : 20136, 1, 2022/12/20, 17:16:57.820, 24040912370, vstest.console.dll, AssemblyResolver.OnResolve: Resolved assembly: Microsoft.TestPlatform.Extensions.BlameDataCollector, from path: C:\Program Files\dotnet\sdk\7.0.100\Extensions\Microsoft.TestPlatform.Extensions.BlameDataCollector.dll
TpTrace Verbose: 0 : 20136, 1, 2022/12/20, 17:16:57.821, 24040913242, vstest.console.dll, MetadataReaderExtensionsHelper: Discovering extensions inside assembly 'Microsoft.TestPlatform.Extensions.BlameDataCollector, Version=15.0.0.0, Culture=neutral, PublicKeyToken=b03f5f7f11d50a3a' file path 'C:\Program Files\dotnet\sdk\7.0.100\Extensions\Microsoft.TestPlatform.Extensions.BlameDataCollector.dll'
TpTrace Information: 0 : 20136, 1, 2022/12/20, 17:16:57.822, 24040928357, vstest.console.dll, AssemblyResolver.OnResolve: Microsoft.TestPlatform.Extensions.EventLogCollector: Resolving assembly.
TpTrace Information: 0 : 20136, 1, 2022/12/20, 17:16:57.822, 24040928795, vstest.console.dll, AssemblyResolver.OnResolve: Microsoft.TestPlatform.Extensions.EventLogCollector: Searching in: 'C:\Program Files\dotnet\sdk\7.0.100\Extensions'.
TpTrace Information: 0 : 20136, 1, 2022/12/20, 17:16:57.822, 24040932077, vstest.console.dll, AssemblyResolver.OnResolve: Microsoft.TestPlatform.Extensions.EventLogCollector: Loading assembly 'C:\Program Files\dotnet\sdk\7.0.100\Extensions\Microsoft.TestPlatform.Extensions.EventLogCollector.dll'.
TpTrace Information: 0 : 20136, 1, 2022/12/20, 17:16:57.823, 24040936127, vstest.console.dll, AssemblyResolver.OnResolve: Resolved assembly: Microsoft.TestPlatform.Extensions.EventLogCollector, from path: C:\Program Files\dotnet\sdk\7.0.100\Extensions\Microsoft.TestPlatform.Extensions.EventLogCollector.dll
TpTrace Verbose: 0 : 20136, 1, 2022/12/20, 17:16:57.823, 24040937105, vstest.console.dll, MetadataReaderExtensionsHelper: Discovering extensions inside assembly 'Microsoft.TestPlatform.Extensions.EventLogCollector, Version=15.0.0.0, Culture=neutral, PublicKeyToken=b03f5f7f11d50a3a' file path 'C:\Program Files\dotnet\sdk\7.0.100\Extensions\Microsoft.TestPlatform.Extensions.EventLogCollector.dll'
TpTrace Information: 0 : 20136, 1, 2022/12/20, 17:16:57.825, 24040958388, vstest.console.dll, AssemblyResolver.OnResolve: Microsoft.TestPlatform.TestHostRuntimeProvider: Resolving assembly.
TpTrace Information: 0 : 20136, 1, 2022/12/20, 17:16:57.825, 24040958986, vstest.console.dll, AssemblyResolver.OnResolve: Microsoft.TestPlatform.TestHostRuntimeProvider: Searching in: 'C:\Program Files\dotnet\sdk\7.0.100\Extensions'.
TpTrace Information: 0 : 20136, 1, 2022/12/20, 17:16:57.825, 24040962220, vstest.console.dll, AssemblyResolver.OnResolve: Microsoft.TestPlatform.TestHostRuntimeProvider: Loading assembly 'C:\Program Files\dotnet\sdk\7.0.100\Extensions\Microsoft.TestPlatform.TestHostRuntimeProvider.dll'.
TpTrace Information: 0 : 20136, 1, 2022/12/20, 17:16:57.826, 24040967423, vstest.console.dll, AssemblyResolver.OnResolve: Resolved assembly: Microsoft.TestPlatform.TestHostRuntimeProvider, from path: C:\Program Files\dotnet\sdk\7.0.100\Extensions\Microsoft.TestPlatform.TestHostRuntimeProvider.dll
TpTrace Verbose: 0 : 20136, 1, 2022/12/20, 17:16:57.826, 24040967928, vstest.console.dll, MetadataReaderExtensionsHelper: Discovering extensions inside assembly 'Microsoft.TestPlatform.TestHostRuntimeProvider, Version=15.0.0.0, Culture=neutral, PublicKeyToken=b03f5f7f11d50a3a' file path 'C:\Program Files\dotnet\sdk\7.0.100\Extensions\Microsoft.TestPlatform.TestHostRuntimeProvider.dll'
TpTrace Information: 0 : 20136, 1, 2022/12/20, 17:16:57.828, 24040982973, vstest.console.dll, GetTestExtensionFromType: Register extension with identifier data 'HostProvider://DefaultTestHost' and type 'Microsoft.VisualStudio.TestPlatform.CrossPlatEngine.Hosting.DefaultTestHostManager, Microsoft.TestPlatform.TestHostRuntimeProvider, Version=15.0.0.0, Culture=neutral, PublicKeyToken=b03f5f7f11d50a3a' inside file 'C:\Program Files\dotnet\sdk\7.0.100\Extensions\Microsoft.TestPlatform.TestHostRuntimeProvider.dll'
TpTrace Information: 0 : 20136, 1, 2022/12/20, 17:16:57.828, 24040984860, vstest.console.dll, GetTestExtensionFromType: Register extension with identifier data 'HostProvider://DotnetTestHost' and type 'Microsoft.VisualStudio.TestPlatform.CrossPlatEngine.Hosting.DotnetTestHostManager, Microsoft.TestPlatform.TestHostRuntimeProvider, Version=15.0.0.0, Culture=neutral, PublicKeyToken=b03f5f7f11d50a3a' inside file 'C:\Program Files\dotnet\sdk\7.0.100\Extensions\Microsoft.TestPlatform.TestHostRuntimeProvider.dll'
TpTrace Information: 0 : 20136, 1, 2022/12/20, 17:16:57.828, 24040985439, vstest.console.dll, AssemblyResolver.OnResolve: Microsoft.VisualStudio.TestPlatform.Extensions.Html.TestLogger: Resolving assembly.
TpTrace Information: 0 : 20136, 1, 2022/12/20, 17:16:57.828, 24040985674, vstest.console.dll, AssemblyResolver.OnResolve: Microsoft.VisualStudio.TestPlatform.Extensions.Html.TestLogger: Searching in: 'C:\Program Files\dotnet\sdk\7.0.100\Extensions'.
TpTrace Information: 0 : 20136, 1, 2022/12/20, 17:16:57.828, 24040989313, vstest.console.dll, AssemblyResolver.OnResolve: Microsoft.VisualStudio.TestPlatform.Extensions.Html.TestLogger: Loading assembly 'C:\Program Files\dotnet\sdk\7.0.100\Extensions\Microsoft.VisualStudio.TestPlatform.Extensions.Html.TestLogger.dll'.
TpTrace Information: 0 : 20136, 1, 2022/12/20, 17:16:57.829, 24040993740, vstest.console.dll, AssemblyResolver.OnResolve: Resolved assembly: Microsoft.VisualStudio.TestPlatform.Extensions.Html.TestLogger, from path: C:\Program Files\dotnet\sdk\7.0.100\Extensions\Microsoft.VisualStudio.TestPlatform.Extensions.Html.TestLogger.dll
TpTrace Verbose: 0 : 20136, 1, 2022/12/20, 17:16:57.829, 24040994294, vstest.console.dll, MetadataReaderExtensionsHelper: Discovering extensions inside assembly 'Microsoft.VisualStudio.TestPlatform.Extensions.Html.TestLogger, Version=15.0.0.0, Culture=neutral, PublicKeyToken=b03f5f7f11d50a3a' file path 'C:\Program Files\dotnet\sdk\7.0.100\Extensions\Microsoft.VisualStudio.TestPlatform.Extensions.Html.TestLogger.dll'
TpTrace Information: 0 : 20136, 1, 2022/12/20, 17:16:57.829, 24040999879, vstest.console.dll, AssemblyResolver.OnResolve: Microsoft.VisualStudio.TestPlatform.Extensions.Trx.TestLogger: Resolving assembly.
TpTrace Information: 0 : 20136, 1, 2022/12/20, 17:16:57.829, 24041000259, vstest.console.dll, AssemblyResolver.OnResolve: Microsoft.VisualStudio.TestPlatform.Extensions.Trx.TestLogger: Searching in: 'C:\Program Files\dotnet\sdk\7.0.100\Extensions'.
TpTrace Information: 0 : 20136, 1, 2022/12/20, 17:16:57.830, 24041005584, vstest.console.dll, AssemblyResolver.OnResolve: Microsoft.VisualStudio.TestPlatform.Extensions.Trx.TestLogger: Loading assembly 'C:\Program Files\dotnet\sdk\7.0.100\Extensions\Microsoft.VisualStudio.TestPlatform.Extensions.Trx.TestLogger.dll'.
TpTrace Information: 0 : 20136, 1, 2022/12/20, 17:16:57.831, 24041012633, vstest.console.dll, AssemblyResolver.OnResolve: Resolved assembly: Microsoft.VisualStudio.TestPlatform.Extensions.Trx.TestLogger, from path: C:\Program Files\dotnet\sdk\7.0.100\Extensions\Microsoft.VisualStudio.TestPlatform.Extensions.Trx.TestLogger.dll
TpTrace Verbose: 0 : 20136, 1, 2022/12/20, 17:16:57.831, 24041013126, vstest.console.dll, MetadataReaderExtensionsHelper: Discovering extensions inside assembly 'Microsoft.VisualStudio.TestPlatform.Extensions.Trx.TestLogger, Version=15.0.0.0, Culture=neutral, PublicKeyToken=b03f5f7f11d50a3a' file path 'C:\Program Files\dotnet\sdk\7.0.100\Extensions\Microsoft.VisualStudio.TestPlatform.Extensions.Trx.TestLogger.dll'
TpTrace Verbose: 0 : 20136, 1, 2022/12/20, 17:16:57.832, 24041022783, vstest.console.dll, TestPluginCache: Discovered the extensions using extension path ''.
TpTrace Verbose: 0 : 20136, 1, 2022/12/20, 17:16:57.832, 24041023227, vstest.console.dll, TestPluginCache: Discoverers are ''.
TpTrace Verbose: 0 : 20136, 1, 2022/12/20, 17:16:57.832, 24041023374, vstest.console.dll, TestPluginCache: Executors are ''.
TpTrace Verbose: 0 : 20136, 1, 2022/12/20, 17:16:57.832, 24041023507, vstest.console.dll, TestPluginCache: Executors2 are ''.
TpTrace Verbose: 0 : 20136, 1, 2022/12/20, 17:16:57.832, 24041023637, vstest.console.dll, TestPluginCache: Setting providers are ''.
TpTrace Verbose: 0 : 20136, 1, 2022/12/20, 17:16:57.832, 24041023766, vstest.console.dll, TestPluginCache: Loggers are ''.
TpTrace Verbose: 0 : 20136, 1, 2022/12/20, 17:16:57.832, 24041024611, vstest.console.dll, TestPluginCache: TestHosts are 'HostProvider://DefaultTestHost,HostProvider://DotnetTestHost'.
TpTrace Verbose: 0 : 20136, 1, 2022/12/20, 17:16:57.832, 24041024865, vstest.console.dll, TestPluginCache: DataCollectors are ''.
TpTrace Information: 0 : 20136, 1, 2022/12/20, 17:16:57.845, 24041155121, vstest.console.dll, RunTestsArgumentProcessor:Execute: Test run is starting.
TpTrace Verbose: 0 : 20136, 1, 2022/12/20, 17:16:57.845, 24041156019, vstest.console.dll, RunTestsArgumentProcessor:Execute: Queuing Test run.
TpTrace Information: 0 : 20136, 1, 2022/12/20, 17:16:57.845, 24041157732, vstest.console.dll, TestRequestManager.RunTests: run tests started.
TpTrace Information: 0 : 20136, 1, 2022/12/20, 17:16:57.846, 24041166597, vstest.console.dll, AssemblyMetadataProvider.GetFrameworkName: Determined framework:'.NETCoreApp,Version=v7.0' for source: 'D:\C#\final\SpendLess\UnitTests\bin\Debug\net7.0\fine-code-coverage\build-output\Tests.dll'
TpTrace Information: 0 : 20136, 1, 2022/12/20, 17:16:57.846, 24041167783, vstest.console.dll, Determined framework for all sources: .NETCoreApp,Version=v7.0
TpTrace Verbose: 0 : 20136, 1, 2022/12/20, 17:16:57.846, 24041170538, vstest.console.dll, TestRequestManager.UpdateRunSettingsIfRequired: Default architecture: X64 IsDefaultTargetArchitecture: True, Current process architecture: X64 OperatingSystem: Windows.
TpTrace Information: 0 : 20136, 1, 2022/12/20, 17:16:57.848, 24041184456, vstest.console.dll, AssemblyMetadataProvider.GetArchitecture: Determined architecture:AnyCPU info for assembly: D:\C#\final\SpendLess\UnitTests\bin\Debug\net7.0\fine-code-coverage\build-output\Tests.dll
TpTrace Information: 0 : 20136, 1, 2022/12/20, 17:16:57.848, 24041184873, vstest.console.dll, Determined platform for source 'D:\C#\final\SpendLess\UnitTests\bin\Debug\net7.0\fine-code-coverage\build-output\Tests.dll' was AnyCPU and it will use the default plaform X64.
TpTrace Information: 0 : 20136, 1, 2022/12/20, 17:16:57.848, 24041185036, vstest.console.dll, None of the sources provided any runnable platform, using the default platform: X64
TpTrace Information: 0 : 20136, 1, 2022/12/20, 17:16:57.848, 24041185685, vstest.console.dll, Platform was updated to 'X64'.
TpTrace Information: 0 : 20136, 1, 2022/12/20, 17:16:57.851, 24041220557, vstest.console.dll, InferRunSettingsHelper.IsTestSettingsEnabled: Unable to navigate to RunSettings/MSTest. Current node: RunSettings
TpTrace Information: 0 : 20136, 1, 2022/12/20, 17:16:57.852, 24041225064, vstest.console.dll, AssemblyResolver.OnResolve: Microsoft.VisualStudio.TestPlatform.Fakes: Resolving assembly.
TpTrace Information: 0 : 20136, 1, 2022/12/20, 17:16:57.852, 24041225451, vstest.console.dll, AssemblyResolver.OnResolve: Microsoft.VisualStudio.TestPlatform.Fakes: Searching in: 'C:\Program Files\dotnet\sdk\7.0.100\Extensions'.
TpTrace Information: 0 : 20136, 1, 2022/12/20, 17:16:57.852, 24041225980, vstest.console.dll, AssemblyResolver.OnResolve: Microsoft.VisualStudio.TestPlatform.Fakes: Assembly path does not exist: 'C:\Program Files\dotnet\sdk\7.0.100\Extensions\Microsoft.VisualStudio.TestPlatform.Fakes.dll', returning.
TpTrace Information: 0 : 20136, 1, 2022/12/20, 17:16:57.852, 24041226318, vstest.console.dll, AssemblyResolver.OnResolve: Microsoft.VisualStudio.TestPlatform.Fakes: Assembly path does not exist: 'C:\Program Files\dotnet\sdk\7.0.100\Extensions\Microsoft.VisualStudio.TestPlatform.Fakes.exe', returning.
TpTrace Information: 0 : 20136, 1, 2022/12/20, 17:16:57.852, 24041226471, vstest.console.dll, AssemblyResolver.OnResolve: Microsoft.VisualStudio.TestPlatform.Fakes: Searching in: 'C:\Program Files\dotnet\sdk\7.0.100'.
TpTrace Information: 0 : 20136, 1, 2022/12/20, 17:16:57.852, 24041226777, vstest.console.dll, AssemblyResolver.OnResolve: Microsoft.VisualStudio.TestPlatform.Fakes: Assembly path does not exist: 'C:\Program Files\dotnet\sdk\7.0.100\Microsoft.VisualStudio.TestPlatform.Fakes.dll', returning.
TpTrace Information: 0 : 20136, 1, 2022/12/20, 17:16:57.852, 24041227048, vstest.console.dll, AssemblyResolver.OnResolve: Microsoft.VisualStudio.TestPlatform.Fakes: Assembly path does not exist: 'C:\Program Files\dotnet\sdk\7.0.100\Microsoft.VisualStudio.TestPlatform.Fakes.exe', returning.
TpTrace Information: 0 : 20136, 1, 2022/12/20, 17:16:57.852, 24041227204, vstest.console.dll, AssemblyResolver.OnResolve: Microsoft.VisualStudio.TestPlatform.Fakes: Failed to load assembly.
TpTrace Information: 0 : 20136, 1, 2022/12/20, 17:16:57.852, 24041228990, vstest.console.dll, Failed to load assembly Microsoft.VisualStudio.TestPlatform.Fakes, Version=17.0.0.0, Culture=neutral. Reason:System.IO.FileNotFoundException: Could not load file or assembly 'Microsoft.VisualStudio.TestPlatform.Fakes, Version=17.0.0.0, Culture=neutral, PublicKeyToken=null'. The system cannot find the file specified.
File name: 'Microsoft.VisualStudio.TestPlatform.Fakes, Version=17.0.0.0, Culture=neutral, PublicKeyToken=null'
   at System.Reflection.RuntimeAssembly.InternalLoad(AssemblyName assemblyName, StackCrawlMark& stackMark, AssemblyLoadContext assemblyLoadContext, RuntimeAssembly requestingAssembly, Boolean throwOnFileNotFound)
   at System.Reflection.Assembly.Load(AssemblyName assemblyRef)
   at Microsoft.VisualStudio.TestPlatform.Common.Utilities.FakesUtilities.LoadTestPlatformAssembly()
TpTrace Verbose: 0 : 20136, 1, 2022/12/20, 17:16:57.855, 24041257407, vstest.console.dll, TestPluginCache.DiscoverTestExtensions: finding test extensions in assemblies ends with: TestLogger.dll TPluginInfo: Microsoft.VisualStudio.TestPlatform.Common.ExtensionFramework.Utilities.TestLoggerPluginInformation TExtension: Microsoft.VisualStudio.TestPlatform.ObjectModel.Client.ITestLogger
TpTrace Verbose: 0 : 20136, 1, 2022/12/20, 17:16:57.855, 24041258321, vstest.console.dll, TestPluginCache.GetExtensionPaths: Filtered extension paths: 
TpTrace Verbose: 0 : 20136, 1, 2022/12/20, 17:16:57.855, 24041258553, vstest.console.dll, TestPluginCache.GetExtensionPaths: Added default extension paths: C:\Program Files\dotnet\sdk\7.0.100\Extensions\Microsoft.Diagnostics.NETCore.Client.dll
C:\Program Files\dotnet\sdk\7.0.100\Extensions\Microsoft.TestPlatform.Extensions.BlameDataCollector.dll
C:\Program Files\dotnet\sdk\7.0.100\Extensions\Microsoft.TestPlatform.Extensions.EventLogCollector.dll
C:\Program Files\dotnet\sdk\7.0.100\Extensions\Microsoft.TestPlatform.TestHostRuntimeProvider.dll
C:\Program Files\dotnet\sdk\7.0.100\Extensions\Microsoft.VisualStudio.TestPlatform.Extensions.Html.TestLogger.dll
C:\Program Files\dotnet\sdk\7.0.100\Extensions\Microsoft.VisualStudio.TestPlatform.Extensions.Trx.TestLogger.dll
TpTrace Verbose: 0 : 20136, 1, 2022/12/20, 17:16:57.855, 24041258764, vstest.console.dll, TestPluginCache.GetExtensionPaths: Added unfilterableExtensionPaths: 
TpTrace Information: 0 : 20136, 1, 2022/12/20, 17:16:57.855, 24041259739, vstest.console.dll, AssemblyResolver.AddSearchDirectories: Adding more searchDirectories C:\Program Files\dotnet\sdk\7.0.100\Extensions,C:\Program Files\dotnet\sdk\7.0.100
TpTrace Verbose: 0 : 20136, 1, 2022/12/20, 17:16:57.855, 24041260014, vstest.console.dll, TestPluginCache.DiscoverTestExtensions: Discovering the extensions using extension path.
TpTrace Verbose: 0 : 20136, 1, 2022/12/20, 17:16:57.855, 24041260200, vstest.console.dll, TestPluginCache.GetExtensionPaths: Filtered extension paths: 
TpTrace Verbose: 0 : 20136, 1, 2022/12/20, 17:16:57.855, 24041260374, vstest.console.dll, TestPluginCache.GetExtensionPaths: Added default extension paths: C:\Program Files\dotnet\sdk\7.0.100\Extensions\Microsoft.Diagnostics.NETCore.Client.dll
C:\Program Files\dotnet\sdk\7.0.100\Extensions\Microsoft.TestPlatform.Extensions.BlameDataCollector.dll
C:\Program Files\dotnet\sdk\7.0.100\Extensions\Microsoft.TestPlatform.Extensions.EventLogCollector.dll
C:\Program Files\dotnet\sdk\7.0.100\Extensions\Microsoft.TestPlatform.TestHostRuntimeProvider.dll
C:\Program Files\dotnet\sdk\7.0.100\Extensions\Microsoft.VisualStudio.TestPlatform.Extensions.Html.TestLogger.dll
C:\Program Files\dotnet\sdk\7.0.100\Extensions\Microsoft.VisualStudio.TestPlatform.Extensions.Trx.TestLogger.dll
TpTrace Verbose: 0 : 20136, 1, 2022/12/20, 17:16:57.855, 24041260527, vstest.console.dll, TestPluginCache.GetExtensionPaths: Added unfilterableExtensionPaths: 
TpTrace Verbose: 0 : 20136, 1, 2022/12/20, 17:16:57.855, 24041260704, vstest.console.dll, TestPluginCache.DiscoverTestExtensions: Discovering the extensions using allExtensionPaths: C:\Program Files\dotnet\sdk\7.0.100\Extensions\Microsoft.Diagnostics.NETCore.Client.dll
C:\Program Files\dotnet\sdk\7.0.100\Extensions\Microsoft.TestPlatform.Extensions.BlameDataCollector.dll
C:\Program Files\dotnet\sdk\7.0.100\Extensions\Microsoft.TestPlatform.Extensions.EventLogCollector.dll
C:\Program Files\dotnet\sdk\7.0.100\Extensions\Microsoft.TestPlatform.TestHostRuntimeProvider.dll
C:\Program Files\dotnet\sdk\7.0.100\Extensions\Microsoft.VisualStudio.TestPlatform.Extensions.Html.TestLogger.dll
C:\Program Files\dotnet\sdk\7.0.100\Extensions\Microsoft.VisualStudio.TestPlatform.Extensions.Trx.TestLogger.dll
TpTrace Information: 0 : 20136, 1, 2022/12/20, 17:16:57.855, 24041260931, vstest.console.dll, AssemblyResolver.AddSearchDirectories: Adding more searchDirectories C:\Program Files\dotnet\sdk\7.0.100\Extensions,C:\Program Files\dotnet\sdk\7.0.100
TpTrace Information: 0 : 20136, 1, 2022/12/20, 17:16:57.855, 24041261490, vstest.console.dll, AssemblyResolver.AddSearchDirectories: Adding more searchDirectories C:\Program Files\dotnet\sdk\7.0.100\Extensions,C:\Program Files\dotnet\sdk\7.0.100
TpTrace Information: 0 : 20136, 1, 2022/12/20, 17:16:57.855, 24041261688, vstest.console.dll, AssemblyResolver.AddSearchDirectories: Adding more searchDirectories C:\Program Files\dotnet\sdk\7.0.100\Extensions,C:\Program Files\dotnet\sdk\7.0.100
TpTrace Information: 0 : 20136, 1, 2022/12/20, 17:16:57.855, 24041261838, vstest.console.dll, AssemblyResolver.AddSearchDirectories: Adding more searchDirectories C:\Program Files\dotnet\sdk\7.0.100\Extensions,C:\Program Files\dotnet\sdk\7.0.100
TpTrace Information: 0 : 20136, 1, 2022/12/20, 17:16:57.855, 24041262001, vstest.console.dll, AssemblyResolver.AddSearchDirectories: Adding more searchDirectories C:\Program Files\dotnet\sdk\7.0.100\Extensions,C:\Program Files\dotnet\sdk\7.0.100
TpTrace Information: 0 : 20136, 1, 2022/12/20, 17:16:57.855, 24041262152, vstest.console.dll, AssemblyResolver.AddSearchDirectories: Adding more searchDirectories C:\Program Files\dotnet\sdk\7.0.100\Extensions,C:\Program Files\dotnet\sdk\7.0.100
TpTrace Verbose: 0 : 20136, 1, 2022/12/20, 17:16:57.856, 24041262884, vstest.console.dll, MetadataReaderExtensionsHelper: Discovering extensions inside assembly 'Microsoft.Diagnostics.NETCore.Client, Version=0.2.6.42401, Culture=neutral, PublicKeyToken=31bf3856ad364e35' file path 'C:\Program Files\dotnet\sdk\7.0.100\Extensions\Microsoft.Diagnostics.NETCore.Client.dll'
TpTrace Information: 0 : 20136, 1, 2022/12/20, 17:16:57.856, 24041268299, vstest.console.dll, AssemblyResolver.OnResolve: Microsoft.Bcl.AsyncInterfaces: Resolving assembly.
TpTrace Information: 0 : 20136, 1, 2022/12/20, 17:16:57.856, 24041268749, vstest.console.dll, AssemblyResolver.OnResolve: Microsoft.Bcl.AsyncInterfaces: Resolved from cache.
TpTrace Verbose: 0 : 20136, 1, 2022/12/20, 17:16:57.856, 24041268923, vstest.console.dll, CurrentDomainAssemblyResolve: Resolving assembly 'Microsoft.Bcl.AsyncInterfaces'.
TpTrace Information: 0 : 20136, 1, 2022/12/20, 17:16:57.856, 24041269219, vstest.console.dll, AssemblyResolver.OnResolve: Microsoft.Bcl.AsyncInterfaces: Resolving assembly.
TpTrace Information: 0 : 20136, 1, 2022/12/20, 17:16:57.856, 24041269368, vstest.console.dll, AssemblyResolver.OnResolve: Microsoft.Bcl.AsyncInterfaces: Resolved from cache.
TpTrace Verbose: 0 : 20136, 1, 2022/12/20, 17:16:57.856, 24041269506, vstest.console.dll, CurrentDomainAssemblyResolve: Resolving assembly 'Microsoft.Bcl.AsyncInterfaces'.
TpTrace Verbose: 0 : 20136, 1, 2022/12/20, 17:16:57.856, 24041269643, vstest.console.dll, CurrentDomainAssemblyResolve: Failed to resolve assembly 'Microsoft.Bcl.AsyncInterfaces'.
TpTrace Verbose: 0 : 20136, 1, 2022/12/20, 17:16:57.856, 24041270681, vstest.console.dll, CurrentDomainAssemblyResolve: Failed to resolve assembly 'Microsoft.Bcl.AsyncInterfaces'.
TpTrace Warning: 0 : 20136, 1, 2022/12/20, 17:16:57.857, 24041272819, vstest.console.dll, TestPluginDiscoverer: Failed to get types from assembly 'Microsoft.Diagnostics.NETCore.Client, Version=0.2.6.42401, Culture=neutral, PublicKeyToken=31bf3856ad364e35'. Error: System.Reflection.ReflectionTypeLoadException: Unable to load one or more of the requested types.
Could not load file or assembly 'Microsoft.Bcl.AsyncInterfaces, Version=1.0.0.0, Culture=neutral, PublicKeyToken=cc7b13ffcd2ddd51'. The system cannot find the file specified.
   at System.Reflection.RuntimeModule.GetTypes(RuntimeModule module)
   at System.Reflection.Assembly.GetTypes()
   at Microsoft.VisualStudio.TestPlatform.Common.ExtensionFramework.TestPluginDiscoverer.GetTestExtensionsFromAssembly[TPluginInfo,TExtension](Assembly assembly, Dictionary`2 pluginInfos, String filePath)
System.IO.FileNotFoundException: Could not load file or assembly 'Microsoft.Bcl.AsyncInterfaces, Version=1.0.0.0, Culture=neutral, PublicKeyToken=cc7b13ffcd2ddd51'. The system cannot find the file specified.
File name: 'Microsoft.Bcl.AsyncInterfaces, Version=1.0.0.0, Culture=neutral, PublicKeyToken=cc7b13ffcd2ddd51'
 ---> System.IO.FileNotFoundException: Could not load file or assembly 'Microsoft.Bcl.AsyncInterfaces, Culture=neutral, PublicKeyToken=null'. The system cannot find the file specified.
File name: 'Microsoft.Bcl.AsyncInterfaces, Culture=neutral, PublicKeyToken=null'
   at System.Reflection.RuntimeAssembly.InternalLoad(AssemblyName assemblyName, StackCrawlMark& stackMark, AssemblyLoadContext assemblyLoadContext, RuntimeAssembly requestingAssembly, Boolean throwOnFileNotFound)
   at System.Reflection.Assembly.Load(AssemblyName assemblyRef)
   at Microsoft.VisualStudio.TestPlatform.Common.ExtensionFramework.TestPluginCache.CurrentDomainAssemblyResolve(Object sender, AssemblyResolveEventArgs args)
   at System.Runtime.Loader.AssemblyLoadContext.GetFirstResolvedAssemblyFromResolvingEvent(AssemblyName assemblyName)
   at System.Runtime.Loader.AssemblyLoadContext.ResolveUsingEvent(AssemblyName assemblyName)
   at System.Runtime.Loader.AssemblyLoadContext.ResolveUsingResolvingEvent(IntPtr gchManagedAssemblyLoadContext, AssemblyName assemblyName)
TpTrace Warning: 0 : 20136, 1, 2022/12/20, 17:16:57.857, 24041273843, vstest.console.dll, LoaderExceptions: System.IO.FileNotFoundException: Could not load file or assembly 'Microsoft.Bcl.AsyncInterfaces, Version=1.0.0.0, Culture=neutral, PublicKeyToken=cc7b13ffcd2ddd51'. The system cannot find the file specified.
File name: 'Microsoft.Bcl.AsyncInterfaces, Version=1.0.0.0, Culture=neutral, PublicKeyToken=cc7b13ffcd2ddd51'
 ---> System.IO.FileNotFoundException: Could not load file or assembly 'Microsoft.Bcl.AsyncInterfaces, Culture=neutral, PublicKeyToken=null'. The system cannot find the file specified.
File name: 'Microsoft.Bcl.AsyncInterfaces, Culture=neutral, PublicKeyToken=null'
   at System.Reflection.RuntimeAssembly.InternalLoad(AssemblyName assemblyName, StackCrawlMark& stackMark, AssemblyLoadContext assemblyLoadContext, RuntimeAssembly requestingAssembly, Boolean throwOnFileNotFound)
   at System.Reflection.Assembly.Load(AssemblyName assemblyRef)
   at Microsoft.VisualStudio.TestPlatform.Common.ExtensionFramework.TestPluginCache.CurrentDomainAssemblyResolve(Object sender, AssemblyResolveEventArgs args)
   at System.Runtime.Loader.AssemblyLoadContext.GetFirstResolvedAssemblyFromResolvingEvent(AssemblyName assemblyName)
   at System.Runtime.Loader.AssemblyLoadContext.ResolveUsingEvent(AssemblyName assemblyName)
   at System.Runtime.Loader.AssemblyLoadContext.ResolveUsingResolvingEvent(IntPtr gchManagedAssemblyLoadContext, AssemblyName assemblyName)
TpTrace Verbose: 0 : 20136, 1, 2022/12/20, 17:16:57.857, 24041274408, vstest.console.dll, MetadataReaderExtensionsHelper: Discovering extensions inside assembly 'Microsoft.TestPlatform.Extensions.BlameDataCollector, Version=15.0.0.0, Culture=neutral, PublicKeyToken=b03f5f7f11d50a3a' file path 'C:\Program Files\dotnet\sdk\7.0.100\Extensions\Microsoft.TestPlatform.Extensions.BlameDataCollector.dll'
TpTrace Information: 0 : 20136, 1, 2022/12/20, 17:16:57.857, 24041277276, vstest.console.dll, GetTestExtensionFromType: Register extension with identifier data 'logger://Microsoft/TestPlatform/Extensions/Blame/v1' and type 'Microsoft.TestPlatform.Extensions.BlameDataCollector.BlameLogger, Microsoft.TestPlatform.Extensions.BlameDataCollector, Version=15.0.0.0, Culture=neutral, PublicKeyToken=b03f5f7f11d50a3a' inside file 'C:\Program Files\dotnet\sdk\7.0.100\Extensions\Microsoft.TestPlatform.Extensions.BlameDataCollector.dll'
TpTrace Verbose: 0 : 20136, 1, 2022/12/20, 17:16:57.857, 24041277737, vstest.console.dll, MetadataReaderExtensionsHelper: Discovering extensions inside assembly 'Microsoft.TestPlatform.Extensions.EventLogCollector, Version=15.0.0.0, Culture=neutral, PublicKeyToken=b03f5f7f11d50a3a' file path 'C:\Program Files\dotnet\sdk\7.0.100\Extensions\Microsoft.TestPlatform.Extensions.EventLogCollector.dll'
TpTrace Verbose: 0 : 20136, 1, 2022/12/20, 17:16:57.857, 24041279426, vstest.console.dll, MetadataReaderExtensionsHelper: Discovering extensions inside assembly 'Microsoft.TestPlatform.TestHostRuntimeProvider, Version=15.0.0.0, Culture=neutral, PublicKeyToken=b03f5f7f11d50a3a' file path 'C:\Program Files\dotnet\sdk\7.0.100\Extensions\Microsoft.TestPlatform.TestHostRuntimeProvider.dll'
TpTrace Verbose: 0 : 20136, 1, 2022/12/20, 17:16:57.857, 24041281164, vstest.console.dll, MetadataReaderExtensionsHelper: Discovering extensions inside assembly 'Microsoft.VisualStudio.TestPlatform.Extensions.Html.TestLogger, Version=15.0.0.0, Culture=neutral, PublicKeyToken=b03f5f7f11d50a3a' file path 'C:\Program Files\dotnet\sdk\7.0.100\Extensions\Microsoft.VisualStudio.TestPlatform.Extensions.Html.TestLogger.dll'
TpTrace Information: 0 : 20136, 1, 2022/12/20, 17:16:57.858, 24041284036, vstest.console.dll, GetTestExtensionFromType: Register extension with identifier data 'logger://Microsoft/TestPlatform/HtmlLogger/v1' and type 'Microsoft.VisualStudio.TestPlatform.Extensions.HtmlLogger.HtmlLogger, Microsoft.VisualStudio.TestPlatform.Extensions.Html.TestLogger, Version=15.0.0.0, Culture=neutral, PublicKeyToken=b03f5f7f11d50a3a' inside file 'C:\Program Files\dotnet\sdk\7.0.100\Extensions\Microsoft.VisualStudio.TestPlatform.Extensions.Html.TestLogger.dll'
TpTrace Verbose: 0 : 20136, 1, 2022/12/20, 17:16:57.858, 24041284433, vstest.console.dll, MetadataReaderExtensionsHelper: Discovering extensions inside assembly 'Microsoft.VisualStudio.TestPlatform.Extensions.Trx.TestLogger, Version=15.0.0.0, Culture=neutral, PublicKeyToken=b03f5f7f11d50a3a' file path 'C:\Program Files\dotnet\sdk\7.0.100\Extensions\Microsoft.VisualStudio.TestPlatform.Extensions.Trx.TestLogger.dll'
TpTrace Information: 0 : 20136, 1, 2022/12/20, 17:16:57.858, 24041286672, vstest.console.dll, GetTestExtensionFromType: Register extension with identifier data 'logger://Microsoft/TestPlatform/TrxLogger/v1' and type 'Microsoft.VisualStudio.TestPlatform.Extensions.TrxLogger.TrxLogger, Microsoft.VisualStudio.TestPlatform.Extensions.Trx.TestLogger, Version=15.0.0.0, Culture=neutral, PublicKeyToken=b03f5f7f11d50a3a' inside file 'C:\Program Files\dotnet\sdk\7.0.100\Extensions\Microsoft.VisualStudio.TestPlatform.Extensions.Trx.TestLogger.dll'
TpTrace Verbose: 0 : 20136, 1, 2022/12/20, 17:16:57.858, 24041287231, vstest.console.dll, TestPluginCache: Discovered the extensions using extension path ''.
TpTrace Verbose: 0 : 20136, 1, 2022/12/20, 17:16:57.858, 24041287413, vstest.console.dll, TestPluginCache: Discoverers are ''.
TpTrace Verbose: 0 : 20136, 1, 2022/12/20, 17:16:57.858, 24041287548, vstest.console.dll, TestPluginCache: Executors are ''.
TpTrace Verbose: 0 : 20136, 1, 2022/12/20, 17:16:57.858, 24041287676, vstest.console.dll, TestPluginCache: Executors2 are ''.
TpTrace Verbose: 0 : 20136, 1, 2022/12/20, 17:16:57.858, 24041287805, vstest.console.dll, TestPluginCache: Setting providers are ''.
TpTrace Verbose: 0 : 20136, 1, 2022/12/20, 17:16:57.858, 24041288262, vstest.console.dll, TestPluginCache: Loggers are 'logger://Microsoft/TestPlatform/Extensions/Blame/v1,logger://Microsoft/TestPlatform/HtmlLogger/v1,logger://Microsoft/TestPlatform/TrxLogger/v1'.
TpTrace Verbose: 0 : 20136, 1, 2022/12/20, 17:16:57.858, 24041288513, vstest.console.dll, TestPluginCache: TestHosts are 'HostProvider://DefaultTestHost,HostProvider://DotnetTestHost'.
TpTrace Verbose: 0 : 20136, 1, 2022/12/20, 17:16:57.858, 24041288655, vstest.console.dll, TestPluginCache: DataCollectors are ''.
TpTrace Information: 0 : 20136, 1, 2022/12/20, 17:16:57.859, 24041294331, vstest.console.dll, TestPluginManager.CreateTestExtension: Attempting to load test extension: Microsoft.TestPlatform.Extensions.BlameDataCollector.BlameLogger
TpTrace Verbose: 0 : 20136, 1, 2022/12/20, 17:16:57.865, 24041356939, vstest.console.dll, TestEngine: Initializing Parallel Execution as MaxCpuCount is set to: 1
TpTrace Information: 0 : 20136, 1, 2022/12/20, 17:16:57.866, 24041370500, vstest.console.dll, TestPluginManager.CreateTestExtension: Attempting to load test extension: Microsoft.VisualStudio.TestPlatform.CrossPlatEngine.Hosting.DefaultTestHostManager
TpTrace Information: 0 : 20136, 1, 2022/12/20, 17:16:57.867, 24041379070, vstest.console.dll, TestPluginManager.CreateTestExtension: Attempting to load test extension: Microsoft.VisualStudio.TestPlatform.CrossPlatEngine.Hosting.DotnetTestHostManager
TpTrace Information: 0 : 20136, 1, 2022/12/20, 17:16:57.868, 24041385775, vstest.console.dll, InferRunSettingsHelper.IsTestSettingsEnabled: Unable to navigate to RunSettings/MSTest. Current node: RunSettings
TpTrace Verbose: 0 : 20136, 1, 2022/12/20, 17:16:57.871, 24041421436, vstest.console.dll, TestEngine.GetExecutionManager: Chosen execution manager 'Microsoft.VisualStudio.TestPlatform.CrossPlatEngine.Client.Parallel.ParallelProxyExecutionManager, Microsoft.TestPlatform.CrossPlatEngine, Version=15.0.0.0, Culture=neutral, PublicKeyToken=b03f5f7f11d50a3a' ParallelLevel '1'.
TpTrace Verbose: 0 : 20136, 1, 2022/12/20, 17:16:57.872, 24041422762, vstest.console.dll, TestRunRequest.ExecuteAsync: Creating test run request.
TpTrace Verbose: 0 : 20136, 1, 2022/12/20, 17:16:57.872, 24041424445, vstest.console.dll, TestRunRequest.ExecuteAsync: Starting.
TpTrace Information: 0 : 20136, 1, 2022/12/20, 17:16:57.872, 24041426496, vstest.console.dll, TestRunRequest.ExecuteAsync: Starting run with settings:TestRunCriteria:
   KeepAlive=False,FrequencyOfRunStatsChangeEvent=10,RunStatsChangeEventTimeout=00:00:01.5000000,TestCaseFilter=,TestExecutorLauncher=
   Settingsxml=<RunSettings>
  <RunConfiguration>
    <ResultsDirectory>D:\C#\final\SpendLess\UnitTests\bin\Debug\net7.0\fine-code-coverage\coverage-tool-output</ResultsDirectory>
    <TargetPlatform>X64</TargetPlatform>
    <TargetFrameworkVersion>.NETCoreApp,Version=v7.0</TargetFrameworkVersion>
    <DesignMode>False</DesignMode>
    <CollectSourceInformation>False</CollectSourceInformation>
  </RunConfiguration>
  <LoggerRunSettings>
    <Loggers>
      <Logger friendlyName="blame" enabled="True" />
      <Logger friendlyName="Console" uri="logger://microsoft/TestPlatform/ConsoleLogger/v1" assemblyQualifiedName="Microsoft.VisualStudio.TestPlatform.CommandLine.Internal.ConsoleLogger, vstest.console, Version=15.0.0.0, Culture=neutral, PublicKeyToken=b03f5f7f11d50a3a" codeBase="C:\Program Files\dotnet\sdk\7.0.100\vstest.console.dll" enabled="True" />
    </Loggers>
  </LoggerRunSettings>
  <DataCollectionRunSettings>
    <DataCollectors>
      <DataCollector friendlyName="blame" enabled="True">
        <Configuration>
          <ResultsDirectory>D:\C#\final\SpendLess\UnitTests\bin\Debug\net7.0\fine-code-coverage\coverage-tool-output</ResultsDirectory>
        </Configuration>
      </DataCollector>
    </DataCollectors>
  </DataCollectionRunSettings>
</RunSettings>

TpTrace Verbose: 0 : 20136, 1, 2022/12/20, 17:16:57.872, 24041426973, vstest.console.dll, TestRunRequest.ExecuteAsync: Wait for the first run request is over.
TpTrace Verbose: 0 : 20136, 1, 2022/12/20, 17:16:57.872, 24041429532, vstest.console.dll, MulticastDelegateUtilities.SafeInvoke: TestRun.TestRunStart: Invoking callbacks was skipped because there are no subscribers.
TpTrace Verbose: 0 : 20136, 4, 2022/12/20, 17:16:57.872, 24041431401, vstest.console.dll, MulticastDelegateUtilities.SafeInvoke: InternalTestLoggerEvents.SendTestRunStart: Invoking callback 1/1 for Microsoft.VisualStudio.TestPlatform.CommandLine.Internal.ConsoleLogger., took 0 ms.
TpTrace Verbose: 0 : 20136, 1, 2022/12/20, 17:16:57.873, 24041440899, vstest.console.dll, ParallelProxyExecutionManager: Start execution. Total sources: 1
TpTrace Verbose: 0 : 20136, 1, 2022/12/20, 17:16:57.875, 24041452661, vstest.console.dll, TestRequestSender is acting as server.
TpTrace Verbose: 0 : 20136, 1, 2022/12/20, 17:16:57.875, 24041462441, vstest.console.dll, DataCollectionRequestSender.InitializeCommunication : Initialize communication. 
TpTrace Information: 0 : 20136, 1, 2022/12/20, 17:16:57.879, 24041494539, vstest.console.dll, Listening on Endpoint : 127.0.0.1:63128
TpTrace Verbose: 0 : 20136, 1, 2022/12/20, 17:16:57.884, 24041543903, vstest.console.dll, DotnetDataCollectionLauncher: Adding  --runtimeconfig "C:\Program Files\dotnet\sdk\7.0.100\datacollector.runtimeconfig.json" in args
TpTrace Verbose: 0 : 20136, 1, 2022/12/20, 17:16:57.884, 24041544842, vstest.console.dll, DotnetDataCollectionLauncher: Adding  --depsfile "C:\Program Files\dotnet\sdk\7.0.100\datacollector.deps.json" in args
TpTrace Verbose: 0 : 20136, 1, 2022/12/20, 17:16:57.884, 24041545807, vstest.console.dll, DotnetDataCollectionLauncher: Full path of dotnet.exe is C:\Program Files\dotnet\dotnet.exe
TpTrace Information: 0 : 20136, 1, 2022/12/20, 17:16:57.891, 24041620462, vstest.console.dll, ProxyDataCollectionManager.Initialize: Launched datacollector processId: 17604 port: 63128
TpTrace Information: 0 : 20136, 1, 2022/12/20, 17:16:57.892, 24041622736, vstest.console.dll, ProxyDataCollectionManager.Initialize: waiting for connection with timeout: 90 seconds
TpTrace Verbose: 0 : 20136, 1, 2022/12/20, 17:16:57.892, 24041624117, vstest.console.dll, DataCollectionRequestSender.WaitForRequestHandlerConnection : Waiting for connection with timeout: 90000
TpTrace Information: 0 : 20136, 7, 2022/12/20, 17:16:58.002, 24042730636, vstest.console.dll, Using the buffer size of 16384 bytes
TpTrace Verbose: 0 : 20136, 1, 2022/12/20, 17:16:58.002, 24042730861, vstest.console.dll, SocketCommunicationManager.WaitForClientConnection took: 110 ms, with 90000 ms timeout, and finished with True.
TpTrace Information: 0 : 20136, 7, 2022/12/20, 17:16:58.002, 24042731962, vstest.console.dll, Accepted Client request and set the flag
TpTrace Verbose: 0 : 20136, 1, 2022/12/20, 17:16:58.003, 24042733066, vstest.console.dll, ProxyDataCollectionManager.InvokeDataCollectionServiceAction: Starting.
TpTrace Information: 0 : 20136, 1, 2022/12/20, 17:16:58.003, 24042733873, vstest.console.dll, ProxyDataCollectionManager.BeforeTestRunStart: Get environment variable and port for datacollector processId: 17604 port: 63128
TpTrace Verbose: 0 : 20136, 1, 2022/12/20, 17:16:58.003, 24042735470, vstest.console.dll, DataCollectionRequestSender.SendBeforeTestRunStartAndGetResult: Send BeforeTestRunStart message with settingsXml <RunSettings><RunConfiguration><ResultsDirectory>D:\C#\final\SpendLess\UnitTests\bin\Debug\net7.0\fine-code-coverage\coverage-tool-output</ResultsDirectory><TargetPlatform>X64</TargetPlatform><TargetFrameworkVersion>.NETCoreApp,Version=v7.0</TargetFrameworkVersion><DesignMode>False</DesignMode><CollectSourceInformation>False</CollectSourceInformation><TestAdaptersPaths>C:\Program Files\dotnet\sdk\7.0.100\Extensions</TestAdaptersPaths></RunConfiguration><LoggerRunSettings><Loggers><Logger friendlyName="blame" enabled="True" /><Logger friendlyName="Console" uri="logger://microsoft/TestPlatform/ConsoleLogger/v1" assemblyQualifiedName="Microsoft.VisualStudio.TestPlatform.CommandLine.Internal.ConsoleLogger, vstest.console, Version=15.0.0.0, Culture=neutral, PublicKeyToken=b03f5f7f11d50a3a" codeBase="C:\Program Files\dotnet\sdk\7.0.100\vstest.console.dll" enabled="True" /></Loggers></LoggerRunSettings><DataCollectionRunSettings><DataCollectors><DataCollector friendlyName="blame" enabled="True"><Configuration><ResultsDirectory>D:\C#\final\SpendLess\UnitTests\bin\Debug\net7.0\fine-code-coverage\coverage-tool-output</ResultsDirectory></Configuration></DataCollector></DataCollectors></DataCollectionRunSettings></RunSettings> and sources System.Collections.Generic.List`1[System.String]: 
TpTrace Verbose: 0 : 20136, 1, 2022/12/20, 17:16:58.080, 24043504749, vstest.console.dll, DataCollectionRequestSender.SendBeforeTestRunStartAndGetResult: Received message: (DataCollection.SendMessage) -> {"MessageType":"DataCollection.SendMessage","Payload":{"FriendlyName":null,"Uri":null,"TestCaseId":"00000000-0000-0000-0000-000000000000","Message":"Logging DataCollector Diagnostics in file: D:\\C#\\final\\SpendLess\\UnitTests\\bin\\Debug\\net7.0\\fine-code-coverage\\coverage-tool-output\\diagnostics.datacollector.22-12-20_17-16-57_88394_1.log","Level":0}}
TpTrace Verbose: 0 : 20136, 1, 2022/12/20, 17:16:58.151, 24044215672, vstest.console.dll, DataCollectionRequestSender.SendBeforeTestRunStartAndGetResult: Received message: (DataCollection.BeforeTestRunStartResult) -> {"MessageType":"DataCollection.BeforeTestRunStartResult","Payload":{"EnvironmentVariables":{},"DataCollectionEventsPort":63130}}
TpTrace Information: 0 : 20136, 1, 2022/12/20, 17:16:58.157, 24044280667, vstest.console.dll, ProxyDataCollectionManager.BeforeTestRunStart: SendBeforeTestRunStartAndGetResult successful, env variable from datacollector:   and testhost port: 63130
TpTrace Information: 0 : 20136, 1, 2022/12/20, 17:16:58.157, 24044282053, vstest.console.dll, ProxyDataCollectionManager.InvokeDataCollectionServiceAction: Completed.
TpTrace Verbose: 0 : 20136, 7, 2022/12/20, 17:16:58.158, 24044283373, vstest.console.dll, ParallelProxyExecutionManager: Execution started. Started clients: 1
TpTrace Verbose: 0 : 20136, 1, 2022/12/20, 17:16:58.158, 24044283821, vstest.console.dll, ProxyParallelExecutionManager: No sources available for execution.
TpTrace Information: 0 : 20136, 1, 2022/12/20, 17:16:58.158, 24044284568, vstest.console.dll, TestRunRequest.ExecuteAsync: Started.
TpTrace Verbose: 0 : 20136, 1, 2022/12/20, 17:16:58.158, 24044285284, vstest.console.dll, TestRunRequest.WaitForCompletion: Waiting with timeout -1.
TpTrace Verbose: 0 : 20136, 7, 2022/12/20, 17:16:58.158, 24044285721, vstest.console.dll, TestRunRequest:SendTestRunMessage: Starting.
TpTrace Verbose: 0 : 20136, 7, 2022/12/20, 17:16:58.158, 24044287052, vstest.console.dll, MulticastDelegateUtilities.SafeInvoke: TestRun.LogMessages: Invoking callback 1/1 for Microsoft.VisualStudio.TestPlatform.CommandLine.TestRunResultAggregator., took 0 ms.
TpTrace Verbose: 0 : 20136, 4, 2022/12/20, 17:16:58.158, 24044287045, vstest.console.dll, MulticastDelegateUtilities.SafeInvoke: InternalTestLoggerEvents.SendTestRunMessage: Invoking callback 1/1 for Microsoft.VisualStudio.TestPlatform.CommandLine.Internal.ConsoleLogger., took 0 ms.
TpTrace Information: 0 : 20136, 7, 2022/12/20, 17:16:58.158, 24044287404, vstest.console.dll, TestRunRequest:SendTestRunMessage: Completed.
TpTrace Verbose: 0 : 20136, 7, 2022/12/20, 17:16:58.158, 24044289665, vstest.console.dll, ProxyExecutionManager: Test host is always Lazy initialize.
TpTrace Verbose: 0 : 20136, 7, 2022/12/20, 17:16:58.159, 24044292715, vstest.console.dll, TestRequestSender.InitializeCommunication: initialize communication. 
TpTrace Information: 0 : 20136, 7, 2022/12/20, 17:16:58.159, 24044297902, vstest.console.dll, SocketServer.Start: Listening on endpoint : 127.0.0.1:63131
TpTrace Verbose: 0 : 20136, 7, 2022/12/20, 17:16:58.160, 24044306305, vstest.console.dll, DotnetTestHostmanager.GetTestHostProcessStartInfo: Platform environment 'X64' target architecture 'X64' framework '.NETCoreApp,Version=v7.0' OS 'Windows'
TpTrace Verbose: 0 : 20136, 7, 2022/12/20, 17:16:58.160, 24044308353, vstest.console.dll, DotnetTestHostmanager: Adding  --runtimeconfig "D:\C#\final\SpendLess\UnitTests\bin\Debug\net7.0\fine-code-coverage\build-output\Tests.runtimeconfig.json" in args
TpTrace Verbose: 0 : 20136, 7, 2022/12/20, 17:16:58.160, 24044309035, vstest.console.dll, DotnetTestHostmanager: Adding  --depsfile "D:\C#\final\SpendLess\UnitTests\bin\Debug\net7.0\fine-code-coverage\build-output\Tests.deps.json" in args
TpTrace Verbose: 0 : 20136, 7, 2022/12/20, 17:16:58.160, 24044310533, vstest.console.dll, DotnetTestHostmanager.IsWinOnArm: Current PROCESSOR_ARCHITECTURE from environment variable 'AMD64'
TpTrace Verbose: 0 : 20136, 7, 2022/12/20, 17:16:58.160, 24044311018, vstest.console.dll, DotnetTestHostmanager.IsWinOnArm: Is Windows on ARM 'False'
TpTrace Verbose: 0 : 20136, 7, 2022/12/20, 17:16:58.160, 24044311672, vstest.console.dll, DotnetTestHostManager: testhost.exe found at path: D:\C#\final\SpendLess\UnitTests\bin\Debug\net7.0\fine-code-coverage\build-output\testhost.exe
TpTrace Verbose: 0 : 20136, 7, 2022/12/20, 17:16:58.160, 24044312038, vstest.console.dll, DotnetTestHostmanager: Full path of host exe is D:\C#\final\SpendLess\UnitTests\bin\Debug\net7.0\fine-code-coverage\build-output\testhost.exe
TpTrace Verbose: 0 : 20136, 7, 2022/12/20, 17:16:58.161, 24044313210, vstest.console.dll, DotnetTestHostmanager.LaunchTestHostAsync: Found 'VSTEST_WINAPPHOST_DOTNET_ROOT' in env variables, value 'C:\Program Files\dotnet', forwarding to 'DOTNET_ROOT'
TpTrace Verbose: 0 : 20136, 7, 2022/12/20, 17:16:58.161, 24044314843, vstest.console.dll, DotnetTestHostManager: Starting process 'D:\C#\final\SpendLess\UnitTests\bin\Debug\net7.0\fine-code-coverage\build-output\testhost.exe' with command line ' --runtimeconfig "D:\C#\final\SpendLess\UnitTests\bin\Debug\net7.0\fine-code-coverage\build-output\Tests.runtimeconfig.json" --depsfile "D:\C#\final\SpendLess\UnitTests\bin\Debug\net7.0\fine-code-coverage\build-output\Tests.deps.json" --port 63131 --endpoint 127.0.0.1:063131 --role client --parentprocessid 20136 --diag "D:\C#\final\SpendLess\UnitTests\bin\Debug\net7.0\fine-code-coverage\coverage-tool-output\diagnostics.host.22-12-20_17-16-58_15994_7.log" --tracelevel 4 --datacollectionport 63130 --telemetryoptedin false'
TpTrace Verbose: 0 : 20136, 7, 2022/12/20, 17:16:58.176, 24044464017, vstest.console.dll, MulticastDelegateUtilities.SafeInvoke: HostProviderEvents.OnHostLaunched: Invoking callback 1/2 for Microsoft.VisualStudio.TestPlatform.CrossPlatEngine.Client.ProxyExecutionManagerWithDataCollection., took 1 ms.
TpTrace Verbose: 0 : 20136, 7, 2022/12/20, 17:16:58.176, 24044467054, vstest.console.dll, Test Runtime launched
TpTrace Verbose: 0 : 20136, 7, 2022/12/20, 17:16:58.176, 24044467794, vstest.console.dll, MulticastDelegateUtilities.SafeInvoke: HostProviderEvents.OnHostLaunched: Invoking callback 2/2 for Microsoft.VisualStudio.TestPlatform.CrossPlatEngine.Client.ProxyOperationManager., took 0 ms.
TpTrace Verbose: 0 : 20136, 7, 2022/12/20, 17:16:58.176, 24044469293, vstest.console.dll, TestRequestSender.WaitForRequestHandlerConnection: waiting for connection with timeout: 90000.
TpTrace Verbose: 0 : 20136, 7, 2022/12/20, 17:16:58.344, 24046145142, vstest.console.dll, TestRequestSender.WaitForRequestHandlerConnection: waiting took 167 ms, with timeout 90000 ms, and result 0, which is success.
TpTrace Verbose: 0 : 20136, 12, 2022/12/20, 17:16:58.344, 24046145142, vstest.console.dll, MulticastDelegateUtilities.SafeInvoke: SocketServer: ClientConnected: Invoking callback 1/1 for Microsoft.VisualStudio.TestPlatform.CommunicationUtilities.TestRequestSender., took 0 ms.
TpTrace Verbose: 0 : 20136, 12, 2022/12/20, 17:16:58.344, 24046146955, vstest.console.dll, SocketServer.OnClientConnected: Client connected for endPoint: 127.0.0.1:63131, starting MessageLoopAsync:
TpTrace Verbose: 0 : 20136, 13, 2022/12/20, 17:16:58.344, 24046149160, vstest.console.dll, TcpClientExtensions.MessageLoopAsync: Polling on remoteEndPoint: 127.0.0.1:63132 localEndPoint: 127.0.0.1:63131
TpTrace Verbose: 0 : 20136, 7, 2022/12/20, 17:16:58.345, 24046157029, vstest.console.dll, TestRequestSender.CheckVersionWithTestHost: Sending check version message: {"MessageType":"ProtocolVersion","Payload":7}
TpTrace Verbose: 0 : 20136, 13, 2022/12/20, 17:16:58.441, 24047118626, vstest.console.dll, TcpClientExtensions.MessageLoopAsync: NotifyDataAvailable remoteEndPoint: 127.0.0.1:63132 localEndPoint: 127.0.0.1:63131
TpTrace Verbose: 0 : 20136, 13, 2022/12/20, 17:16:58.441, 24047120653, vstest.console.dll, TestRequestSender.CheckVersionWithTestHost: onMessageReceived received message: (ProtocolVersion) -> {"MessageType":"ProtocolVersion","Payload":7}
TpTrace Verbose: 0 : 20136, 13, 2022/12/20, 17:16:58.442, 24047125616, vstest.console.dll, MulticastDelegateUtilities.SafeInvoke: LengthPrefixCommunicationChannel: MessageReceived: Invoking callback 1/1 for Microsoft.VisualStudio.TestPlatform.CommunicationUtilities.TestRequestSender+<>c__DisplayClass26_0., took 0 ms.
TpTrace Verbose: 0 : 20136, 13, 2022/12/20, 17:16:58.442, 24047126318, vstest.console.dll, TcpClientExtensions.MessageLoopAsync: Polling on remoteEndPoint: 127.0.0.1:63132 localEndPoint: 127.0.0.1:63131
TpTrace Verbose: 0 : 20136, 7, 2022/12/20, 17:16:58.442, 24047126608, vstest.console.dll, TestPluginCache.GetExtensionPaths: Filtered extension paths: 
TpTrace Verbose: 0 : 20136, 7, 2022/12/20, 17:16:58.442, 24047127363, vstest.console.dll, TestPluginCache.GetExtensionPaths: Added default extension paths: C:\Program Files\dotnet\sdk\7.0.100\Extensions\Microsoft.Diagnostics.NETCore.Client.dll
C:\Program Files\dotnet\sdk\7.0.100\Extensions\Microsoft.TestPlatform.Extensions.BlameDataCollector.dll
C:\Program Files\dotnet\sdk\7.0.100\Extensions\Microsoft.TestPlatform.Extensions.EventLogCollector.dll
C:\Program Files\dotnet\sdk\7.0.100\Extensions\Microsoft.TestPlatform.TestHostRuntimeProvider.dll
C:\Program Files\dotnet\sdk\7.0.100\Extensions\Microsoft.VisualStudio.TestPlatform.Extensions.Html.TestLogger.dll
C:\Program Files\dotnet\sdk\7.0.100\Extensions\Microsoft.VisualStudio.TestPlatform.Extensions.Trx.TestLogger.dll
TpTrace Verbose: 0 : 20136, 7, 2022/12/20, 17:16:58.442, 24047127836, vstest.console.dll, TestPluginCache.GetExtensionPaths: Added unfilterableExtensionPaths: 
TpTrace Verbose: 0 : 20136, 7, 2022/12/20, 17:16:58.445, 24047158832, vstest.console.dll, TestRequestSender.InitializeExecution: Sending initialize execution with message: {"Version":7,"MessageType":"TestExecution.Initialize","Payload":["D:\\C#\\final\\SpendLess\\UnitTests\\bin\\Debug\\net7.0\\fine-code-coverage\\build-output\\NUnit3.TestAdapter.dll"]}
TpTrace Warning: 0 : 20136, 7, 2022/12/20, 17:16:58.446, 24047163583, vstest.console.dll, InferRunSettingsHelper.MakeRunsettingsCompatible: Removing the following settings: TargetPlatform from RunSettings file. To use those settings please move to latest version of Microsoft.NET.Test.Sdk
TpTrace Verbose: 0 : 20136, 13, 2022/12/20, 17:16:58.447, 24047176962, vstest.console.dll, TcpClientExtensions.MessageLoopAsync: NotifyDataAvailable remoteEndPoint: 127.0.0.1:63132 localEndPoint: 127.0.0.1:63131
TpTrace Verbose: 0 : 20136, 13, 2022/12/20, 17:16:58.447, 24047179778, vstest.console.dll, TestRequestSender.OnExecutionMessageReceived: Received message: {"Version":7,"MessageType":"TestSession.Message","Payload":{"MessageLevel":0,"Message":"Logging TestHost Diagnostics in file: D:\\C#\\final\\SpendLess\\UnitTests\\bin\\Debug\\net7.0\\fine-code-coverage\\coverage-tool-output\\diagnostics.host.22-12-20_17-16-58_15994_7.log"}}
TpTrace Verbose: 0 : 20136, 13, 2022/12/20, 17:16:58.455, 24047259982, vstest.console.dll, TestRunRequest:SendTestRunMessage: Starting.
TpTrace Verbose: 0 : 20136, 13, 2022/12/20, 17:16:58.455, 24047261899, vstest.console.dll, MulticastDelegateUtilities.SafeInvoke: TestRun.LogMessages: Invoking callback 1/1 for Microsoft.VisualStudio.TestPlatform.CommandLine.TestRunResultAggregator., took 0 ms.
TpTrace Information: 0 : 20136, 13, 2022/12/20, 17:16:58.455, 24047262425, vstest.console.dll, TestRunRequest:SendTestRunMessage: Completed.
TpTrace Verbose: 0 : 20136, 13, 2022/12/20, 17:16:58.456, 24047262841, vstest.console.dll, MulticastDelegateUtilities.SafeInvoke: LengthPrefixCommunicationChannel: MessageReceived: Invoking callback 1/1 for Microsoft.VisualStudio.TestPlatform.CommunicationUtilities.TestRequestSender+<>c__DisplayClass31_0., took 8 ms.
TpTrace Verbose: 0 : 20136, 13, 2022/12/20, 17:16:58.456, 24047263237, vstest.console.dll, TcpClientExtensions.MessageLoopAsync: Polling on remoteEndPoint: 127.0.0.1:63132 localEndPoint: 127.0.0.1:63131
TpTrace Verbose: 0 : 20136, 4, 2022/12/20, 17:16:58.456, 24047263438, vstest.console.dll, MulticastDelegateUtilities.SafeInvoke: InternalTestLoggerEvents.SendTestRunMessage: Invoking callback 1/1 for Microsoft.VisualStudio.TestPlatform.CommandLine.Internal.ConsoleLogger., took 0 ms.
TpTrace Verbose: 0 : 20136, 7, 2022/12/20, 17:16:58.459, 24047298695, vstest.console.dll, TestRequestSender.StartTestRun: Sending test run with message: {"Version":7,"MessageType":"TestExecution.StartWithSources","Payload":{"AdapterSourceMap":{"_none_":["D:\\C#\\final\\SpendLess\\UnitTests\\bin\\Debug\\net7.0\\fine-code-coverage\\build-output\\Tests.dll"]},"RunSettings":"<RunSettings>\r\n  <RunConfiguration>\r\n    <ResultsDirectory>D:\\C#\\final\\SpendLess\\UnitTests\\bin\\Debug\\net7.0\\fine-code-coverage\\coverage-tool-output</ResultsDirectory>\r\n    <TargetFrameworkVersion>.NETCoreApp,Version=v7.0</TargetFrameworkVersion>\r\n    <DesignMode>False</DesignMode>\r\n    <CollectSourceInformation>False</CollectSourceInformation>\r\n  </RunConfiguration>\r\n  <LoggerRunSettings>\r\n    <Loggers>\r\n      <Logger friendlyName=\"blame\" enabled=\"True\" />\r\n      <Logger friendlyName=\"Console\" uri=\"logger://microsoft/TestPlatform/ConsoleLogger/v1\" assemblyQualifiedName=\"Microsoft.VisualStudio.TestPlatform.CommandLine.Internal.ConsoleLogger, vstest.console, Version=15.0.0.0, Culture=neutral, PublicKeyToken=b03f5f7f11d50a3a\" codeBase=\"C:\\Program Files\\dotnet\\sdk\\7.0.100\\vstest.console.dll\" enabled=\"True\" />\r\n    </Loggers>\r\n  </LoggerRunSettings>\r\n  <DataCollectionRunSettings>\r\n    <DataCollectors>\r\n      <DataCollector friendlyName=\"blame\" enabled=\"True\">\r\n        <Configuration>\r\n          <ResultsDirectory>D:\\C#\\final\\SpendLess\\UnitTests\\bin\\Debug\\net7.0\\fine-code-coverage\\coverage-tool-output</ResultsDirectory>\r\n        </Configuration>\r\n      </DataCollector>\r\n    </DataCollectors>\r\n  </DataCollectionRunSettings>\r\n</RunSettings>","TestExecutionContext":{"FrequencyOfRunStatsChangeEvent":10,"RunStatsChangeEventTimeout":"00:00:01.5000000","InIsolation":false,"KeepAlive":false,"AreTestCaseLevelEventsRequired":false,"IsDebug":false,"TestCaseFilter":null,"FilterOptions":null},"Package":null}}
TpTrace Verbose: 0 : 20136, 13, 2022/12/20, 17:16:58.563, 24048336602, vstest.console.dll, TcpClientExtensions.MessageLoopAsync: NotifyDataAvailable remoteEndPoint: 127.0.0.1:63132 localEndPoint: 127.0.0.1:63131
TpTrace Verbose: 0 : 20136, 13, 2022/12/20, 17:16:58.563, 24048338135, vstest.console.dll, TestRequestSender.OnExecutionMessageReceived: Received message: {"Version":7,"MessageType":"TestSession.Message","Payload":{"MessageLevel":0,"Message":"NUnit Adapter 4.2.0.0: Test execution started"}}
TpTrace Verbose: 0 : 20136, 13, 2022/12/20, 17:16:58.563, 24048340111, vstest.console.dll, TestRunRequest:SendTestRunMessage: Starting.
TpTrace Verbose: 0 : 20136, 13, 2022/12/20, 17:16:58.563, 24048340764, vstest.console.dll, MulticastDelegateUtilities.SafeInvoke: TestRun.LogMessages: Invoking callback 1/1 for Microsoft.VisualStudio.TestPlatform.CommandLine.TestRunResultAggregator., took 0 ms.
TpTrace Information: 0 : 20136, 13, 2022/12/20, 17:16:58.563, 24048341054, vstest.console.dll, TestRunRequest:SendTestRunMessage: Completed.
TpTrace Verbose: 0 : 20136, 4, 2022/12/20, 17:16:58.563, 24048341134, vstest.console.dll, MulticastDelegateUtilities.SafeInvoke: InternalTestLoggerEvents.SendTestRunMessage: Invoking callback 1/1 for Microsoft.VisualStudio.TestPlatform.CommandLine.Internal.ConsoleLogger., took 0 ms.
TpTrace Verbose: 0 : 20136, 13, 2022/12/20, 17:16:58.563, 24048341362, vstest.console.dll, MulticastDelegateUtilities.SafeInvoke: LengthPrefixCommunicationChannel: MessageReceived: Invoking callback 1/1 for Microsoft.VisualStudio.TestPlatform.CommunicationUtilities.TestRequestSender+<>c__DisplayClass31_0., took 0 ms.
TpTrace Verbose: 0 : 20136, 13, 2022/12/20, 17:16:58.563, 24048342316, vstest.console.dll, TcpClientExtensions.MessageLoopAsync: Polling on remoteEndPoint: 127.0.0.1:63132 localEndPoint: 127.0.0.1:63131
TpTrace Verbose: 0 : 20136, 13, 2022/12/20, 17:16:58.586, 24048568621, vstest.console.dll, TcpClientExtensions.MessageLoopAsync: NotifyDataAvailable remoteEndPoint: 127.0.0.1:63132 localEndPoint: 127.0.0.1:63131
TpTrace Verbose: 0 : 20136, 13, 2022/12/20, 17:16:58.586, 24048570462, vstest.console.dll, TestRequestSender.OnExecutionMessageReceived: Received message: {"Version":7,"MessageType":"TestSession.Message","Payload":{"MessageLevel":0,"Message":"Running all tests in D:\\C#\\final\\SpendLess\\UnitTests\\bin\\Debug\\net7.0\\fine-code-coverage\\build-output\\Tests.dll"}}
TpTrace Verbose: 0 : 20136, 13, 2022/12/20, 17:16:58.587, 24048572658, vstest.console.dll, TestRunRequest:SendTestRunMessage: Starting.
TpTrace Verbose: 0 : 20136, 13, 2022/12/20, 17:16:58.587, 24048573412, vstest.console.dll, MulticastDelegateUtilities.SafeInvoke: TestRun.LogMessages: Invoking callback 1/1 for Microsoft.VisualStudio.TestPlatform.CommandLine.TestRunResultAggregator., took 0 ms.
TpTrace Information: 0 : 20136, 13, 2022/12/20, 17:16:58.587, 24048573755, vstest.console.dll, TestRunRequest:SendTestRunMessage: Completed.
TpTrace Verbose: 0 : 20136, 13, 2022/12/20, 17:16:58.587, 24048574024, vstest.console.dll, MulticastDelegateUtilities.SafeInvoke: LengthPrefixCommunicationChannel: MessageReceived: Invoking callback 1/1 for Microsoft.VisualStudio.TestPlatform.CommunicationUtilities.TestRequestSender+<>c__DisplayClass31_0., took 0 ms.
TpTrace Verbose: 0 : 20136, 13, 2022/12/20, 17:16:58.587, 24048574334, vstest.console.dll, TcpClientExtensions.MessageLoopAsync: Polling on remoteEndPoint: 127.0.0.1:63132 localEndPoint: 127.0.0.1:63131
TpTrace Verbose: 0 : 20136, 4, 2022/12/20, 17:16:58.587, 24048573953, vstest.console.dll, MulticastDelegateUtilities.SafeInvoke: InternalTestLoggerEvents.SendTestRunMessage: Invoking callback 1/1 for Microsoft.VisualStudio.TestPlatform.CommandLine.Internal.ConsoleLogger., took 0 ms.
TpTrace Verbose: 0 : 20136, 13, 2022/12/20, 17:16:58.704, 24049743209, vstest.console.dll, TcpClientExtensions.MessageLoopAsync: NotifyDataAvailable remoteEndPoint: 127.0.0.1:63132 localEndPoint: 127.0.0.1:63131
TpTrace Verbose: 0 : 20136, 13, 2022/12/20, 17:16:58.704, 24049744734, vstest.console.dll, TestRequestSender.OnExecutionMessageReceived: Received message: {"Version":7,"MessageType":"TestSession.Message","Payload":{"MessageLevel":0,"Message":"   NUnit3TestExecutor discovered 50 of 50 NUnit test cases using Current Discovery mode, Non-Explicit run"}}
TpTrace Verbose: 0 : 20136, 13, 2022/12/20, 17:16:58.704, 24049746218, vstest.console.dll, TestRunRequest:SendTestRunMessage: Starting.
TpTrace Verbose: 0 : 20136, 13, 2022/12/20, 17:16:58.704, 24049746990, vstest.console.dll, MulticastDelegateUtilities.SafeInvoke: TestRun.LogMessages: Invoking callback 1/1 for Microsoft.VisualStudio.TestPlatform.CommandLine.TestRunResultAggregator., took 0 ms.
TpTrace Information: 0 : 20136, 13, 2022/12/20, 17:16:58.704, 24049747315, vstest.console.dll, TestRunRequest:SendTestRunMessage: Completed.
TpTrace Verbose: 0 : 20136, 4, 2022/12/20, 17:16:58.704, 24049747291, vstest.console.dll, MulticastDelegateUtilities.SafeInvoke: InternalTestLoggerEvents.SendTestRunMessage: Invoking callback 1/1 for Microsoft.VisualStudio.TestPlatform.CommandLine.Internal.ConsoleLogger., took 0 ms.
TpTrace Verbose: 0 : 20136, 13, 2022/12/20, 17:16:58.704, 24049747596, vstest.console.dll, MulticastDelegateUtilities.SafeInvoke: LengthPrefixCommunicationChannel: MessageReceived: Invoking callback 1/1 for Microsoft.VisualStudio.TestPlatform.CommunicationUtilities.TestRequestSender+<>c__DisplayClass31_0., took 0 ms.
TpTrace Verbose: 0 : 20136, 13, 2022/12/20, 17:16:58.704, 24049748479, vstest.console.dll, TcpClientExtensions.MessageLoopAsync: Polling on remoteEndPoint: 127.0.0.1:63132 localEndPoint: 127.0.0.1:63131
TpTrace Verbose: 0 : 20136, 13, 2022/12/20, 17:16:58.967, 24052373833, vstest.console.dll, TcpClientExtensions.MessageLoopAsync: NotifyDataAvailable remoteEndPoint: 127.0.0.1:63132 localEndPoint: 127.0.0.1:63131
TpTrace Verbose: 0 : 20136, 13, 2022/12/20, 17:16:58.967, 24052376309, vstest.console.dll, TestRequestSender.OnExecutionMessageReceived: Received message: {"Version":7,"MessageType":"TestExecution.StatsChange","Payload":{"NewTestResults":[{"TestCase":{"Id":"a12a61f6-598d-1dd8-1bbd-aaf25ff076c5","FullyQualifiedName":"SpendLess.UnitTests.Tests.AddingPeriodicTransactionsToDatabase","DisplayName":"AddingPeriodicTransactionsToDatabase","ExecutorUri":"executor://NUnit3TestExecutor","Source":"D:\\C#\\final\\SpendLess\\UnitTests\\bin\\Debug\\net7.0\\fine-code-coverage\\build-output\\Tests.dll","CodeFilePath":null,"LineNumber":0,"Properties":[{"Key":{"Id":"NUnit.Seed","Label":"Seed","Category":"","Description":"","Attributes":0,"ValueType":"System.String"},"Value":"1314367779"}]},"Attachments":[],"Outcome":1,"ErrorMessage":null,"ErrorStackTrace":null,"DisplayName":"AddingPeriodicTransactionsToDatabase","Messages":[],"ComputerName":"DESKTOP-4Q7MK15","Duration":"00:00:00.0983350","StartTime":"2022-12-20T15:16:58.728949+00:00","EndTime":"2022-12-20T15:16:58.8272248+00:00","Properties":[{"Key":{"Id":"NUnit.Seed","Label":"Seed","Category":"","Description":"","Attributes":0,"ValueType":"System.String"},"Value":"1314367779"}]},{"TestCase":{"Id":"03c06610-443d-eaaf-e39d-7675b551b2ff","FullyQualifiedName":"SpendLess.UnitTests.Tests.AddingTransactionAppendsToList","DisplayName":"AddingTransactionAppendsToList","ExecutorUri":"executor://NUnit3TestExecutor","Source":"D:\\C#\\final\\SpendLess\\UnitTests\\bin\\Debug\\net7.0\\fine-code-coverage\\build-output\\Tests.dll","CodeFilePath":null,"LineNumber":0,"Properties":[{"Key":{"Id":"NUnit.Seed","Label":"Seed","Category":"","Description":"","Attributes":0,"ValueType":"System.String"},"Value":"2111399446"}]},"Attachments":[],"Outcome":1,"ErrorMessage":null,"ErrorStackTrace":null,"DisplayName":"AddingTransactionAppendsToList","Messages":[],"ComputerName":"DESKTOP-4Q7MK15","Duration":"00:00:00.0367100","StartTime":"2022-12-20T15:16:58.8285895+00:00","EndTime":"2022-12-20T15:16:58.8652995+00:00","Properties":[{"Key":{"Id":"NUnit.Seed","Label":"Seed","Category":"","Description":"","Attributes":0,"ValueType":"System.String"},"Value":"2111399446"}]},{"TestCase":{"Id":"161e2486-7e50-fd60-1ab8-8cffb0d4d816","FullyQualifiedName":"SpendLess.UnitTests.Tests.AddingTransactionsListChangesTransactionList","DisplayName":"AddingTransactionsListChangesTransactionList","ExecutorUri":"executor://NUnit3TestExecutor","Source":"D:\\C#\\final\\SpendLess\\UnitTests\\bin\\Debug\\net7.0\\fine-code-coverage\\build-output\\Tests.dll","CodeFilePath":null,"LineNumber":0,"Properties":[{"Key":{"Id":"NUnit.Seed","Label":"Seed","Category":"","Description":"","Attributes":0,"ValueType":"System.String"},"Value":"72908082"}]},"Attachments":[],"Outcome":1,"ErrorMessage":null,"ErrorStackTrace":null,"DisplayName":"AddingTransactionsListChangesTransactionList","Messages":[],"ComputerName":"DESKTOP-4Q7MK15","Duration":"00:00:00.0439850","StartTime":"2022-12-20T15:16:58.8653488+00:00","EndTime":"2022-12-20T15:16:58.9093336+00:00","Properties":[{"Key":{"Id":"NUnit.Seed","Label":"Seed","Category":"","Description":"","Attributes":0,"ValueType":"System.String"},"Value":"72908082"}]},{"TestCase":{"Id":"8167410e-da7d-d0ec-6593-a56c7424c3aa","FullyQualifiedName":"SpendLess.UnitTests.Tests.AllowedAmountOfRequestsInvokesNextDelegate","DisplayName":"AllowedAmountOfRequestsInvokesNextDelegate","ExecutorUri":"executor://NUnit3TestExecutor","Source":"D:\\C#\\final\\SpendLess\\UnitTests\\bin\\Debug\\net7.0\\fine-code-coverage\\build-output\\Tests.dll","CodeFilePath":null,"LineNumber":0,"Properties":[{"Key":{"Id":"NUnit.Seed","Label":"Seed","Category":"","Description":"","Attributes":0,"ValueType":"System.String"},"Value":"1357035736"}]},"Attachments":[],"Outcome":1,"ErrorMessage":null,"ErrorStackTrace":null,"DisplayName":"AllowedAmountOfRequestsInvokesNextDelegate","Messages":[],"ComputerName":"DESKTOP-4Q7MK15","Duration":"00:00:00.0098080","StartTime":"2022-12-20T15:16:58.90936+00:00","EndTime":"2022-12-20T15:16:58.9191678+00:00","Properties":[{"Key":{"Id":"NUnit.Seed","Label":"Seed","Category":"","Description":"","Attributes":0,"ValueType":"System.String"},"Value":"1357035736"}]},{"TestCase":{"Id":"49ebbcce-d856-8fea-b54c-f7b128e132fa","FullyQualifiedName":"SpendLess.UnitTests.Tests.ChangingCurrentGoalAmountReturnSuccess","DisplayName":"ChangingCurrentGoalAmountReturnSuccess","ExecutorUri":"executor://NUnit3TestExecutor","Source":"D:\\C#\\final\\SpendLess\\UnitTests\\bin\\Debug\\net7.0\\fine-code-coverage\\build-output\\Tests.dll","CodeFilePath":null,"LineNumber":0,"Properties":[{"Key":{"Id":"NUnit.Seed","Label":"Seed","Category":"","Description":"","Attributes":0,"ValueType":"System.String"},"Value":"1532456122"}]},"Attachments":[],"Outcome":1,"ErrorMessage":null,"ErrorStackTrace":null,"DisplayName":"ChangingCurrentGoalAmountReturnSuccess","Messages":[],"ComputerName":"DESKTOP-4Q7MK15","Duration":"00:00:00.0047160","StartTime":"2022-12-20T15:16:58.9191941+00:00","EndTime":"2022-12-20T15:16:58.9239099+00:00","Properties":[{"Key":{"Id":"NUnit.Seed","Label":"Seed","Category":"","Description":"","Attributes":0,"ValueType":"System.String"},"Value":"1532456122"}]},{"TestCase":{"Id":"eaf3d35d-783d-8f9a-ce79-c99257b27ee7","FullyQualifiedName":"SpendLess.UnitTests.Tests.CheckingForExistingAccountReturnsTrue","DisplayName":"CheckingForExistingAccountReturnsTrue","ExecutorUri":"executor://NUnit3TestExecutor","Source":"D:\\C#\\final\\SpendLess\\UnitTests\\bin\\Debug\\net7.0\\fine-code-coverage\\build-output\\Tests.dll","CodeFilePath":null,"LineNumber":0,"Properties":[{"Key":{"Id":"NUnit.Seed","Label":"Seed","Category":"","Description":"","Attributes":0,"ValueType":"System.String"},"Value":"1481378873"}]},"Attachments":[],"Outcome":1,"ErrorMessage":null,"ErrorStackTrace":null,"DisplayName":"CheckingForExistingAccountReturnsTrue","Messages":[],"ComputerName":"DESKTOP-4Q7MK15","Duration":"00:00:00.0055319","StartTime":"2022-12-20T15:16:58.9239317+00:00","EndTime":"2022-12-20T15:16:58.9294627+00:00","Properties":[{"Key":{"Id":"NUnit.Seed","Label":"Seed","Category":"","Description":"","Attributes":0,"ValueType":"System.String"},"Value":"1481378873"}]},{"TestCase":{"Id":"b9d3163b-0ddf-fa35-6ba8-543ed76ce909","FullyQualifiedName":"SpendLess.UnitTests.Tests.CreatingHashedPasswordReturnsTwoBiteArrays","DisplayName":"CreatingHashedPasswordReturnsTwoBiteArrays","ExecutorUri":"executor://NUnit3TestExecutor","Source":"D:\\C#\\final\\SpendLess\\UnitTests\\bin\\Debug\\net7.0\\fine-code-coverage\\build-output\\Tests.dll","CodeFilePath":null,"LineNumber":0,"Properties":[{"Key":{"Id":"NUnit.Seed","Label":"Seed","Category":"","Description":"","Attributes":0,"ValueType":"System.String"},"Value":"217679338"}]},"Attachments":[],"Outcome":1,"ErrorMessage":null,"ErrorStackTrace":null,"DisplayName":"CreatingHashedPasswordReturnsTwoBiteArrays","Messages":[],"ComputerName":"DESKTOP-4Q7MK15","Duration":"00:00:00.0047270","StartTime":"2022-12-20T15:16:58.9294878+00:00","EndTime":"2022-12-20T15:16:58.9342145+00:00","Properties":[{"Key":{"Id":"NUnit.Seed","Label":"Seed","Category":"","Description":"","Attributes":0,"ValueType":"System.String"},"Value":"217679338"}]},{"TestCase":{"Id":"2603264b-e44b-0974-bc63-70ea6e8ffcd8","FullyQualifiedName":"SpendLess.UnitTests.Tests.CreatingTokenWhenArgumentsAreInvalidReturnsNull","DisplayName":"CreatingTokenWhenArgumentsAreInvalidReturnsNull","ExecutorUri":"executor://NUnit3TestExecutor","Source":"D:\\C#\\final\\SpendLess\\UnitTests\\bin\\Debug\\net7.0\\fine-code-coverage\\build-output\\Tests.dll","CodeFilePath":null,"LineNumber":0,"Properties":[{"Key":{"Id":"NUnit.Seed","Label":"Seed","Category":"","Description":"","Attributes":0,"ValueType":"System.String"},"Value":"1286305541"}]},"Attachments":[],"Outcome":1,"ErrorMessage":null,"ErrorStackTrace":null,"DisplayName":"CreatingTokenWhenArgumentsAreInvalidReturnsNull","Messages":[],"ComputerName":"DESKTOP-4Q7MK15","Duration":"00:00:00.0043660","StartTime":"2022-12-20T15:16:58.9342419+00:00","EndTime":"2022-12-20T15:16:58.9386071+00:00","Properties":[{"Key":{"Id":"NUnit.Seed","Label":"Seed","Category":"","Description":"","Attributes":0,"ValueType":"System.String"},"Value":"1286305541"}]},{"TestCase":{"Id":"8ef436b8-38bc-8f37-b499-376ae30ccdde","FullyQualifiedName":"SpendLess.UnitTests.Tests.DeleteTransactionFromDatabaseReturnSuccess","DisplayName":"DeleteTransactionFromDatabaseReturnSuccess","ExecutorUri":"executor://NUnit3TestExecutor","Source":"D:\\C#\\final\\SpendLess\\UnitTests\\bin\\Debug\\net7.0\\fine-code-coverage\\build-output\\Tests.dll","CodeFilePath":null,"LineNumber":0,"Properties":[{"Key":{"Id":"NUnit.Seed","Label":"Seed","Category":"","Description":"","Attributes":0,"ValueType":"System.String"},"Value":"1108844951"}]},"Attachments":[],"Outcome":1,"ErrorMessage":null,"ErrorStackTrace":null,"DisplayName":"DeleteTransactionFromDatabaseReturnSuccess","Messages":[],"ComputerName":"DESKTOP-4Q7MK15","Duration":"00:00:00.0021020","StartTime":"2022-12-20T15:16:58.9386329+00:00","EndTime":"2022-12-20T15:16:58.9407347+00:00","Properties":[{"Key":{"Id":"NUnit.Seed","Label":"Seed","Category":"","Description":"","Attributes":0,"ValueType":"System.String"},"Value":"1108844951"}]}],"TestRunStatistics":{"ExecutedTests":9,"Stats":{"Passed":9}},"ActiveTests":[{"Id":"c078a394-41df-f9b9-117c-f1330930b48e","FullyQualifiedName":"SpendLess.UnitTests.Tests.DeleteTransactionFromDatabaseWithIncorrectIdFails","DisplayName":"DeleteTransactionFromDatabaseWithIncorrectIdFails","ExecutorUri":"executor://NUnit3TestExecutor","Source":"D:\\C#\\final\\SpendLess\\UnitTests\\bin\\Debug\\net7.0\\fine-code-coverage\\build-output\\Tests.dll","CodeFilePath":null,"LineNumber":0,"Properties":[{"Key":{"Id":"NUnit.Seed","Label":"Seed","Category":"","Description":"","Attributes":0,"ValueType":"System.String"},"Value":"1401974085"}]}]}}
TpTrace Verbose: 0 : 20136, 13, 2022/12/20, 17:16:58.989, 24052594598, vstest.console.dll, TestRunRequest:SendTestRunStatsChange: Starting.
TpTrace Verbose: 0 : 20136, 13, 2022/12/20, 17:16:58.989, 24052596131, vstest.console.dll, InProgress is DeleteTransactionFromDatabaseWithIncorrectIdFails
TpTrace Verbose: 0 : 20136, 13, 2022/12/20, 17:16:58.989, 24052597946, vstest.console.dll, MulticastDelegateUtilities.SafeInvoke: TestRun.RunStatsChanged: Invoking callbacks was skipped because there are no subscribers.
TpTrace Information: 0 : 20136, 13, 2022/12/20, 17:16:58.989, 24052598148, vstest.console.dll, TestRunRequest:SendTestRunStatsChange: Completed.
TpTrace Verbose: 0 : 20136, 13, 2022/12/20, 17:16:58.989, 24052598315, vstest.console.dll, MulticastDelegateUtilities.SafeInvoke: LengthPrefixCommunicationChannel: MessageReceived: Invoking callback 1/1 for Microsoft.VisualStudio.TestPlatform.CommunicationUtilities.TestRequestSender+<>c__DisplayClass31_0., took 22 ms.
TpTrace Verbose: 0 : 20136, 13, 2022/12/20, 17:16:58.989, 24052598498, vstest.console.dll, TcpClientExtensions.MessageLoopAsync: Polling on remoteEndPoint: 127.0.0.1:63132 localEndPoint: 127.0.0.1:63131
TpTrace Verbose: 0 : 20136, 4, 2022/12/20, 17:16:58.991, 24052614681, vstest.console.dll, MulticastDelegateUtilities.SafeInvoke: InternalTestLoggerEvents.SendTestResult: Invoking callback 1/1 for Microsoft.VisualStudio.TestPlatform.CommandLine.Internal.ConsoleLogger., took 1 ms.
TpTrace Verbose: 0 : 20136, 4, 2022/12/20, 17:16:58.991, 24052617143, vstest.console.dll, MulticastDelegateUtilities.SafeInvoke: InternalTestLoggerEvents.SendTestResult: Invoking callback 1/1 for Microsoft.VisualStudio.TestPlatform.CommandLine.Internal.ConsoleLogger., took 0 ms.
TpTrace Verbose: 0 : 20136, 4, 2022/12/20, 17:16:58.991, 24052617544, vstest.console.dll, MulticastDelegateUtilities.SafeInvoke: InternalTestLoggerEvents.SendTestResult: Invoking callback 1/1 for Microsoft.VisualStudio.TestPlatform.CommandLine.Internal.ConsoleLogger., took 0 ms.
TpTrace Verbose: 0 : 20136, 4, 2022/12/20, 17:16:58.991, 24052617726, vstest.console.dll, MulticastDelegateUtilities.SafeInvoke: InternalTestLoggerEvents.SendTestResult: Invoking callback 1/1 for Microsoft.VisualStudio.TestPlatform.CommandLine.Internal.ConsoleLogger., took 0 ms.
TpTrace Verbose: 0 : 20136, 4, 2022/12/20, 17:16:58.991, 24052617925, vstest.console.dll, MulticastDelegateUtilities.SafeInvoke: InternalTestLoggerEvents.SendTestResult: Invoking callback 1/1 for Microsoft.VisualStudio.TestPlatform.CommandLine.Internal.ConsoleLogger., took 0 ms.
TpTrace Verbose: 0 : 20136, 4, 2022/12/20, 17:16:58.991, 24052618094, vstest.console.dll, MulticastDelegateUtilities.SafeInvoke: InternalTestLoggerEvents.SendTestResult: Invoking callback 1/1 for Microsoft.VisualStudio.TestPlatform.CommandLine.Internal.ConsoleLogger., took 0 ms.
TpTrace Verbose: 0 : 20136, 4, 2022/12/20, 17:16:58.991, 24052618266, vstest.console.dll, MulticastDelegateUtilities.SafeInvoke: InternalTestLoggerEvents.SendTestResult: Invoking callback 1/1 for Microsoft.VisualStudio.TestPlatform.CommandLine.Internal.ConsoleLogger., took 0 ms.
TpTrace Verbose: 0 : 20136, 4, 2022/12/20, 17:16:58.991, 24052618488, vstest.console.dll, MulticastDelegateUtilities.SafeInvoke: InternalTestLoggerEvents.SendTestResult: Invoking callback 1/1 for Microsoft.VisualStudio.TestPlatform.CommandLine.Internal.ConsoleLogger., took 0 ms.
TpTrace Verbose: 0 : 20136, 4, 2022/12/20, 17:16:58.991, 24052618682, vstest.console.dll, MulticastDelegateUtilities.SafeInvoke: InternalTestLoggerEvents.SendTestResult: Invoking callback 1/1 for Microsoft.VisualStudio.TestPlatform.CommandLine.Internal.ConsoleLogger., took 0 ms.
TpTrace Verbose: 0 : 20136, 13, 2022/12/20, 17:16:59.043, 24053138319, vstest.console.dll, TcpClientExtensions.MessageLoopAsync: NotifyDataAvailable remoteEndPoint: 127.0.0.1:63132 localEndPoint: 127.0.0.1:63131
TpTrace Verbose: 0 : 20136, 13, 2022/12/20, 17:16:59.043, 24053140543, vstest.console.dll, TestRequestSender.OnExecutionMessageReceived: Received message: {"Version":7,"MessageType":"TestExecution.StatsChange","Payload":{"NewTestResults":[{"TestCase":{"Id":"c078a394-41df-f9b9-117c-f1330930b48e","FullyQualifiedName":"SpendLess.UnitTests.Tests.DeleteTransactionFromDatabaseWithIncorrectIdFails","DisplayName":"DeleteTransactionFromDatabaseWithIncorrectIdFails","ExecutorUri":"executor://NUnit3TestExecutor","Source":"D:\\C#\\final\\SpendLess\\UnitTests\\bin\\Debug\\net7.0\\fine-code-coverage\\build-output\\Tests.dll","CodeFilePath":null,"LineNumber":0,"Properties":[{"Key":{"Id":"NUnit.Seed","Label":"Seed","Category":"","Description":"","Attributes":0,"ValueType":"System.String"},"Value":"1401974085"}]},"Attachments":[],"Outcome":1,"ErrorMessage":null,"ErrorStackTrace":null,"DisplayName":"DeleteTransactionFromDatabaseWithIncorrectIdFails","Messages":[],"ComputerName":"DESKTOP-4Q7MK15","Duration":"00:00:00.0012660","StartTime":"2022-12-20T15:16:58.9407511+00:00","EndTime":"2022-12-20T15:16:58.9420168+00:00","Properties":[{"Key":{"Id":"NUnit.Seed","Label":"Seed","Category":"","Description":"","Attributes":0,"ValueType":"System.String"},"Value":"1401974085"}]},{"TestCase":{"Id":"29b55f91-4156-507f-980e-4d3c26f2accd","FullyQualifiedName":"SpendLess.UnitTests.Tests.DeletingTransactionReturnsMessage","DisplayName":"DeletingTransactionReturnsMessage","ExecutorUri":"executor://NUnit3TestExecutor","Source":"D:\\C#\\final\\SpendLess\\UnitTests\\bin\\Debug\\net7.0\\fine-code-coverage\\build-output\\Tests.dll","CodeFilePath":null,"LineNumber":0,"Properties":[{"Key":{"Id":"NUnit.Seed","Label":"Seed","Category":"","Description":"","Attributes":0,"ValueType":"System.String"},"Value":"2067050151"}]},"Attachments":[],"Outcome":1,"ErrorMessage":null,"ErrorStackTrace":null,"DisplayName":"DeletingTransactionReturnsMessage","Messages":[],"ComputerName":"DESKTOP-4Q7MK15","Duration":"00:00:00.0025079","StartTime":"2022-12-20T15:16:58.9420301+00:00","EndTime":"2022-12-20T15:16:58.9445378+00:00","Properties":[{"Key":{"Id":"NUnit.Seed","Label":"Seed","Category":"","Description":"","Attributes":0,"ValueType":"System.String"},"Value":"2067050151"}]},{"TestCase":{"Id":"c683f20b-0ef5-c1ef-13ba-1bcd0a9cf5fe","FullyQualifiedName":"SpendLess.UnitTests.Tests.DeserialisingObjectReturnsObject","DisplayName":"DeserialisingObjectReturnsObject","ExecutorUri":"executor://NUnit3TestExecutor","Source":"D:\\C#\\final\\SpendLess\\UnitTests\\bin\\Debug\\net7.0\\fine-code-coverage\\build-output\\Tests.dll","CodeFilePath":null,"LineNumber":0,"Properties":[{"Key":{"Id":"NUnit.Seed","Label":"Seed","Category":"","Description":"","Attributes":0,"ValueType":"System.String"},"Value":"478238611"}]},"Attachments":[],"Outcome":1,"ErrorMessage":null,"ErrorStackTrace":null,"DisplayName":"DeserialisingObjectReturnsObject","Messages":[],"ComputerName":"DESKTOP-4Q7MK15","Duration":"00:00:00.0013770","StartTime":"2022-12-20T15:16:58.9445543+00:00","EndTime":"2022-12-20T15:16:58.9459307+00:00","Properties":[{"Key":{"Id":"NUnit.Seed","Label":"Seed","Category":"","Description":"","Attributes":0,"ValueType":"System.String"},"Value":"478238611"}]},{"TestCase":{"Id":"e238e43c-bb17-de57-ce2c-6d0b3104055d","FullyQualifiedName":"SpendLess.UnitTests.Tests.GetDatesReturnProperResult","DisplayName":"GetDatesReturnProperResult","ExecutorUri":"executor://NUnit3TestExecutor","Source":"D:\\C#\\final\\SpendLess\\UnitTests\\bin\\Debug\\net7.0\\fine-code-coverage\\build-output\\Tests.dll","CodeFilePath":null,"LineNumber":0,"Properties":[{"Key":{"Id":"NUnit.Seed","Label":"Seed","Category":"","Description":"","Attributes":0,"ValueType":"System.String"},"Value":"1924092514"}]},"Attachments":[],"Outcome":1,"ErrorMessage":null,"ErrorStackTrace":null,"DisplayName":"GetDatesReturnProperResult","Messages":[],"ComputerName":"DESKTOP-4Q7MK15","Duration":"00:00:00.0031330","StartTime":"2022-12-20T15:16:58.9459437+00:00","EndTime":"2022-12-20T15:16:58.9490762+00:00","Properties":[{"Key":{"Id":"NUnit.Seed","Label":"Seed","Category":"","Description":"","Attributes":0,"ValueType":"System.String"},"Value":"1924092514"}]},{"TestCase":{"Id":"b5c747e5-a936-5496-dad7-d38f8aaf9b24","FullyQualifiedName":"SpendLess.UnitTests.Tests.GettingAuthenticationStateWithExpiredTokenNonAuthentificatedState","DisplayName":"GettingAuthenticationStateWithExpiredTokenNonAuthentificatedState","ExecutorUri":"executor://NUnit3TestExecutor","Source":"D:\\C#\\final\\SpendLess\\UnitTests\\bin\\Debug\\net7.0\\fine-code-coverage\\build-output\\Tests.dll","CodeFilePath":null,"LineNumber":0,"Properties":[{"Key":{"Id":"NUnit.Seed","Label":"Seed","Category":"","Description":"","Attributes":0,"ValueType":"System.String"},"Value":"1114935227"}]},"Attachments":[],"Outcome":1,"ErrorMessage":null,"ErrorStackTrace":null,"DisplayName":"GettingAuthenticationStateWithExpiredTokenNonAuthentificatedState","Messages":[],"ComputerName":"DESKTOP-4Q7MK15","Duration":"00:00:00.0735400","StartTime":"2022-12-20T15:16:58.9490923+00:00","EndTime":"2022-12-20T15:16:59.0226322+00:00","Properties":[{"Key":{"Id":"NUnit.Seed","Label":"Seed","Category":"","Description":"","Attributes":0,"ValueType":"System.String"},"Value":"1114935227"}]},{"TestCase":{"Id":"42ac38d1-4935-6dbb-8828-4021be986c6e","FullyQualifiedName":"SpendLess.UnitTests.Tests.GettingTransactionsListChangesTransactionList","DisplayName":"GettingTransactionsListChangesTransactionList","ExecutorUri":"executor://NUnit3TestExecutor","Source":"D:\\C#\\final\\SpendLess\\UnitTests\\bin\\Debug\\net7.0\\fine-code-coverage\\build-output\\Tests.dll","CodeFilePath":null,"LineNumber":0,"Properties":[{"Key":{"Id":"NUnit.Seed","Label":"Seed","Category":"","Description":"","Attributes":0,"ValueType":"System.String"},"Value":"1423476069"}]},"Attachments":[],"Outcome":1,"ErrorMessage":null,"ErrorStackTrace":null,"DisplayName":"GettingTransactionsListChangesTransactionList","Messages":[],"ComputerName":"DESKTOP-4Q7MK15","Duration":"00:00:00.0041660","StartTime":"2022-12-20T15:16:59.0226687+00:00","EndTime":"2022-12-20T15:16:59.0268345+00:00","Properties":[{"Key":{"Id":"NUnit.Seed","Label":"Seed","Category":"","Description":"","Attributes":0,"ValueType":"System.String"},"Value":"1423476069"}]},{"TestCase":{"Id":"8b4d999f-238d-5603-0ade-c648c5a160c2","FullyQualifiedName":"SpendLess.UnitTests.Tests.GettingTransactionsSetsTransactionList","DisplayName":"GettingTransactionsSetsTransactionList","ExecutorUri":"executor://NUnit3TestExecutor","Source":"D:\\C#\\final\\SpendLess\\UnitTests\\bin\\Debug\\net7.0\\fine-code-coverage\\build-output\\Tests.dll","CodeFilePath":null,"LineNumber":0,"Properties":[{"Key":{"Id":"NUnit.Seed","Label":"Seed","Category":"","Description":"","Attributes":0,"ValueType":"System.String"},"Value":"68467196"}]},"Attachments":[],"Outcome":1,"ErrorMessage":null,"ErrorStackTrace":null,"DisplayName":"GettingTransactionsSetsTransactionList","Messages":[],"ComputerName":"DESKTOP-4Q7MK15","Duration":"00:00:00.0022150","StartTime":"2022-12-20T15:16:59.0268633+00:00","EndTime":"2022-12-20T15:16:59.0290784+00:00","Properties":[{"Key":{"Id":"NUnit.Seed","Label":"Seed","Category":"","Description":"","Attributes":0,"ValueType":"System.String"},"Value":"68467196"}]},{"TestCase":{"Id":"4839d993-b52f-2234-a8ba-0de5d94e086b","FullyQualifiedName":"SpendLess.UnitTests.Tests.GettingUserNameSetsClassVariable","DisplayName":"GettingUserNameSetsClassVariable","ExecutorUri":"executor://NUnit3TestExecutor","Source":"D:\\C#\\final\\SpendLess\\UnitTests\\bin\\Debug\\net7.0\\fine-code-coverage\\build-output\\Tests.dll","CodeFilePath":null,"LineNumber":0,"Properties":[{"Key":{"Id":"NUnit.Seed","Label":"Seed","Category":"","Description":"","Attributes":0,"ValueType":"System.String"},"Value":"1138455031"}]},"Attachments":[],"Outcome":1,"ErrorMessage":null,"ErrorStackTrace":null,"DisplayName":"GettingUserNameSetsClassVariable","Messages":[],"ComputerName":"DESKTOP-4Q7MK15","Duration":"00:00:00.0083160","StartTime":"2022-12-20T15:16:59.0291061+00:00","EndTime":"2022-12-20T15:16:59.0374215+00:00","Properties":[{"Key":{"Id":"NUnit.Seed","Label":"Seed","Category":"","Description":"","Attributes":0,"ValueType":"System.String"},"Value":"1138455031"}]},{"TestCase":{"Id":"35b207c0-8602-2917-3499-1e12a2cdf949","FullyQualifiedName":"SpendLess.UnitTests.Tests.GetTransactionListFromDatabaseByUserId","DisplayName":"GetTransactionListFromDatabaseByUserId","ExecutorUri":"executor://NUnit3TestExecutor","Source":"D:\\C#\\final\\SpendLess\\UnitTests\\bin\\Debug\\net7.0\\fine-code-coverage\\build-output\\Tests.dll","CodeFilePath":null,"LineNumber":0,"Properties":[{"Key":{"Id":"NUnit.Seed","Label":"Seed","Category":"","Description":"","Attributes":0,"ValueType":"System.String"},"Value":"594574518"}]},"Attachments":[],"Outcome":1,"ErrorMessage":null,"ErrorStackTrace":null,"DisplayName":"GetTransactionListFromDatabaseByUserId","Messages":[],"ComputerName":"DESKTOP-4Q7MK15","Duration":"00:00:00.0027800","StartTime":"2022-12-20T15:16:59.0374522+00:00","EndTime":"2022-12-20T15:16:59.0402324+00:00","Properties":[{"Key":{"Id":"NUnit.Seed","Label":"Seed","Category":"","Description":"","Attributes":0,"ValueType":"System.String"},"Value":"594574518"}]}],"TestRunStatistics":{"ExecutedTests":18,"Stats":{"Passed":18}},"ActiveTests":[{"Id":"b2af0ac0-9188-1527-9ec8-ef477df6d2d7","FullyQualifiedName":"SpendLess.UnitTests.Tests.LoggingExceptionsToFile","DisplayName":"LoggingExceptionsToFile","ExecutorUri":"executor://NUnit3TestExecutor","Source":"D:\\C#\\final\\SpendLess\\UnitTests\\bin\\Debug\\net7.0\\fine-code-coverage\\build-output\\Tests.dll","CodeFilePath":null,"LineNumber":0,"Properties":[{"Key":{"Id":"NUnit.Seed","Label":"Seed","Category":"","Description":"","Attributes":0,"ValueType":"System.String"},"Value":"501990053"}]}]}}
TpTrace Verbose: 0 : 20136, 13, 2022/12/20, 17:16:59.045, 24053157761, vstest.console.dll, TestRunRequest:SendTestRunStatsChange: Starting.
TpTrace Verbose: 0 : 20136, 13, 2022/12/20, 17:16:59.045, 24053158877, vstest.console.dll, InProgress is LoggingExceptionsToFile
TpTrace Verbose: 0 : 20136, 13, 2022/12/20, 17:16:59.045, 24053159832, vstest.console.dll, MulticastDelegateUtilities.SafeInvoke: TestRun.RunStatsChanged: Invoking callbacks was skipped because there are no subscribers.
TpTrace Information: 0 : 20136, 13, 2022/12/20, 17:16:59.045, 24053160090, vstest.console.dll, TestRunRequest:SendTestRunStatsChange: Completed.
TpTrace Verbose: 0 : 20136, 13, 2022/12/20, 17:16:59.045, 24053160363, vstest.console.dll, MulticastDelegateUtilities.SafeInvoke: LengthPrefixCommunicationChannel: MessageReceived: Invoking callback 1/1 for Microsoft.VisualStudio.TestPlatform.CommunicationUtilities.TestRequestSender+<>c__DisplayClass31_0., took 2 ms.
TpTrace Verbose: 0 : 20136, 13, 2022/12/20, 17:16:59.045, 24053160629, vstest.console.dll, TcpClientExtensions.MessageLoopAsync: Polling on remoteEndPoint: 127.0.0.1:63132 localEndPoint: 127.0.0.1:63131
TpTrace Verbose: 0 : 20136, 4, 2022/12/20, 17:16:59.045, 24053161626, vstest.console.dll, MulticastDelegateUtilities.SafeInvoke: InternalTestLoggerEvents.SendTestResult: Invoking callback 1/1 for Microsoft.VisualStudio.TestPlatform.CommandLine.Internal.ConsoleLogger., took 0 ms.
TpTrace Verbose: 0 : 20136, 4, 2022/12/20, 17:16:59.045, 24053162118, vstest.console.dll, MulticastDelegateUtilities.SafeInvoke: InternalTestLoggerEvents.SendTestResult: Invoking callback 1/1 for Microsoft.VisualStudio.TestPlatform.CommandLine.Internal.ConsoleLogger., took 0 ms.
TpTrace Verbose: 0 : 20136, 4, 2022/12/20, 17:16:59.046, 24053171786, vstest.console.dll, MulticastDelegateUtilities.SafeInvoke: InternalTestLoggerEvents.SendTestResult: Invoking callback 1/1 for Microsoft.VisualStudio.TestPlatform.CommandLine.Internal.ConsoleLogger., took 0 ms.
TpTrace Verbose: 0 : 20136, 4, 2022/12/20, 17:16:59.047, 24053172942, vstest.console.dll, MulticastDelegateUtilities.SafeInvoke: InternalTestLoggerEvents.SendTestResult: Invoking callback 1/1 for Microsoft.VisualStudio.TestPlatform.CommandLine.Internal.ConsoleLogger., took 0 ms.
TpTrace Verbose: 0 : 20136, 4, 2022/12/20, 17:16:59.047, 24053173433, vstest.console.dll, MulticastDelegateUtilities.SafeInvoke: InternalTestLoggerEvents.SendTestResult: Invoking callback 1/1 for Microsoft.VisualStudio.TestPlatform.CommandLine.Internal.ConsoleLogger., took 0 ms.
TpTrace Verbose: 0 : 20136, 4, 2022/12/20, 17:16:59.047, 24053173808, vstest.console.dll, MulticastDelegateUtilities.SafeInvoke: InternalTestLoggerEvents.SendTestResult: Invoking callback 1/1 for Microsoft.VisualStudio.TestPlatform.CommandLine.Internal.ConsoleLogger., took 0 ms.
TpTrace Verbose: 0 : 20136, 4, 2022/12/20, 17:16:59.047, 24053174133, vstest.console.dll, MulticastDelegateUtilities.SafeInvoke: InternalTestLoggerEvents.SendTestResult: Invoking callback 1/1 for Microsoft.VisualStudio.TestPlatform.CommandLine.Internal.ConsoleLogger., took 0 ms.
TpTrace Verbose: 0 : 20136, 4, 2022/12/20, 17:16:59.047, 24053174404, vstest.console.dll, MulticastDelegateUtilities.SafeInvoke: InternalTestLoggerEvents.SendTestResult: Invoking callback 1/1 for Microsoft.VisualStudio.TestPlatform.CommandLine.Internal.ConsoleLogger., took 0 ms.
TpTrace Verbose: 0 : 20136, 4, 2022/12/20, 17:16:59.047, 24053174688, vstest.console.dll, MulticastDelegateUtilities.SafeInvoke: InternalTestLoggerEvents.SendTestResult: Invoking callback 1/1 for Microsoft.VisualStudio.TestPlatform.CommandLine.Internal.ConsoleLogger., took 0 ms.
TpTrace Verbose: 0 : 20136, 13, 2022/12/20, 17:16:59.101, 24053721403, vstest.console.dll, TcpClientExtensions.MessageLoopAsync: NotifyDataAvailable remoteEndPoint: 127.0.0.1:63132 localEndPoint: 127.0.0.1:63131
TpTrace Verbose: 0 : 20136, 13, 2022/12/20, 17:16:59.102, 24053723600, vstest.console.dll, TestRequestSender.OnExecutionMessageReceived: Received message: {"Version":7,"MessageType":"TestExecution.StatsChange","Payload":{"NewTestResults":[{"TestCase":{"Id":"b2af0ac0-9188-1527-9ec8-ef477df6d2d7","FullyQualifiedName":"SpendLess.UnitTests.Tests.LoggingExceptionsToFile","DisplayName":"LoggingExceptionsToFile","ExecutorUri":"executor://NUnit3TestExecutor","Source":"D:\\C#\\final\\SpendLess\\UnitTests\\bin\\Debug\\net7.0\\fine-code-coverage\\build-output\\Tests.dll","CodeFilePath":null,"LineNumber":0,"Properties":[{"Key":{"Id":"NUnit.Seed","Label":"Seed","Category":"","Description":"","Attributes":0,"ValueType":"System.String"},"Value":"501990053"}]},"Attachments":[],"Outcome":1,"ErrorMessage":null,"ErrorStackTrace":null,"DisplayName":"LoggingExceptionsToFile","Messages":[],"ComputerName":"DESKTOP-4Q7MK15","Duration":"00:00:00.0191340","StartTime":"2022-12-20T15:16:59.0402508+00:00","EndTime":"2022-12-20T15:16:59.0593836+00:00","Properties":[{"Key":{"Id":"NUnit.Seed","Label":"Seed","Category":"","Description":"","Attributes":0,"ValueType":"System.String"},"Value":"501990053"}]},{"TestCase":{"Id":"8f264d6f-8aaa-ecbc-e169-84f313aa63ef","FullyQualifiedName":"SpendLess.UnitTests.Tests.LoggingExceptionsToFileWhenExceptionIsThrownInMethod","DisplayName":"LoggingExceptionsToFileWhenExceptionIsThrownInMethod","ExecutorUri":"executor://NUnit3TestExecutor","Source":"D:\\C#\\final\\SpendLess\\UnitTests\\bin\\Debug\\net7.0\\fine-code-coverage\\build-output\\Tests.dll","CodeFilePath":null,"LineNumber":0,"Properties":[{"Key":{"Id":"NUnit.Seed","Label":"Seed","Category":"","Description":"","Attributes":0,"ValueType":"System.String"},"Value":"757262463"}]},"Attachments":[],"Outcome":1,"ErrorMessage":null,"ErrorStackTrace":null,"DisplayName":"LoggingExceptionsToFileWhenExceptionIsThrownInMethod","Messages":[],"ComputerName":"DESKTOP-4Q7MK15","Duration":"00:00:00.0135350","StartTime":"2022-12-20T15:16:59.0594269+00:00","EndTime":"2022-12-20T15:16:59.0729611+00:00","Properties":[{"Key":{"Id":"NUnit.Seed","Label":"Seed","Category":"","Description":"","Attributes":0,"ValueType":"System.String"},"Value":"757262463"}]},{"TestCase":{"Id":"d3460250-e7c3-35d7-8cd8-057bb537b526","FullyQualifiedName":"SpendLess.UnitTests.Tests.LoggingToNonExistingAccountInDatabaseReturnsLoginResponseWithNullToken","DisplayName":"LoggingToNonExistingAccountInDatabaseReturnsLoginResponseWithNullToken","ExecutorUri":"executor://NUnit3TestExecutor","Source":"D:\\C#\\final\\SpendLess\\UnitTests\\bin\\Debug\\net7.0\\fine-code-coverage\\build-output\\Tests.dll","CodeFilePath":null,"LineNumber":0,"Properties":[{"Key":{"Id":"NUnit.Seed","Label":"Seed","Category":"","Description":"","Attributes":0,"ValueType":"System.String"},"Value":"1803893879"}]},"Attachments":[],"Outcome":1,"ErrorMessage":null,"ErrorStackTrace":null,"DisplayName":"LoggingToNonExistingAccountInDatabaseReturnsLoginResponseWithNullToken","Messages":[],"ComputerName":"DESKTOP-4Q7MK15","Duration":"00:00:00.0101730","StartTime":"2022-12-20T15:16:59.0729865+00:00","EndTime":"2022-12-20T15:16:59.0831591+00:00","Properties":[{"Key":{"Id":"NUnit.Seed","Label":"Seed","Category":"","Description":"","Attributes":0,"ValueType":"System.String"},"Value":"1803893879"}]},{"TestCase":{"Id":"5a3bb935-45b4-b95b-ac0a-578a40f1a68b","FullyQualifiedName":"SpendLess.UnitTests.Tests.NewlyAddedTransactionReceivesId","DisplayName":"NewlyAddedTransactionReceivesId","ExecutorUri":"executor://NUnit3TestExecutor","Source":"D:\\C#\\final\\SpendLess\\UnitTests\\bin\\Debug\\net7.0\\fine-code-coverage\\build-output\\Tests.dll","CodeFilePath":null,"LineNumber":0,"Properties":[{"Key":{"Id":"NUnit.Seed","Label":"Seed","Category":"","Description":"","Attributes":0,"ValueType":"System.String"},"Value":"536562044"}]},"Attachments":[],"Outcome":1,"ErrorMessage":null,"ErrorStackTrace":null,"DisplayName":"NewlyAddedTransactionReceivesId","Messages":[],"ComputerName":"DESKTOP-4Q7MK15","Duration":"00:00:00.0029979","StartTime":"2022-12-20T15:16:59.083185+00:00","EndTime":"2022-12-20T15:16:59.0861829+00:00","Properties":[{"Key":{"Id":"NUnit.Seed","Label":"Seed","Category":"","Description":"","Attributes":0,"ValueType":"System.String"},"Value":"536562044"}]},{"TestCase":{"Id":"4bd765fd-7dbb-9110-7107-c8d7a8d957e5","FullyQualifiedName":"SpendLess.UnitTests.Tests.ParsingJwtReturnsIEnumerableWithClaims","DisplayName":"ParsingJwtReturnsIEnumerableWithClaims","ExecutorUri":"executor://NUnit3TestExecutor","Source":"D:\\C#\\final\\SpendLess\\UnitTests\\bin\\Debug\\net7.0\\fine-code-coverage\\build-output\\Tests.dll","CodeFilePath":null,"LineNumber":0,"Properties":[{"Key":{"Id":"NUnit.Seed","Label":"Seed","Category":"","Description":"","Attributes":0,"ValueType":"System.String"},"Value":"1200194956"}]},"Attachments":[],"Outcome":1,"ErrorMessage":null,"ErrorStackTrace":null,"DisplayName":"ParsingJwtReturnsIEnumerableWithClaims","Messages":[],"ComputerName":"DESKTOP-4Q7MK15","Duration":"00:00:00.0044669","StartTime":"2022-12-20T15:16:59.0862028+00:00","EndTime":"2022-12-20T15:16:59.090669+00:00","Properties":[{"Key":{"Id":"NUnit.Seed","Label":"Seed","Category":"","Description":"","Attributes":0,"ValueType":"System.String"},"Value":"1200194956"}]},{"TestCase":{"Id":"55a182ec-c9cc-ff17-169c-2ff8b275ae41","FullyQualifiedName":"SpendLess.UnitTests.Tests.ProvidingEmptyEmailReturnsMessage","DisplayName":"ProvidingEmptyEmailReturnsMessage","ExecutorUri":"executor://NUnit3TestExecutor","Source":"D:\\C#\\final\\SpendLess\\UnitTests\\bin\\Debug\\net7.0\\fine-code-coverage\\build-output\\Tests.dll","CodeFilePath":null,"LineNumber":0,"Properties":[{"Key":{"Id":"NUnit.Seed","Label":"Seed","Category":"","Description":"","Attributes":0,"ValueType":"System.String"},"Value":"1235973433"}]},"Attachments":[],"Outcome":1,"ErrorMessage":null,"ErrorStackTrace":null,"DisplayName":"ProvidingEmptyEmailReturnsMessage","Messages":[],"ComputerName":"DESKTOP-4Q7MK15","Duration":"00:00:00.0011110","StartTime":"2022-12-20T15:16:59.0906893+00:00","EndTime":"2022-12-20T15:16:59.0918004+00:00","Properties":[{"Key":{"Id":"NUnit.Seed","Label":"Seed","Category":"","Description":"","Attributes":0,"ValueType":"System.String"},"Value":"1235973433"}]},{"TestCase":{"Id":"2fc852fe-7391-3434-4237-b3aad133f62c","FullyQualifiedName":"SpendLess.UnitTests.Tests.ProvidingEmptyPasswordReturnsMessage","DisplayName":"ProvidingEmptyPasswordReturnsMessage","ExecutorUri":"executor://NUnit3TestExecutor","Source":"D:\\C#\\final\\SpendLess\\UnitTests\\bin\\Debug\\net7.0\\fine-code-coverage\\build-output\\Tests.dll","CodeFilePath":null,"LineNumber":0,"Properties":[{"Key":{"Id":"NUnit.Seed","Label":"Seed","Category":"","Description":"","Attributes":0,"ValueType":"System.String"},"Value":"1344719060"}]},"Attachments":[],"Outcome":1,"ErrorMessage":null,"ErrorStackTrace":null,"DisplayName":"ProvidingEmptyPasswordReturnsMessage","Messages":[],"ComputerName":"DESKTOP-4Q7MK15","Duration":"00:00:00.0010480","StartTime":"2022-12-20T15:16:59.0918185+00:00","EndTime":"2022-12-20T15:16:59.0928665+00:00","Properties":[{"Key":{"Id":"NUnit.Seed","Label":"Seed","Category":"","Description":"","Attributes":0,"ValueType":"System.String"},"Value":"1344719060"}]},{"TestCase":{"Id":"60f32ccb-c31e-e61a-f415-b2f677db7d6d","FullyQualifiedName":"SpendLess.UnitTests.Tests.ProvidingInvalidEmailReturnsMessage(\"email\")","DisplayName":"ProvidingInvalidEmailReturnsMessage(\"email\")","ExecutorUri":"executor://NUnit3TestExecutor","Source":"D:\\C#\\final\\SpendLess\\UnitTests\\bin\\Debug\\net7.0\\fine-code-coverage\\build-output\\Tests.dll","CodeFilePath":null,"LineNumber":0,"Properties":[{"Key":{"Id":"NUnit.Seed","Label":"Seed","Category":"","Description":"","Attributes":0,"ValueType":"System.String"},"Value":"1138904624"}]},"Attachments":[],"Outcome":1,"ErrorMessage":null,"ErrorStackTrace":null,"DisplayName":"ProvidingInvalidEmailReturnsMessage(\"email\")","Messages":[],"ComputerName":"DESKTOP-4Q7MK15","Duration":"00:00:00.0052830","StartTime":"2022-12-20T15:16:59.0929065+00:00","EndTime":"2022-12-20T15:16:59.0981895+00:00","Properties":[{"Key":{"Id":"NUnit.Seed","Label":"Seed","Category":"","Description":"","Attributes":0,"ValueType":"System.String"},"Value":"1138904624"}]},{"TestCase":{"Id":"d41efd26-e249-721a-c806-cabf3adfeadc","FullyQualifiedName":"SpendLess.UnitTests.Tests.ProvidingInvalidEmailReturnsMessage(\"email@\")","DisplayName":"ProvidingInvalidEmailReturnsMessage(\"email@\")","ExecutorUri":"executor://NUnit3TestExecutor","Source":"D:\\C#\\final\\SpendLess\\UnitTests\\bin\\Debug\\net7.0\\fine-code-coverage\\build-output\\Tests.dll","CodeFilePath":null,"LineNumber":0,"Properties":[{"Key":{"Id":"NUnit.Seed","Label":"Seed","Category":"","Description":"","Attributes":0,"ValueType":"System.String"},"Value":"1166681582"}]},"Attachments":[],"Outcome":1,"ErrorMessage":null,"ErrorStackTrace":null,"DisplayName":"ProvidingInvalidEmailReturnsMessage(\"email@\")","Messages":[],"ComputerName":"DESKTOP-4Q7MK15","Duration":"00:00:00.0017100","StartTime":"2022-12-20T15:16:59.0982196+00:00","EndTime":"2022-12-20T15:16:59.099929+00:00","Properties":[{"Key":{"Id":"NUnit.Seed","Label":"Seed","Category":"","Description":"","Attributes":0,"ValueType":"System.String"},"Value":"1166681582"}]}],"TestRunStatistics":{"ExecutedTests":27,"Stats":{"Passed":27}},"ActiveTests":[{"Id":"dcc59305-45c4-45bb-3cfd-f16840d115d4","FullyQualifiedName":"SpendLess.UnitTests.Tests.ProvidingInvalidEmailReturnsMessage(\"email@com\")","DisplayName":"ProvidingInvalidEmailReturnsMessage(\"email@com\")","ExecutorUri":"executor://NUnit3TestExecutor","Source":"D:\\C#\\final\\SpendLess\\UnitTests\\bin\\Debug\\net7.0\\fine-code-coverage\\build-output\\Tests.dll","CodeFilePath":null,"LineNumber":0,"Properties":[{"Key":{"Id":"NUnit.Seed","Label":"Seed","Category":"","Description":"","Attributes":0,"ValueType":"System.String"},"Value":"1095235417"}]}]}}
TpTrace Verbose: 0 : 20136, 13, 2022/12/20, 17:16:59.103, 24053737050, vstest.console.dll, TestRunRequest:SendTestRunStatsChange: Starting.
TpTrace Verbose: 0 : 20136, 13, 2022/12/20, 17:16:59.103, 24053738692, vstest.console.dll, InProgress is ProvidingInvalidEmailReturnsMessage("email@com")
TpTrace Verbose: 0 : 20136, 13, 2022/12/20, 17:16:59.103, 24053739321, vstest.console.dll, MulticastDelegateUtilities.SafeInvoke: TestRun.RunStatsChanged: Invoking callbacks was skipped because there are no subscribers.
TpTrace Information: 0 : 20136, 13, 2022/12/20, 17:16:59.103, 24053739573, vstest.console.dll, TestRunRequest:SendTestRunStatsChange: Completed.
TpTrace Verbose: 0 : 20136, 13, 2022/12/20, 17:16:59.103, 24053739849, vstest.console.dll, MulticastDelegateUtilities.SafeInvoke: LengthPrefixCommunicationChannel: MessageReceived: Invoking callback 1/1 for Microsoft.VisualStudio.TestPlatform.CommunicationUtilities.TestRequestSender+<>c__DisplayClass31_0., took 1 ms.
TpTrace Verbose: 0 : 20136, 13, 2022/12/20, 17:16:59.103, 24053740155, vstest.console.dll, TcpClientExtensions.MessageLoopAsync: Polling on remoteEndPoint: 127.0.0.1:63132 localEndPoint: 127.0.0.1:63131
TpTrace Verbose: 0 : 20136, 4, 2022/12/20, 17:16:59.103, 24053740325, vstest.console.dll, MulticastDelegateUtilities.SafeInvoke: InternalTestLoggerEvents.SendTestResult: Invoking callback 1/1 for Microsoft.VisualStudio.TestPlatform.CommandLine.Internal.ConsoleLogger., took 0 ms.
TpTrace Verbose: 0 : 20136, 4, 2022/12/20, 17:16:59.103, 24053740972, vstest.console.dll, MulticastDelegateUtilities.SafeInvoke: InternalTestLoggerEvents.SendTestResult: Invoking callback 1/1 for Microsoft.VisualStudio.TestPlatform.CommandLine.Internal.ConsoleLogger., took 0 ms.
TpTrace Verbose: 0 : 20136, 4, 2022/12/20, 17:16:59.103, 24053741212, vstest.console.dll, MulticastDelegateUtilities.SafeInvoke: InternalTestLoggerEvents.SendTestResult: Invoking callback 1/1 for Microsoft.VisualStudio.TestPlatform.CommandLine.Internal.ConsoleLogger., took 0 ms.
TpTrace Verbose: 0 : 20136, 4, 2022/12/20, 17:16:59.103, 24053741465, vstest.console.dll, MulticastDelegateUtilities.SafeInvoke: InternalTestLoggerEvents.SendTestResult: Invoking callback 1/1 for Microsoft.VisualStudio.TestPlatform.CommandLine.Internal.ConsoleLogger., took 0 ms.
TpTrace Verbose: 0 : 20136, 4, 2022/12/20, 17:16:59.103, 24053741716, vstest.console.dll, MulticastDelegateUtilities.SafeInvoke: InternalTestLoggerEvents.SendTestResult: Invoking callback 1/1 for Microsoft.VisualStudio.TestPlatform.CommandLine.Internal.ConsoleLogger., took 0 ms.
TpTrace Verbose: 0 : 20136, 4, 2022/12/20, 17:16:59.103, 24053741955, vstest.console.dll, MulticastDelegateUtilities.SafeInvoke: InternalTestLoggerEvents.SendTestResult: Invoking callback 1/1 for Microsoft.VisualStudio.TestPlatform.CommandLine.Internal.ConsoleLogger., took 0 ms.
TpTrace Verbose: 0 : 20136, 4, 2022/12/20, 17:16:59.103, 24053742179, vstest.console.dll, MulticastDelegateUtilities.SafeInvoke: InternalTestLoggerEvents.SendTestResult: Invoking callback 1/1 for Microsoft.VisualStudio.TestPlatform.CommandLine.Internal.ConsoleLogger., took 0 ms.
TpTrace Verbose: 0 : 20136, 4, 2022/12/20, 17:16:59.103, 24053742431, vstest.console.dll, MulticastDelegateUtilities.SafeInvoke: InternalTestLoggerEvents.SendTestResult: Invoking callback 1/1 for Microsoft.VisualStudio.TestPlatform.CommandLine.Internal.ConsoleLogger., took 0 ms.
TpTrace Verbose: 0 : 20136, 4, 2022/12/20, 17:16:59.104, 24053742672, vstest.console.dll, MulticastDelegateUtilities.SafeInvoke: InternalTestLoggerEvents.SendTestResult: Invoking callback 1/1 for Microsoft.VisualStudio.TestPlatform.CommandLine.Internal.ConsoleLogger., took 0 ms.
TpTrace Verbose: 0 : 20136, 13, 2022/12/20, 17:16:59.145, 24054160793, vstest.console.dll, TcpClientExtensions.MessageLoopAsync: NotifyDataAvailable remoteEndPoint: 127.0.0.1:63132 localEndPoint: 127.0.0.1:63131
TpTrace Verbose: 0 : 20136, 13, 2022/12/20, 17:16:59.145, 24054162269, vstest.console.dll, TestRequestSender.OnExecutionMessageReceived: Received message: {"Version":7,"MessageType":"TestExecution.StatsChange","Payload":{"NewTestResults":[{"TestCase":{"Id":"dcc59305-45c4-45bb-3cfd-f16840d115d4","FullyQualifiedName":"SpendLess.UnitTests.Tests.ProvidingInvalidEmailReturnsMessage(\"email@com\")","DisplayName":"ProvidingInvalidEmailReturnsMessage(\"email@com\")","ExecutorUri":"executor://NUnit3TestExecutor","Source":"D:\\C#\\final\\SpendLess\\UnitTests\\bin\\Debug\\net7.0\\fine-code-coverage\\build-output\\Tests.dll","CodeFilePath":null,"LineNumber":0,"Properties":[{"Key":{"Id":"NUnit.Seed","Label":"Seed","Category":"","Description":"","Attributes":0,"ValueType":"System.String"},"Value":"1095235417"}]},"Attachments":[],"Outcome":1,"ErrorMessage":null,"ErrorStackTrace":null,"DisplayName":"ProvidingInvalidEmailReturnsMessage(\"email@com\")","Messages":[],"ComputerName":"DESKTOP-4Q7MK15","Duration":"00:00:00.0014350","StartTime":"2022-12-20T15:16:59.0999517+00:00","EndTime":"2022-12-20T15:16:59.101386+00:00","Properties":[{"Key":{"Id":"NUnit.Seed","Label":"Seed","Category":"","Description":"","Attributes":0,"ValueType":"System.String"},"Value":"1095235417"}]},{"TestCase":{"Id":"a0428869-1553-7379-7178-b02f7ea25dd0","FullyQualifiedName":"SpendLess.UnitTests.Tests.ProvidingInvalidEmailReturnsMessage(\"@gmail.com\")","DisplayName":"ProvidingInvalidEmailReturnsMessage(\"@gmail.com\")","ExecutorUri":"executor://NUnit3TestExecutor","Source":"D:\\C#\\final\\SpendLess\\UnitTests\\bin\\Debug\\net7.0\\fine-code-coverage\\build-output\\Tests.dll","CodeFilePath":null,"LineNumber":0,"Properties":[{"Key":{"Id":"NUnit.Seed","Label":"Seed","Category":"","Description":"","Attributes":0,"ValueType":"System.String"},"Value":"1076295606"}]},"Attachments":[],"Outcome":1,"ErrorMessage":null,"ErrorStackTrace":null,"DisplayName":"ProvidingInvalidEmailReturnsMessage(\"@gmail.com\")","Messages":[],"ComputerName":"DESKTOP-4Q7MK15","Duration":"00:00:00.0065400","StartTime":"2022-12-20T15:16:59.1014101+00:00","EndTime":"2022-12-20T15:16:59.1079495+00:00","Properties":[{"Key":{"Id":"NUnit.Seed","Label":"Seed","Category":"","Description":"","Attributes":0,"ValueType":"System.String"},"Value":"1076295606"}]},{"TestCase":{"Id":"c18e0101-174d-633b-e10e-50bba1166fda","FullyQualifiedName":"SpendLess.UnitTests.Tests.ProvidingInvalidRequestReturnsFalse","DisplayName":"ProvidingInvalidRequestReturnsFalse","ExecutorUri":"executor://NUnit3TestExecutor","Source":"D:\\C#\\final\\SpendLess\\UnitTests\\bin\\Debug\\net7.0\\fine-code-coverage\\build-output\\Tests.dll","CodeFilePath":null,"LineNumber":0,"Properties":[{"Key":{"Id":"NUnit.Seed","Label":"Seed","Category":"","Description":"","Attributes":0,"ValueType":"System.String"},"Value":"1598235167"}]},"Attachments":[],"Outcome":1,"ErrorMessage":null,"ErrorStackTrace":null,"DisplayName":"ProvidingInvalidRequestReturnsFalse","Messages":[],"ComputerName":"DESKTOP-4Q7MK15","Duration":"00:00:00.0015830","StartTime":"2022-12-20T15:16:59.1098469+00:00","EndTime":"2022-12-20T15:16:59.1114297+00:00","Properties":[{"Key":{"Id":"NUnit.Seed","Label":"Seed","Category":"","Description":"","Attributes":0,"ValueType":"System.String"},"Value":"1598235167"}]},{"TestCase":{"Id":"e35f2ea4-bbef-1af6-4aa4-91d984a9c773","FullyQualifiedName":"SpendLess.UnitTests.Tests.ProvidingPasswordWithoutCapitalLettersReturnsMessage","DisplayName":"ProvidingPasswordWithoutCapitalLettersReturnsMessage","ExecutorUri":"executor://NUnit3TestExecutor","Source":"D:\\C#\\final\\SpendLess\\UnitTests\\bin\\Debug\\net7.0\\fine-code-coverage\\build-output\\Tests.dll","CodeFilePath":null,"LineNumber":0,"Properties":[{"Key":{"Id":"NUnit.Seed","Label":"Seed","Category":"","Description":"","Attributes":0,"ValueType":"System.String"},"Value":"1220819645"}]},"Attachments":[],"Outcome":1,"ErrorMessage":null,"ErrorStackTrace":null,"DisplayName":"ProvidingPasswordWithoutCapitalLettersReturnsMessage","Messages":[],"ComputerName":"DESKTOP-4Q7MK15","Duration":"00:00:00.0025829","StartTime":"2022-12-20T15:16:59.1114514+00:00","EndTime":"2022-12-20T15:16:59.1140341+00:00","Properties":[{"Key":{"Id":"NUnit.Seed","Label":"Seed","Category":"","Description":"","Attributes":0,"ValueType":"System.String"},"Value":"1220819645"}]},{"TestCase":{"Id":"34eb0fb8-772e-5dc2-9810-5905fa099219","FullyQualifiedName":"SpendLess.UnitTests.Tests.ProvidingPasswordWithoutDigitsReturnsMessage","DisplayName":"ProvidingPasswordWithoutDigitsReturnsMessage","ExecutorUri":"executor://NUnit3TestExecutor","Source":"D:\\C#\\final\\SpendLess\\UnitTests\\bin\\Debug\\net7.0\\fine-code-coverage\\build-output\\Tests.dll","CodeFilePath":null,"LineNumber":0,"Properties":[{"Key":{"Id":"NUnit.Seed","Label":"Seed","Category":"","Description":"","Attributes":0,"ValueType":"System.String"},"Value":"1373741781"}]},"Attachments":[],"Outcome":1,"ErrorMessage":null,"ErrorStackTrace":null,"DisplayName":"ProvidingPasswordWithoutDigitsReturnsMessage","Messages":[],"ComputerName":"DESKTOP-4Q7MK15","Duration":"00:00:00.0014310","StartTime":"2022-12-20T15:16:59.1142346+00:00","EndTime":"2022-12-20T15:16:59.1156657+00:00","Properties":[{"Key":{"Id":"NUnit.Seed","Label":"Seed","Category":"","Description":"","Attributes":0,"ValueType":"System.String"},"Value":"1373741781"}]},{"TestCase":{"Id":"c4b92e1f-a83a-8a41-a151-f7e2af7e6825","FullyQualifiedName":"SpendLess.UnitTests.Tests.ProvidingPasswordWithoutLowercaseLettersReturnsMessage","DisplayName":"ProvidingPasswordWithoutLowercaseLettersReturnsMessage","ExecutorUri":"executor://NUnit3TestExecutor","Source":"D:\\C#\\final\\SpendLess\\UnitTests\\bin\\Debug\\net7.0\\fine-code-coverage\\build-output\\Tests.dll","CodeFilePath":null,"LineNumber":0,"Properties":[{"Key":{"Id":"NUnit.Seed","Label":"Seed","Category":"","Description":"","Attributes":0,"ValueType":"System.String"},"Value":"60733981"}]},"Attachments":[],"Outcome":1,"ErrorMessage":null,"ErrorStackTrace":null,"DisplayName":"ProvidingPasswordWithoutLowercaseLettersReturnsMessage","Messages":[],"ComputerName":"DESKTOP-4Q7MK15","Duration":"00:00:00.0010760","StartTime":"2022-12-20T15:16:59.1156818+00:00","EndTime":"2022-12-20T15:16:59.1167576+00:00","Properties":[{"Key":{"Id":"NUnit.Seed","Label":"Seed","Category":"","Description":"","Attributes":0,"ValueType":"System.String"},"Value":"60733981"}]},{"TestCase":{"Id":"01356e1c-675e-627a-bfad-03b437dcd75d","FullyQualifiedName":"SpendLess.UnitTests.Tests.ProvidingTooShortPasswordReturnsMessage","DisplayName":"ProvidingTooShortPasswordReturnsMessage","ExecutorUri":"executor://NUnit3TestExecutor","Source":"D:\\C#\\final\\SpendLess\\UnitTests\\bin\\Debug\\net7.0\\fine-code-coverage\\build-output\\Tests.dll","CodeFilePath":null,"LineNumber":0,"Properties":[{"Key":{"Id":"NUnit.Seed","Label":"Seed","Category":"","Description":"","Attributes":0,"ValueType":"System.String"},"Value":"1274997565"}]},"Attachments":[],"Outcome":1,"ErrorMessage":null,"ErrorStackTrace":null,"DisplayName":"ProvidingTooShortPasswordReturnsMessage","Messages":[],"ComputerName":"DESKTOP-4Q7MK15","Duration":"00:00:00.0011400","StartTime":"2022-12-20T15:16:59.1167746+00:00","EndTime":"2022-12-20T15:16:59.1179141+00:00","Properties":[{"Key":{"Id":"NUnit.Seed","Label":"Seed","Category":"","Description":"","Attributes":0,"ValueType":"System.String"},"Value":"1274997565"}]},{"TestCase":{"Id":"0080d53b-2f37-bf12-384e-2587bd2c6f04","FullyQualifiedName":"SpendLess.UnitTests.Tests.RegisteringWithExistingAccountInDatabaseReturnsLoginResponseWithNullToken","DisplayName":"RegisteringWithExistingAccountInDatabaseReturnsLoginResponseWithNullToken","ExecutorUri":"executor://NUnit3TestExecutor","Source":"D:\\C#\\final\\SpendLess\\UnitTests\\bin\\Debug\\net7.0\\fine-code-coverage\\build-output\\Tests.dll","CodeFilePath":null,"LineNumber":0,"Properties":[{"Key":{"Id":"NUnit.Seed","Label":"Seed","Category":"","Description":"","Attributes":0,"ValueType":"System.String"},"Value":"268887723"}]},"Attachments":[],"Outcome":1,"ErrorMessage":null,"ErrorStackTrace":null,"DisplayName":"RegisteringWithExistingAccountInDatabaseReturnsLoginResponseWithNullToken","Messages":[],"ComputerName":"DESKTOP-4Q7MK15","Duration":"00:00:00.0070710","StartTime":"2022-12-20T15:16:59.1179296+00:00","EndTime":"2022-12-20T15:16:59.1249996+00:00","Properties":[{"Key":{"Id":"NUnit.Seed","Label":"Seed","Category":"","Description":"","Attributes":0,"ValueType":"System.String"},"Value":"268887723"}]},{"TestCase":{"Id":"fafcf8c7-0973-7c59-520e-af4c07da5d80","FullyQualifiedName":"SpendLess.UnitTests.Tests.RegisteringWithNewAccountInDatabaseReturnsLoginResponseWithSuccessMessage","DisplayName":"RegisteringWithNewAccountInDatabaseReturnsLoginResponseWithSuccessMessage","ExecutorUri":"executor://NUnit3TestExecutor","Source":"D:\\C#\\final\\SpendLess\\UnitTests\\bin\\Debug\\net7.0\\fine-code-coverage\\build-output\\Tests.dll","CodeFilePath":null,"LineNumber":0,"Properties":[{"Key":{"Id":"NUnit.Seed","Label":"Seed","Category":"","Description":"","Attributes":0,"ValueType":"System.String"},"Value":"1866464061"}]},"Attachments":[],"Outcome":1,"ErrorMessage":null,"ErrorStackTrace":null,"DisplayName":"RegisteringWithNewAccountInDatabaseReturnsLoginResponseWithSuccessMessage","Messages":[],"ComputerName":"DESKTOP-4Q7MK15","Duration":"00:00:00.0189580","StartTime":"2022-12-20T15:16:59.1250301+00:00","EndTime":"2022-12-20T15:16:59.143987+00:00","Properties":[{"Key":{"Id":"NUnit.Seed","Label":"Seed","Category":"","Description":"","Attributes":0,"ValueType":"System.String"},"Value":"1866464061"}]}],"TestRunStatistics":{"ExecutedTests":36,"Stats":{"Passed":36}},"ActiveTests":[{"Id":"e1d63458-3b37-589e-b549-a4a28601ce6f","FullyQualifiedName":"SpendLess.UnitTests.Tests.RemovingTransactionWithPageServiceRemovesFromList","DisplayName":"RemovingTransactionWithPageServiceRemovesFromList","ExecutorUri":"executor://NUnit3TestExecutor","Source":"D:\\C#\\final\\SpendLess\\UnitTests\\bin\\Debug\\net7.0\\fine-code-coverage\\build-output\\Tests.dll","CodeFilePath":null,"LineNumber":0,"Properties":[{"Key":{"Id":"NUnit.Seed","Label":"Seed","Category":"","Description":"","Attributes":0,"ValueType":"System.String"},"Value":"1394838880"}]}]}}
TpTrace Verbose: 0 : 20136, 13, 2022/12/20, 17:16:59.146, 24054169232, vstest.console.dll, TestRunRequest:SendTestRunStatsChange: Starting.
TpTrace Verbose: 0 : 20136, 13, 2022/12/20, 17:16:59.146, 24054169596, vstest.console.dll, InProgress is RemovingTransactionWithPageServiceRemovesFromList
TpTrace Verbose: 0 : 20136, 13, 2022/12/20, 17:16:59.146, 24054169874, vstest.console.dll, MulticastDelegateUtilities.SafeInvoke: TestRun.RunStatsChanged: Invoking callbacks was skipped because there are no subscribers.
TpTrace Information: 0 : 20136, 13, 2022/12/20, 17:16:59.146, 24054170014, vstest.console.dll, TestRunRequest:SendTestRunStatsChange: Completed.
TpTrace Verbose: 0 : 20136, 13, 2022/12/20, 17:16:59.146, 24054170167, vstest.console.dll, MulticastDelegateUtilities.SafeInvoke: LengthPrefixCommunicationChannel: MessageReceived: Invoking callback 1/1 for Microsoft.VisualStudio.TestPlatform.CommunicationUtilities.TestRequestSender+<>c__DisplayClass31_0., took 0 ms.
TpTrace Verbose: 0 : 20136, 13, 2022/12/20, 17:16:59.146, 24054170327, vstest.console.dll, TcpClientExtensions.MessageLoopAsync: Polling on remoteEndPoint: 127.0.0.1:63132 localEndPoint: 127.0.0.1:63131
TpTrace Verbose: 0 : 20136, 4, 2022/12/20, 17:16:59.146, 24054171174, vstest.console.dll, MulticastDelegateUtilities.SafeInvoke: InternalTestLoggerEvents.SendTestResult: Invoking callback 1/1 for Microsoft.VisualStudio.TestPlatform.CommandLine.Internal.ConsoleLogger., took 0 ms.
TpTrace Verbose: 0 : 20136, 4, 2022/12/20, 17:16:59.146, 24054171745, vstest.console.dll, MulticastDelegateUtilities.SafeInvoke: InternalTestLoggerEvents.SendTestResult: Invoking callback 1/1 for Microsoft.VisualStudio.TestPlatform.CommandLine.Internal.ConsoleLogger., took 0 ms.
TpTrace Verbose: 0 : 20136, 4, 2022/12/20, 17:16:59.146, 24054171951, vstest.console.dll, MulticastDelegateUtilities.SafeInvoke: InternalTestLoggerEvents.SendTestResult: Invoking callback 1/1 for Microsoft.VisualStudio.TestPlatform.CommandLine.Internal.ConsoleLogger., took 0 ms.
TpTrace Verbose: 0 : 20136, 4, 2022/12/20, 17:16:59.146, 24054172129, vstest.console.dll, MulticastDelegateUtilities.SafeInvoke: InternalTestLoggerEvents.SendTestResult: Invoking callback 1/1 for Microsoft.VisualStudio.TestPlatform.CommandLine.Internal.ConsoleLogger., took 0 ms.
TpTrace Verbose: 0 : 20136, 4, 2022/12/20, 17:16:59.146, 24054172330, vstest.console.dll, MulticastDelegateUtilities.SafeInvoke: InternalTestLoggerEvents.SendTestResult: Invoking callback 1/1 for Microsoft.VisualStudio.TestPlatform.CommandLine.Internal.ConsoleLogger., took 0 ms.
TpTrace Verbose: 0 : 20136, 4, 2022/12/20, 17:16:59.147, 24054172570, vstest.console.dll, MulticastDelegateUtilities.SafeInvoke: InternalTestLoggerEvents.SendTestResult: Invoking callback 1/1 for Microsoft.VisualStudio.TestPlatform.CommandLine.Internal.ConsoleLogger., took 0 ms.
TpTrace Verbose: 0 : 20136, 4, 2022/12/20, 17:16:59.147, 24054172740, vstest.console.dll, MulticastDelegateUtilities.SafeInvoke: InternalTestLoggerEvents.SendTestResult: Invoking callback 1/1 for Microsoft.VisualStudio.TestPlatform.CommandLine.Internal.ConsoleLogger., took 0 ms.
TpTrace Verbose: 0 : 20136, 4, 2022/12/20, 17:16:59.147, 24054172918, vstest.console.dll, MulticastDelegateUtilities.SafeInvoke: InternalTestLoggerEvents.SendTestResult: Invoking callback 1/1 for Microsoft.VisualStudio.TestPlatform.CommandLine.Internal.ConsoleLogger., took 0 ms.
TpTrace Verbose: 0 : 20136, 4, 2022/12/20, 17:16:59.147, 24054173082, vstest.console.dll, MulticastDelegateUtilities.SafeInvoke: InternalTestLoggerEvents.SendTestResult: Invoking callback 1/1 for Microsoft.VisualStudio.TestPlatform.CommandLine.Internal.ConsoleLogger., took 0 ms.
TpTrace Verbose: 0 : 20136, 13, 2022/12/20, 17:16:59.207, 24054778241, vstest.console.dll, TcpClientExtensions.MessageLoopAsync: NotifyDataAvailable remoteEndPoint: 127.0.0.1:63132 localEndPoint: 127.0.0.1:63131
TpTrace Verbose: 0 : 20136, 13, 2022/12/20, 17:16:59.207, 24054780247, vstest.console.dll, TestRequestSender.OnExecutionMessageReceived: Received message: {"Version":7,"MessageType":"TestExecution.StatsChange","Payload":{"NewTestResults":[{"TestCase":{"Id":"e1d63458-3b37-589e-b549-a4a28601ce6f","FullyQualifiedName":"SpendLess.UnitTests.Tests.RemovingTransactionWithPageServiceRemovesFromList","DisplayName":"RemovingTransactionWithPageServiceRemovesFromList","ExecutorUri":"executor://NUnit3TestExecutor","Source":"D:\\C#\\final\\SpendLess\\UnitTests\\bin\\Debug\\net7.0\\fine-code-coverage\\build-output\\Tests.dll","CodeFilePath":null,"LineNumber":0,"Properties":[{"Key":{"Id":"NUnit.Seed","Label":"Seed","Category":"","Description":"","Attributes":0,"ValueType":"System.String"},"Value":"1394838880"}]},"Attachments":[],"Outcome":1,"ErrorMessage":null,"ErrorStackTrace":null,"DisplayName":"RemovingTransactionWithPageServiceRemovesFromList","Messages":[],"ComputerName":"DESKTOP-4Q7MK15","Duration":"00:00:00.0029140","StartTime":"2022-12-20T15:16:59.1440281+00:00","EndTime":"2022-12-20T15:16:59.1469419+00:00","Properties":[{"Key":{"Id":"NUnit.Seed","Label":"Seed","Category":"","Description":"","Attributes":0,"ValueType":"System.String"},"Value":"1394838880"}]},{"TestCase":{"Id":"6898e60d-d6be-3da6-2a63-ebcf02e86b55","FullyQualifiedName":"SpendLess.UnitTests.Tests.SearchingForCategoryValueWithPartialInput","DisplayName":"SearchingForCategoryValueWithPartialInput","ExecutorUri":"executor://NUnit3TestExecutor","Source":"D:\\C#\\final\\SpendLess\\UnitTests\\bin\\Debug\\net7.0\\fine-code-coverage\\build-output\\Tests.dll","CodeFilePath":null,"LineNumber":0,"Properties":[{"Key":{"Id":"NUnit.Seed","Label":"Seed","Category":"","Description":"","Attributes":0,"ValueType":"System.String"},"Value":"2085702868"}]},"Attachments":[],"Outcome":1,"ErrorMessage":null,"ErrorStackTrace":null,"DisplayName":"SearchingForCategoryValueWithPartialInput","Messages":[],"ComputerName":"DESKTOP-4Q7MK15","Duration":"00:00:00.0091260","StartTime":"2022-12-20T15:16:59.1469672+00:00","EndTime":"2022-12-20T15:16:59.1560931+00:00","Properties":[{"Key":{"Id":"NUnit.Seed","Label":"Seed","Category":"","Description":"","Attributes":0,"ValueType":"System.String"},"Value":"2085702868"}]},{"TestCase":{"Id":"b76cca78-5e6e-f139-a965-78ad997e86e5","FullyQualifiedName":"SpendLess.UnitTests.Tests.SerialisingObjectReturnsBiteArray","DisplayName":"SerialisingObjectReturnsBiteArray","ExecutorUri":"executor://NUnit3TestExecutor","Source":"D:\\C#\\final\\SpendLess\\UnitTests\\bin\\Debug\\net7.0\\fine-code-coverage\\build-output\\Tests.dll","CodeFilePath":null,"LineNumber":0,"Properties":[{"Key":{"Id":"NUnit.Seed","Label":"Seed","Category":"","Description":"","Attributes":0,"ValueType":"System.String"},"Value":"2104322093"}]},"Attachments":[],"Outcome":1,"ErrorMessage":null,"ErrorStackTrace":null,"DisplayName":"SerialisingObjectReturnsBiteArray","Messages":[],"ComputerName":"DESKTOP-4Q7MK15","Duration":"00:00:00.0025320","StartTime":"2022-12-20T15:16:59.156117+00:00","EndTime":"2022-12-20T15:16:59.1586482+00:00","Properties":[{"Key":{"Id":"NUnit.Seed","Label":"Seed","Category":"","Description":"","Attributes":0,"ValueType":"System.String"},"Value":"2104322093"}]},{"TestCase":{"Id":"31ab8648-48ff-2b60-d857-577700954827","FullyQualifiedName":"SpendLess.UnitTests.Tests.SortsListWhenNewValueIsAdded(True,null,False)","DisplayName":"SortsListWhenNewValueIsAdded(True,null,False)","ExecutorUri":"executor://NUnit3TestExecutor","Source":"D:\\C#\\final\\SpendLess\\UnitTests\\bin\\Debug\\net7.0\\fine-code-coverage\\build-output\\Tests.dll","CodeFilePath":null,"LineNumber":0,"Properties":[{"Key":{"Id":"NUnit.Seed","Label":"Seed","Category":"","Description":"","Attributes":0,"ValueType":"System.String"},"Value":"744347983"}]},"Attachments":[],"Outcome":1,"ErrorMessage":null,"ErrorStackTrace":null,"DisplayName":"SortsListWhenNewValueIsAdded(True,null,False)","Messages":[],"ComputerName":"DESKTOP-4Q7MK15","Duration":"00:00:00.0130550","StartTime":"2022-12-20T15:16:59.1586967+00:00","EndTime":"2022-12-20T15:16:59.1717516+00:00","Properties":[{"Key":{"Id":"NUnit.Seed","Label":"Seed","Category":"","Description":"","Attributes":0,"ValueType":"System.String"},"Value":"744347983"}]},{"TestCase":{"Id":"d99817b3-e26e-f0e4-13a4-e7309c18c586","FullyQualifiedName":"SpendLess.UnitTests.Tests.SortsListWhenNewValueIsAdded(False,\"something\",False)","DisplayName":"SortsListWhenNewValueIsAdded(False,\"something\",False)","ExecutorUri":"executor://NUnit3TestExecutor","Source":"D:\\C#\\final\\SpendLess\\UnitTests\\bin\\Debug\\net7.0\\fine-code-coverage\\build-output\\Tests.dll","CodeFilePath":null,"LineNumber":0,"Properties":[{"Key":{"Id":"NUnit.Seed","Label":"Seed","Category":"","Description":"","Attributes":0,"ValueType":"System.String"},"Value":"1334919437"}]},"Attachments":[],"Outcome":1,"ErrorMessage":null,"ErrorStackTrace":null,"DisplayName":"SortsListWhenNewValueIsAdded(False,\"something\",False)","Messages":[],"ComputerName":"DESKTOP-4Q7MK15","Duration":"00:00:00.0149680","StartTime":"2022-12-20T15:16:59.1717746+00:00","EndTime":"2022-12-20T15:16:59.1867419+00:00","Properties":[{"Key":{"Id":"NUnit.Seed","Label":"Seed","Category":"","Description":"","Attributes":0,"ValueType":"System.String"},"Value":"1334919437"}]},{"TestCase":{"Id":"82a148f0-a71e-adeb-0fcb-02898b8785e9","FullyQualifiedName":"SpendLess.UnitTests.Tests.SuccessfulyCreatingAccountAddsTokenToLocalStorage","DisplayName":"SuccessfulyCreatingAccountAddsTokenToLocalStorage","ExecutorUri":"executor://NUnit3TestExecutor","Source":"D:\\C#\\final\\SpendLess\\UnitTests\\bin\\Debug\\net7.0\\fine-code-coverage\\build-output\\Tests.dll","CodeFilePath":null,"LineNumber":0,"Properties":[{"Key":{"Id":"NUnit.Seed","Label":"Seed","Category":"","Description":"","Attributes":0,"ValueType":"System.String"},"Value":"337130831"}]},"Attachments":[],"Outcome":1,"ErrorMessage":null,"ErrorStackTrace":null,"DisplayName":"SuccessfulyCreatingAccountAddsTokenToLocalStorage","Messages":[],"ComputerName":"DESKTOP-4Q7MK15","Duration":"00:00:00.0050960","StartTime":"2022-12-20T15:16:59.186882+00:00","EndTime":"2022-12-20T15:16:59.1919774+00:00","Properties":[{"Key":{"Id":"NUnit.Seed","Label":"Seed","Category":"","Description":"","Attributes":0,"ValueType":"System.String"},"Value":"337130831"}]},{"TestCase":{"Id":"1a280228-7901-5d7b-a1e0-aa500a57bfdf","FullyQualifiedName":"SpendLess.UnitTests.Tests.SuccessfulyCreatingAccountInDatabaseReturnsTrue","DisplayName":"SuccessfulyCreatingAccountInDatabaseReturnsTrue","ExecutorUri":"executor://NUnit3TestExecutor","Source":"D:\\C#\\final\\SpendLess\\UnitTests\\bin\\Debug\\net7.0\\fine-code-coverage\\build-output\\Tests.dll","CodeFilePath":null,"LineNumber":0,"Properties":[{"Key":{"Id":"NUnit.Seed","Label":"Seed","Category":"","Description":"","Attributes":0,"ValueType":"System.String"},"Value":"227424128"}]},"Attachments":[],"Outcome":1,"ErrorMessage":null,"ErrorStackTrace":null,"DisplayName":"SuccessfulyCreatingAccountInDatabaseReturnsTrue","Messages":[],"ComputerName":"DESKTOP-4Q7MK15","Duration":"00:00:00.0017510","StartTime":"2022-12-20T15:16:59.1919971+00:00","EndTime":"2022-12-20T15:16:59.1937483+00:00","Properties":[{"Key":{"Id":"NUnit.Seed","Label":"Seed","Category":"","Description":"","Attributes":0,"ValueType":"System.String"},"Value":"227424128"}]},{"TestCase":{"Id":"d1990de6-dc57-7384-1476-6dc71ba9c3ed","FullyQualifiedName":"SpendLess.UnitTests.Tests.SuccessfulyCreatingAccountReturnsTrue","DisplayName":"SuccessfulyCreatingAccountReturnsTrue","ExecutorUri":"executor://NUnit3TestExecutor","Source":"D:\\C#\\final\\SpendLess\\UnitTests\\bin\\Debug\\net7.0\\fine-code-coverage\\build-output\\Tests.dll","CodeFilePath":null,"LineNumber":0,"Properties":[{"Key":{"Id":"NUnit.Seed","Label":"Seed","Category":"","Description":"","Attributes":0,"ValueType":"System.String"},"Value":"840765954"}]},"Attachments":[],"Outcome":1,"ErrorMessage":null,"ErrorStackTrace":null,"DisplayName":"SuccessfulyCreatingAccountReturnsTrue","Messages":[],"ComputerName":"DESKTOP-4Q7MK15","Duration":"00:00:00.0014090","StartTime":"2022-12-20T15:16:59.1937628+00:00","EndTime":"2022-12-20T15:16:59.1951717+00:00","Properties":[{"Key":{"Id":"NUnit.Seed","Label":"Seed","Category":"","Description":"","Attributes":0,"ValueType":"System.String"},"Value":"840765954"}]},{"TestCase":{"Id":"299fd3f7-129d-800a-d8b5-88f27c1d8468","FullyQualifiedName":"SpendLess.UnitTests.Tests.TaskMethodsWithExceptionsAreLoggedByInterceptor","DisplayName":"TaskMethodsWithExceptionsAreLoggedByInterceptor","ExecutorUri":"executor://NUnit3TestExecutor","Source":"D:\\C#\\final\\SpendLess\\UnitTests\\bin\\Debug\\net7.0\\fine-code-coverage\\build-output\\Tests.dll","CodeFilePath":null,"LineNumber":0,"Properties":[{"Key":{"Id":"NUnit.Seed","Label":"Seed","Category":"","Description":"","Attributes":0,"ValueType":"System.String"},"Value":"1812004039"}]},"Attachments":[],"Outcome":1,"ErrorMessage":null,"ErrorStackTrace":null,"DisplayName":"TaskMethodsWithExceptionsAreLoggedByInterceptor","Messages":[],"ComputerName":"DESKTOP-4Q7MK15","Duration":"00:00:00.0104630","StartTime":"2022-12-20T15:16:59.1951873+00:00","EndTime":"2022-12-20T15:16:59.2056494+00:00","Properties":[{"Key":{"Id":"NUnit.Seed","Label":"Seed","Category":"","Description":"","Attributes":0,"ValueType":"System.String"},"Value":"1812004039"}]}],"TestRunStatistics":{"ExecutedTests":45,"Stats":{"Passed":45}},"ActiveTests":[{"Id":"d4837aef-ca04-0f6d-9271-e284ed0b00e2","FullyQualifiedName":"SpendLess.UnitTests.Tests.TaskResultMethodsWithExceptionsAreLoggedByInterceptor","DisplayName":"TaskResultMethodsWithExceptionsAreLoggedByInterceptor","ExecutorUri":"executor://NUnit3TestExecutor","Source":"D:\\C#\\final\\SpendLess\\UnitTests\\bin\\Debug\\net7.0\\fine-code-coverage\\build-output\\Tests.dll","CodeFilePath":null,"LineNumber":0,"Properties":[{"Key":{"Id":"NUnit.Seed","Label":"Seed","Category":"","Description":"","Attributes":0,"ValueType":"System.String"},"Value":"1303815203"}]}]}}
TpTrace Verbose: 0 : 20136, 13, 2022/12/20, 17:16:59.208, 24054790287, vstest.console.dll, TestRunRequest:SendTestRunStatsChange: Starting.
TpTrace Verbose: 0 : 20136, 13, 2022/12/20, 17:16:59.208, 24054790843, vstest.console.dll, InProgress is TaskResultMethodsWithExceptionsAreLoggedByInterceptor
TpTrace Verbose: 0 : 20136, 13, 2022/12/20, 17:16:59.208, 24054791258, vstest.console.dll, MulticastDelegateUtilities.SafeInvoke: TestRun.RunStatsChanged: Invoking callbacks was skipped because there are no subscribers.
TpTrace Information: 0 : 20136, 13, 2022/12/20, 17:16:59.208, 24054791487, vstest.console.dll, TestRunRequest:SendTestRunStatsChange: Completed.
TpTrace Verbose: 0 : 20136, 13, 2022/12/20, 17:16:59.208, 24054791723, vstest.console.dll, MulticastDelegateUtilities.SafeInvoke: LengthPrefixCommunicationChannel: MessageReceived: Invoking callback 1/1 for Microsoft.VisualStudio.TestPlatform.CommunicationUtilities.TestRequestSender+<>c__DisplayClass31_0., took 1 ms.
TpTrace Verbose: 0 : 20136, 4, 2022/12/20, 17:16:59.208, 24054791865, vstest.console.dll, MulticastDelegateUtilities.SafeInvoke: InternalTestLoggerEvents.SendTestResult: Invoking callback 1/1 for Microsoft.VisualStudio.TestPlatform.CommandLine.Internal.ConsoleLogger., took 0 ms.
TpTrace Verbose: 0 : 20136, 13, 2022/12/20, 17:16:59.208, 24054791978, vstest.console.dll, TcpClientExtensions.MessageLoopAsync: Polling on remoteEndPoint: 127.0.0.1:63132 localEndPoint: 127.0.0.1:63131
TpTrace Verbose: 0 : 20136, 4, 2022/12/20, 17:16:59.208, 24054792373, vstest.console.dll, MulticastDelegateUtilities.SafeInvoke: InternalTestLoggerEvents.SendTestResult: Invoking callback 1/1 for Microsoft.VisualStudio.TestPlatform.CommandLine.Internal.ConsoleLogger., took 0 ms.
TpTrace Verbose: 0 : 20136, 4, 2022/12/20, 17:16:59.209, 24054792903, vstest.console.dll, MulticastDelegateUtilities.SafeInvoke: InternalTestLoggerEvents.SendTestResult: Invoking callback 1/1 for Microsoft.VisualStudio.TestPlatform.CommandLine.Internal.ConsoleLogger., took 0 ms.
TpTrace Verbose: 0 : 20136, 4, 2022/12/20, 17:16:59.209, 24054793094, vstest.console.dll, MulticastDelegateUtilities.SafeInvoke: InternalTestLoggerEvents.SendTestResult: Invoking callback 1/1 for Microsoft.VisualStudio.TestPlatform.CommandLine.Internal.ConsoleLogger., took 0 ms.
TpTrace Verbose: 0 : 20136, 4, 2022/12/20, 17:16:59.209, 24054793409, vstest.console.dll, MulticastDelegateUtilities.SafeInvoke: InternalTestLoggerEvents.SendTestResult: Invoking callback 1/1 for Microsoft.VisualStudio.TestPlatform.CommandLine.Internal.ConsoleLogger., took 0 ms.
TpTrace Verbose: 0 : 20136, 4, 2022/12/20, 17:16:59.209, 24054793609, vstest.console.dll, MulticastDelegateUtilities.SafeInvoke: InternalTestLoggerEvents.SendTestResult: Invoking callback 1/1 for Microsoft.VisualStudio.TestPlatform.CommandLine.Internal.ConsoleLogger., took 0 ms.
TpTrace Verbose: 0 : 20136, 4, 2022/12/20, 17:16:59.209, 24054793832, vstest.console.dll, MulticastDelegateUtilities.SafeInvoke: InternalTestLoggerEvents.SendTestResult: Invoking callback 1/1 for Microsoft.VisualStudio.TestPlatform.CommandLine.Internal.ConsoleLogger., took 0 ms.
TpTrace Verbose: 0 : 20136, 4, 2022/12/20, 17:16:59.209, 24054794047, vstest.console.dll, MulticastDelegateUtilities.SafeInvoke: InternalTestLoggerEvents.SendTestResult: Invoking callback 1/1 for Microsoft.VisualStudio.TestPlatform.CommandLine.Internal.ConsoleLogger., took 0 ms.
TpTrace Verbose: 0 : 20136, 4, 2022/12/20, 17:16:59.209, 24054794223, vstest.console.dll, MulticastDelegateUtilities.SafeInvoke: InternalTestLoggerEvents.SendTestResult: Invoking callback 1/1 for Microsoft.VisualStudio.TestPlatform.CommandLine.Internal.ConsoleLogger., took 0 ms.
TpTrace Verbose: 0 : 20136, 13, 2022/12/20, 17:16:59.252, 24055229567, vstest.console.dll, TcpClientExtensions.MessageLoopAsync: NotifyDataAvailable remoteEndPoint: 127.0.0.1:63132 localEndPoint: 127.0.0.1:63131
TpTrace Verbose: 0 : 20136, 13, 2022/12/20, 17:16:59.252, 24055230805, vstest.console.dll, TestRequestSender.OnExecutionMessageReceived: Received message: {"Version":7,"MessageType":"TestSession.Message","Payload":{"MessageLevel":0,"Message":"NUnit Adapter 4.2.0.0: Test execution complete"}}
TpTrace Verbose: 0 : 20136, 13, 2022/12/20, 17:16:59.252, 24055232141, vstest.console.dll, TestRunRequest:SendTestRunMessage: Starting.
TpTrace Verbose: 0 : 20136, 13, 2022/12/20, 17:16:59.253, 24055232804, vstest.console.dll, MulticastDelegateUtilities.SafeInvoke: TestRun.LogMessages: Invoking callback 1/1 for Microsoft.VisualStudio.TestPlatform.CommandLine.TestRunResultAggregator., took 0 ms.
TpTrace Information: 0 : 20136, 13, 2022/12/20, 17:16:59.253, 24055233098, vstest.console.dll, TestRunRequest:SendTestRunMessage: Completed.
TpTrace Verbose: 0 : 20136, 4, 2022/12/20, 17:16:59.253, 24055233053, vstest.console.dll, MulticastDelegateUtilities.SafeInvoke: InternalTestLoggerEvents.SendTestRunMessage: Invoking callback 1/1 for Microsoft.VisualStudio.TestPlatform.CommandLine.Internal.ConsoleLogger., took 0 ms.
TpTrace Verbose: 0 : 20136, 13, 2022/12/20, 17:16:59.253, 24055233383, vstest.console.dll, MulticastDelegateUtilities.SafeInvoke: LengthPrefixCommunicationChannel: MessageReceived: Invoking callback 1/1 for Microsoft.VisualStudio.TestPlatform.CommunicationUtilities.TestRequestSender+<>c__DisplayClass31_0., took 0 ms.
TpTrace Verbose: 0 : 20136, 13, 2022/12/20, 17:16:59.253, 24055234163, vstest.console.dll, TcpClientExtensions.MessageLoopAsync: Polling on remoteEndPoint: 127.0.0.1:63132 localEndPoint: 127.0.0.1:63131
TpTrace Verbose: 0 : 20136, 13, 2022/12/20, 17:16:59.267, 24055378361, vstest.console.dll, TcpClientExtensions.MessageLoopAsync: NotifyDataAvailable remoteEndPoint: 127.0.0.1:63132 localEndPoint: 127.0.0.1:63131
TpTrace Verbose: 0 : 20136, 13, 2022/12/20, 17:16:59.267, 24055380149, vstest.console.dll, TestRequestSender.OnExecutionMessageReceived: Received message: {"Version":7,"MessageType":"TestExecution.Completed","Payload":{"TestRunCompleteArgs":{"TestRunStatistics":{"ExecutedTests":50,"Stats":{"Passed":50}},"IsCanceled":false,"IsAborted":false,"Error":null,"AttachmentSets":[],"InvokedDataCollectors":[],"ElapsedTimeInRunningTests":"00:00:00.7016577","Metrics":{},"DiscoveredExtensions":{"TestDiscoverers":["NUnit.VisualStudio.TestAdapter.NUnit3TestDiscoverer, NUnit3.TestAdapter, Version=4.2.0.0, Culture=neutral, PublicKeyToken=4cb40d35494691ac"],"TestExecutors":["executor://NUnit3TestExecutor"],"TestExecutors2":[],"TestSettingsProviders":[]}},"LastRunTests":{"NewTestResults":[{"TestCase":{"Id":"d4837aef-ca04-0f6d-9271-e284ed0b00e2","FullyQualifiedName":"SpendLess.UnitTests.Tests.TaskResultMethodsWithExceptionsAreLoggedByInterceptor","DisplayName":"TaskResultMethodsWithExceptionsAreLoggedByInterceptor","ExecutorUri":"executor://NUnit3TestExecutor","Source":"D:\\C#\\final\\SpendLess\\UnitTests\\bin\\Debug\\net7.0\\fine-code-coverage\\build-output\\Tests.dll","CodeFilePath":null,"LineNumber":0,"Properties":[{"Key":{"Id":"NUnit.Seed","Label":"Seed","Category":"","Description":"","Attributes":0,"ValueType":"System.String"},"Value":"1303815203"}]},"Attachments":[],"Outcome":1,"ErrorMessage":null,"ErrorStackTrace":null,"DisplayName":"TaskResultMethodsWithExceptionsAreLoggedByInterceptor","Messages":[],"ComputerName":"DESKTOP-4Q7MK15","Duration":"00:00:00.0102580","StartTime":"2022-12-20T15:16:59.2056744+00:00","EndTime":"2022-12-20T15:16:59.2159317+00:00","Properties":[{"Key":{"Id":"NUnit.Seed","Label":"Seed","Category":"","Description":"","Attributes":0,"ValueType":"System.String"},"Value":"1303815203"}]},{"TestCase":{"Id":"133df496-a78b-4fcc-2d5b-96e2bb70de50","FullyQualifiedName":"SpendLess.UnitTests.Tests.TooManyRequestsWhenclientStatisticsIsNotNull","DisplayName":"TooManyRequestsWhenclientStatisticsIsNotNull","ExecutorUri":"executor://NUnit3TestExecutor","Source":"D:\\C#\\final\\SpendLess\\UnitTests\\bin\\Debug\\net7.0\\fine-code-coverage\\build-output\\Tests.dll","CodeFilePath":null,"LineNumber":0,"Properties":[{"Key":{"Id":"NUnit.Seed","Label":"Seed","Category":"","Description":"","Attributes":0,"ValueType":"System.String"},"Value":"299143738"}]},"Attachments":[],"Outcome":1,"ErrorMessage":null,"ErrorStackTrace":null,"DisplayName":"TooManyRequestsWhenclientStatisticsIsNotNull","Messages":[],"ComputerName":"DESKTOP-4Q7MK15","Duration":"00:00:00.0048820","StartTime":"2022-12-20T15:16:59.2159646+00:00","EndTime":"2022-12-20T15:16:59.2208464+00:00","Properties":[{"Key":{"Id":"NUnit.Seed","Label":"Seed","Category":"","Description":"","Attributes":0,"ValueType":"System.String"},"Value":"299143738"}]},{"TestCase":{"Id":"7163aa94-77fa-3900-efcd-6274259ad500","FullyQualifiedName":"SpendLess.UnitTests.Tests.ValidatingUserReturnsTrueIfUserWasFoundInDatabase(True)","DisplayName":"ValidatingUserReturnsTrueIfUserWasFoundInDatabase(True)","ExecutorUri":"executor://NUnit3TestExecutor","Source":"D:\\C#\\final\\SpendLess\\UnitTests\\bin\\Debug\\net7.0\\fine-code-coverage\\build-output\\Tests.dll","CodeFilePath":null,"LineNumber":0,"Properties":[{"Key":{"Id":"NUnit.Seed","Label":"Seed","Category":"","Description":"","Attributes":0,"ValueType":"System.String"},"Value":"1477904257"}]},"Attachments":[],"Outcome":1,"ErrorMessage":null,"ErrorStackTrace":null,"DisplayName":"ValidatingUserReturnsTrueIfUserWasFoundInDatabase(True)","Messages":[],"ComputerName":"DESKTOP-4Q7MK15","Duration":"00:00:00.0052570","StartTime":"2022-12-20T15:16:59.2209399+00:00","EndTime":"2022-12-20T15:16:59.2261962+00:00","Properties":[{"Key":{"Id":"NUnit.Seed","Label":"Seed","Category":"","Description":"","Attributes":0,"ValueType":"System.String"},"Value":"1477904257"}]},{"TestCase":{"Id":"1be7c975-d8bd-a077-1ace-923448522602","FullyQualifiedName":"SpendLess.UnitTests.Tests.ValidatingUserReturnsTrueIfUserWasFoundInDatabase(False)","DisplayName":"ValidatingUserReturnsTrueIfUserWasFoundInDatabase(False)","ExecutorUri":"executor://NUnit3TestExecutor","Source":"D:\\C#\\final\\SpendLess\\UnitTests\\bin\\Debug\\net7.0\\fine-code-coverage\\build-output\\Tests.dll","CodeFilePath":null,"LineNumber":0,"Properties":[{"Key":{"Id":"NUnit.Seed","Label":"Seed","Category":"","Description":"","Attributes":0,"ValueType":"System.String"},"Value":"1587657784"}]},"Attachments":[],"Outcome":1,"ErrorMessage":null,"ErrorStackTrace":null,"DisplayName":"ValidatingUserReturnsTrueIfUserWasFoundInDatabase(False)","Messages":[],"ComputerName":"DESKTOP-4Q7MK15","Duration":"00:00:00.0018000","StartTime":"2022-12-20T15:16:59.2262227+00:00","EndTime":"2022-12-20T15:16:59.2280224+00:00","Properties":[{"Key":{"Id":"NUnit.Seed","Label":"Seed","Category":"","Description":"","Attributes":0,"ValueType":"System.String"},"Value":"1587657784"}]},{"TestCase":{"Id":"d4ee817f-e75c-23d5-3931-dda846232675","FullyQualifiedName":"SpendLess.UnitTests.Tests.VoidMethodsWithExceptionsAreLoggedByInterceptor","DisplayName":"VoidMethodsWithExceptionsAreLoggedByInterceptor","ExecutorUri":"executor://NUnit3TestExecutor","Source":"D:\\C#\\final\\SpendLess\\UnitTests\\bin\\Debug\\net7.0\\fine-code-coverage\\build-output\\Tests.dll","CodeFilePath":null,"LineNumber":0,"Properties":[{"Key":{"Id":"NUnit.Seed","Label":"Seed","Category":"","Description":"","Attributes":0,"ValueType":"System.String"},"Value":"1596867488"}]},"Attachments":[],"Outcome":1,"ErrorMessage":null,"ErrorStackTrace":null,"DisplayName":"VoidMethodsWithExceptionsAreLoggedByInterceptor","Messages":[],"ComputerName":"DESKTOP-4Q7MK15","Duration":"00:00:00.0155010","StartTime":"2022-12-20T15:16:59.2280664+00:00","EndTime":"2022-12-20T15:16:59.2435662+00:00","Properties":[{"Key":{"Id":"NUnit.Seed","Label":"Seed","Category":"","Description":"","Attributes":0,"ValueType":"System.String"},"Value":"1596867488"}]}],"TestRunStatistics":{"ExecutedTests":50,"Stats":{"Passed":50}},"ActiveTests":[]},"RunAttachments":[],"ExecutorUris":["executor://nunit3testexecutor/"]}}
TpTrace Verbose: 0 : 20136, 13, 2022/12/20, 17:16:59.267, 24055381112, vstest.console.dll, TestRequestSender.EndSession: Sending end session.
TpTrace Verbose: 0 : 20136, 13, 2022/12/20, 17:16:59.267, 24055382464, vstest.console.dll, ProxyOperationManager.Close: waiting for test host to exit for 100 ms
TpTrace Warning: 0 : 20136, 10, 2022/12/20, 17:16:59.290, 24055607648, vstest.console.dll, TestHostManagerCallbacks.ErrorReceivedCallback Test host standard error line: 
TpTrace Verbose: 0 : 20136, 10, 2022/12/20, 17:16:59.307, 24055778482, vstest.console.dll, TestHostProvider.ExitCallBack: Host exited starting callback.
TpTrace Information: 0 : 20136, 10, 2022/12/20, 17:16:59.307, 24055779902, vstest.console.dll, TestHostManagerCallbacks.ExitCallBack: Testhost processId: 3676 exited with exitcode: 0 error: ''
TpTrace Verbose: 0 : 20136, 10, 2022/12/20, 17:16:59.307, 24055780257, vstest.console.dll, DotnetTestHostManager.OnHostExited: invoking OnHostExited callback
TpTrace Verbose: 0 : 20136, 10, 2022/12/20, 17:16:59.307, 24055780624, vstest.console.dll, CrossPlatEngine.TestHostManagerHostExited: calling on client process exit callback.
TpTrace Information: 0 : 20136, 10, 2022/12/20, 17:16:59.307, 24055780920, vstest.console.dll, TestRequestSender.OnClientProcessExit: Test host process exited. Standard error: 
TpTrace Information: 0 : 20136, 10, 2022/12/20, 17:16:59.307, 24055781114, vstest.console.dll, SocketServer.Stop: Stop server endPoint: 127.0.0.1:63131
TpTrace Information: 0 : 20136, 10, 2022/12/20, 17:16:59.307, 24055781252, vstest.console.dll, SocketServer.Stop: Cancellation requested. Stopping message loop.
TpTrace Information: 0 : 20136, 13, 2022/12/20, 17:16:59.307, 24055781600, vstest.console.dll, SocketServer.Stop: Stop server endPoint: 127.0.0.1:63131
TpTrace Verbose: 0 : 20136, 10, 2022/12/20, 17:16:59.307, 24055781838, vstest.console.dll, MulticastDelegateUtilities.SafeInvoke: HostProviderEvents.OnHostExited: Invoking callback 1/1 for Microsoft.VisualStudio.TestPlatform.CrossPlatEngine.Client.ProxyOperationManager., took 0 ms.
TpTrace Information: 0 : 20136, 13, 2022/12/20, 17:16:59.307, 24055782095, vstest.console.dll, SocketServer.Stop: Cancellation requested. Stopping message loop.
TpTrace Information: 0 : 20136, 13, 2022/12/20, 17:16:59.308, 24055782638, vstest.console.dll, Closing the connection
TpTrace Verbose: 0 : 20136, 13, 2022/12/20, 17:16:59.308, 24055784198, vstest.console.dll, ProxyDataCollectionManager.InvokeDataCollectionServiceAction: Starting.
TpTrace Information: 0 : 20136, 13, 2022/12/20, 17:16:59.308, 24055784459, vstest.console.dll, ProxyDataCollectionManager.AfterTestRunEnd: Get attachment set and invoked data collectors processId: 17604 port: 63128
TpTrace Verbose: 0 : 20136, 13, 2022/12/20, 17:16:59.308, 24055784707, vstest.console.dll, DataCollectionRequestSender.SendAfterTestRunStartAndGetResult: Send AfterTestRunEnd message with isCancelled: False
TpTrace Verbose: 0 : 20136, 13, 2022/12/20, 17:16:59.314, 24055848254, vstest.console.dll, DataCollectionRequestSender.SendAfterTestRunStartAndGetResult: Received message: (DataCollection.AfterTestRunEndResult) -> {"MessageType":"DataCollection.AfterTestRunEndResult","Payload":{"AttachmentSets":[],"InvokedDataCollectors":[{"Uri":"datacollector://Microsoft/TestPlatform/Extensions/Blame/v1","FriendlyName":"Blame","AssemblyQualifiedName":"Microsoft.TestPlatform.Extensions.BlameDataCollector.BlameCollector, Microsoft.TestPlatform.Extensions.BlameDataCollector, Version=15.0.0.0, Culture=neutral, PublicKeyToken=b03f5f7f11d50a3a","FilePath":"C:\\Program Files\\dotnet\\sdk\\7.0.100\\Extensions\\Microsoft.TestPlatform.Extensions.BlameDataCollector.dll","HasAttachmentProcessor":false}],"Metrics":{}}}
TpTrace Information: 0 : 20136, 13, 2022/12/20, 17:16:59.318, 24055885567, vstest.console.dll, ProxyDataCollectionManager.InvokeDataCollectionServiceAction: Completed.
TpTrace Warning: 0 : 20136, 9, 2022/12/20, 17:16:59.328, 24055992443, vstest.console.dll, DataCollectionLauncher.ErrorReceivedCallback datacollector standard error line: 
TpTrace Information: 0 : 20136, 9, 2022/12/20, 17:16:59.335, 24056054251, vstest.console.dll, DataCollectionLauncher.ExitCallBack: Data collector exited with exitcode: 0 error: ''
TpTrace Verbose: 0 : 20136, 13, 2022/12/20, 17:16:59.347, 24056179692, vstest.console.dll, TestRunRequest:SendTestRunStatsChange: Starting.
TpTrace Verbose: 0 : 20136, 13, 2022/12/20, 17:16:59.347, 24056180559, vstest.console.dll, MulticastDelegateUtilities.SafeInvoke: TestRun.RunStatsChanged: Invoking callbacks was skipped because there are no subscribers.
TpTrace Information: 0 : 20136, 13, 2022/12/20, 17:16:59.347, 24056180715, vstest.console.dll, TestRunRequest:SendTestRunStatsChange: Completed.
TpTrace Verbose: 0 : 20136, 4, 2022/12/20, 17:16:59.347, 24056181360, vstest.console.dll, MulticastDelegateUtilities.SafeInvoke: InternalTestLoggerEvents.SendTestResult: Invoking callback 1/1 for Microsoft.VisualStudio.TestPlatform.CommandLine.Internal.ConsoleLogger., took 0 ms.
TpTrace Verbose: 0 : 20136, 4, 2022/12/20, 17:16:59.347, 24056181917, vstest.console.dll, MulticastDelegateUtilities.SafeInvoke: InternalTestLoggerEvents.SendTestResult: Invoking callback 1/1 for Microsoft.VisualStudio.TestPlatform.CommandLine.Internal.ConsoleLogger., took 0 ms.
TpTrace Verbose: 0 : 20136, 4, 2022/12/20, 17:16:59.347, 24056182166, vstest.console.dll, MulticastDelegateUtilities.SafeInvoke: InternalTestLoggerEvents.SendTestResult: Invoking callback 1/1 for Microsoft.VisualStudio.TestPlatform.CommandLine.Internal.ConsoleLogger., took 0 ms.
TpTrace Verbose: 0 : 20136, 4, 2022/12/20, 17:16:59.347, 24056182406, vstest.console.dll, MulticastDelegateUtilities.SafeInvoke: InternalTestLoggerEvents.SendTestResult: Invoking callback 1/1 for Microsoft.VisualStudio.TestPlatform.CommandLine.Internal.ConsoleLogger., took 0 ms.
TpTrace Verbose: 0 : 20136, 4, 2022/12/20, 17:16:59.348, 24056182568, vstest.console.dll, MulticastDelegateUtilities.SafeInvoke: InternalTestLoggerEvents.SendTestResult: Invoking callback 1/1 for Microsoft.VisualStudio.TestPlatform.CommandLine.Internal.ConsoleLogger., took 0 ms.
TpTrace Verbose: 0 : 20136, 13, 2022/12/20, 17:16:59.348, 24056183602, vstest.console.dll, ParallelProxyExecutionManager: HandlePartialRunComplete: Total completed clients = 1, Run complete = True, Run canceled: False.
TpTrace Verbose: 0 : 20136, 4, 2022/12/20, 17:16:59.354, 24056251183, vstest.console.dll, MulticastDelegateUtilities.SafeInvoke: InternalTestLoggerEvents.SendTestRunComplete: Invoking callback 1/2 for Microsoft.TestPlatform.Extensions.BlameDataCollector.BlameLogger., took 0 ms.
TpTrace Verbose: 0 : 20136, 4, 2022/12/20, 17:16:59.358, 24056291867, vstest.console.dll, MulticastDelegateUtilities.SafeInvoke: InternalTestLoggerEvents.SendTestRunComplete: Invoking callback 2/2 for Microsoft.VisualStudio.TestPlatform.CommandLine.Internal.ConsoleLogger., took 4 ms.
TpTrace Verbose: 0 : 20136, 13, 2022/12/20, 17:16:59.359, 24056294072, vstest.console.dll, TestRunRequest:TestRunComplete: Starting. IsAborted:False IsCanceled:False.
TpTrace Verbose: 0 : 20136, 13, 2022/12/20, 17:16:59.360, 24056302858, vstest.console.dll, TestLoggerManager.HandleTestRunComplete: Ignoring as the object is disposed.
TpTrace Verbose: 0 : 20136, 13, 2022/12/20, 17:16:59.360, 24056304498, vstest.console.dll, MulticastDelegateUtilities.SafeInvoke: TestRun.TestRunComplete: Invoking callback 1/2 for Microsoft.VisualStudio.TestPlatform.CommandLine.TestRunResultAggregator., took 0 ms.
TpTrace Verbose: 0 : 20136, 13, 2022/12/20, 17:16:59.360, 24056306030, vstest.console.dll, MulticastDelegateUtilities.SafeInvoke: TestRun.TestRunComplete: Invoking callback 2/2 for Microsoft.VisualStudio.TestPlatform.CommandLine.Processors.RunTestsArgumentExecutor+TestRunRequestEventsRegistrar., took 0 ms.
TpTrace Information: 0 : 20136, 13, 2022/12/20, 17:16:59.360, 24056306658, vstest.console.dll, TestRunRequest:TestRunComplete: Completed.
TpTrace Verbose: 0 : 20136, 13, 2022/12/20, 17:16:59.360, 24056306870, vstest.console.dll, TestRequestSender.SetOperationComplete: Setting operation complete.
TpTrace Information: 0 : 20136, 13, 2022/12/20, 17:16:59.360, 24056307014, vstest.console.dll, SocketServer.Stop: Stop server endPoint: 127.0.0.1:63131
TpTrace Verbose: 0 : 20136, 1, 2022/12/20, 17:16:59.360, 24056307052, vstest.console.dll, TestRunRequest.Dispose: Starting.
TpTrace Information: 0 : 20136, 13, 2022/12/20, 17:16:59.360, 24056307137, vstest.console.dll, SocketServer.Stop: Cancellation requested. Stopping message loop.
TpTrace Information: 0 : 20136, 1, 2022/12/20, 17:16:59.360, 24056307574, vstest.console.dll, TestRunRequest.Dispose: Completed.
TpTrace Verbose: 0 : 20136, 13, 2022/12/20, 17:16:59.360, 24056307885, vstest.console.dll, MulticastDelegateUtilities.SafeInvoke: LengthPrefixCommunicationChannel: MessageReceived: Invoking callback 1/1 for Microsoft.VisualStudio.TestPlatform.CommunicationUtilities.TestRequestSender+<>c__DisplayClass31_0., took 92 ms.
TpTrace Information: 0 : 20136, 1, 2022/12/20, 17:16:59.360, 24056308069, vstest.console.dll, TestRequestManager.RunTests: run tests completed.
TpTrace Information: 0 : 20136, 13, 2022/12/20, 17:16:59.360, 24056308269, vstest.console.dll, SocketServer.PrivateStop: Stopping server endPoint: 127.0.0.1:63131 error: 
TpTrace Information: 0 : 20136, 1, 2022/12/20, 17:16:59.360, 24056308772, vstest.console.dll, RunTestsArgumentProcessor:Execute: Test run is completed.
TpTrace Verbose: 0 : 20136, 1, 2022/12/20, 17:16:59.360, 24056310472, vstest.console.dll, Executor.Execute: Exiting with exit code of 0
TpTrace Verbose: 0 : 20136, 13, 2022/12/20, 17:16:59.360, 24056311290, vstest.console.dll, LengthPrefixCommunicationChannel.Dispose: Dispose reader and writer.
TpTrace Information: 0 : 20136, 13, 2022/12/20, 17:16:59.360, 24056311747, vstest.console.dll, SocketServer.Stop: Raise disconnected event endPoint: 127.0.0.1:63131 error: 
TpTrace Verbose: 0 : 20136, 13, 2022/12/20, 17:16:59.360, 24056312241, vstest.console.dll, TestRequestSender: OnTestRunAbort: Operation is already complete. Skip error message.
TpTrace Verbose: 0 : 20136, 13, 2022/12/20, 17:16:59.360, 24056312478, vstest.console.dll, MulticastDelegateUtilities.SafeInvoke: SocketServer: ClientDisconnected: Invoking callback 1/1 for Microsoft.VisualStudio.TestPlatform.CommunicationUtilities.TestRequestSender., took 0 ms.
TpTrace Verbose: 0 : 20136, 13, 2022/12/20, 17:16:59.361, 24056312615, vstest.console.dll, TcpClientExtensions.MessageLoopAsync: exiting MessageLoopAsync remoteEndPoint: 127.0.0.1:63132 localEndPoint: 127.0.0.1:63131
